[2025-07-04T03:24:27.297+0000] {local_task_job_runner.py:120} INFO - ::group::Pre task execution logs
[2025-07-04T03:24:27.344+0000] {taskinstance.py:2076} INFO - Dependencies all met for dep_context=non-requeueable deps ti=<TaskInstance: products_prices_dag.create_table_t scheduled__2025-07-03T00:00:00+00:00 [queued]>
[2025-07-04T03:24:27.354+0000] {taskinstance.py:2076} INFO - Dependencies all met for dep_context=requeueable deps ti=<TaskInstance: products_prices_dag.create_table_t scheduled__2025-07-03T00:00:00+00:00 [queued]>
[2025-07-04T03:24:27.355+0000] {taskinstance.py:2306} INFO - Starting attempt 2 of 4
[2025-07-04T03:24:27.378+0000] {taskinstance.py:2330} INFO - Executing <Task(MySqlOperator): create_table_t> on 2025-07-03 00:00:00+00:00
[2025-07-04T03:24:27.384+0000] {standard_task_runner.py:63} INFO - Started process 419 to run task
[2025-07-04T03:24:27.389+0000] {standard_task_runner.py:90} INFO - Running: ['***', 'tasks', 'run', 'products_prices_dag', 'create_table_t', 'scheduled__2025-07-03T00:00:00+00:00', '--job-id', '151', '--raw', '--subdir', 'DAGS_FOLDER/products_prices_dag.py', '--cfg-path', '/tmp/tmpljgc_jn0']
[2025-07-04T03:24:27.394+0000] {standard_task_runner.py:91} INFO - Job 151: Subtask create_table_t
[2025-07-04T03:24:27.418+0000] {logging_mixin.py:188} WARNING - /home/***/.local/lib/python3.10/site-packages/***/settings.py:195 DeprecationWarning: The sql_alchemy_conn option in [core] has been moved to the sql_alchemy_conn option in [database] - the old setting has been used, but please update your config.
[2025-07-04T03:24:27.494+0000] {task_command.py:426} INFO - Running <TaskInstance: products_prices_dag.create_table_t scheduled__2025-07-03T00:00:00+00:00 [running]> on host e43ce2a1e7a4
[2025-07-04T03:24:27.813+0000] {taskinstance.py:2648} INFO - Exporting env vars: AIRFLOW_CTX_DAG_OWNER='karthik' AIRFLOW_CTX_DAG_ID='products_prices_dag' AIRFLOW_CTX_TASK_ID='create_table_t' AIRFLOW_CTX_EXECUTION_DATE='2025-07-03T00:00:00+00:00' AIRFLOW_CTX_TRY_NUMBER='2' AIRFLOW_CTX_DAG_RUN_ID='scheduled__2025-07-03T00:00:00+00:00'
[2025-07-04T03:24:27.814+0000] {taskinstance.py:430} INFO - ::endgroup::
[2025-07-04T03:24:27.827+0000] {sql.py:276} INFO - Executing: 
            CREATE TABLE IF NOT EXISTS products_table (
                product_id INT NOT NULL,
                product_name VARCHAR(200) NOT NULL,
                price DECIMAL(10, 2) NOT NULL,
                category VARCHAR(50) NOT NULL,
                description TEXT NOT NULL,
                image_link VARCHAR(200) NOT NULL,
                rating DECIMAL(10, 2) NOT NULL,
                rating_count INT NOT NULL,
                date TIMESTAMP DEFAULT CURRENT_TIMESTAMP,
                PRIMARY KEY (product_id, date)
            );
        
[2025-07-04T03:24:27.838+0000] {base.py:84} INFO - Using connection ID 'mysql_conn' for task execution.
[2025-07-04T03:24:27.848+0000] {base.py:84} INFO - Using connection ID 'mysql_conn' for task execution.
[2025-07-04T03:24:27.885+0000] {sql.py:487} INFO - Running statement: 
            CREATE TABLE IF NOT EXISTS products_table (
                product_id INT NOT NULL,
                product_name VARCHAR(200) NOT NULL,
                price DECIMAL(10, 2) NOT NULL,
                category VARCHAR(50) NOT NULL,
                description TEXT NOT NULL,
                image_link VARCHAR(200) NOT NULL,
                rating DECIMAL(10, 2) NOT NULL,
                rating_count INT NOT NULL,
                date TIMESTAMP DEFAULT CURRENT_TIMESTAMP,
                PRIMARY KEY (product_id, date)
            );
        , parameters: None
[2025-07-04T03:24:27.894+0000] {sql.py:496} INFO - Rows affected: 0
[2025-07-04T03:24:27.898+0000] {taskinstance.py:441} INFO - ::group::Post task execution logs
[2025-07-04T03:24:27.909+0000] {taskinstance.py:1206} INFO - Marking task as SUCCESS. dag_id=products_prices_dag, task_id=create_table_t, run_id=scheduled__2025-07-03T00:00:00+00:00, execution_date=20250703T000000, start_date=20250704T032427, end_date=20250704T032427
[2025-07-04T03:24:27.965+0000] {local_task_job_runner.py:240} INFO - Task exited with return code 0
[2025-07-04T03:24:27.986+0000] {local_task_job_runner.py:222} INFO - ::endgroup::
