[2025-07-04T03:59:46.630+0000] {local_task_job_runner.py:120} INFO - ::group::Pre task execution logs
[2025-07-04T03:59:46.852+0000] {taskinstance.py:2076} INFO - Dependencies all met for dep_context=non-requeueable deps ti=<TaskInstance: products_prices_dag.create_table_t scheduled__2025-07-03T00:00:00+00:00 [queued]>
[2025-07-04T03:59:46.863+0000] {taskinstance.py:2076} INFO - Dependencies all met for dep_context=requeueable deps ti=<TaskInstance: products_prices_dag.create_table_t scheduled__2025-07-03T00:00:00+00:00 [queued]>
[2025-07-04T03:59:46.864+0000] {taskinstance.py:2306} INFO - Starting attempt 4 of 6
[2025-07-04T03:59:46.886+0000] {taskinstance.py:2330} INFO - Executing <Task(MySqlOperator): create_table_t> on 2025-07-03 00:00:00+00:00
[2025-07-04T03:59:46.894+0000] {standard_task_runner.py:63} INFO - Started process 1641 to run task
[2025-07-04T03:59:46.901+0000] {standard_task_runner.py:90} INFO - Running: ['***', 'tasks', 'run', 'products_prices_dag', 'create_table_t', 'scheduled__2025-07-03T00:00:00+00:00', '--job-id', '173', '--raw', '--subdir', 'DAGS_FOLDER/products_prices_dag.py', '--cfg-path', '/tmp/tmpdzoocqmz']
[2025-07-04T03:59:46.905+0000] {standard_task_runner.py:91} INFO - Job 173: Subtask create_table_t
[2025-07-04T03:59:46.933+0000] {logging_mixin.py:188} WARNING - /home/***/.local/lib/python3.10/site-packages/***/settings.py:195 DeprecationWarning: The sql_alchemy_conn option in [core] has been moved to the sql_alchemy_conn option in [database] - the old setting has been used, but please update your config.
[2025-07-04T03:59:47.004+0000] {task_command.py:426} INFO - Running <TaskInstance: products_prices_dag.create_table_t scheduled__2025-07-03T00:00:00+00:00 [running]> on host e43ce2a1e7a4
[2025-07-04T03:59:47.112+0000] {taskinstance.py:2648} INFO - Exporting env vars: AIRFLOW_CTX_DAG_OWNER='karthik' AIRFLOW_CTX_DAG_ID='products_prices_dag' AIRFLOW_CTX_TASK_ID='create_table_t' AIRFLOW_CTX_EXECUTION_DATE='2025-07-03T00:00:00+00:00' AIRFLOW_CTX_TRY_NUMBER='4' AIRFLOW_CTX_DAG_RUN_ID='scheduled__2025-07-03T00:00:00+00:00'
[2025-07-04T03:59:47.114+0000] {taskinstance.py:430} INFO - ::endgroup::
[2025-07-04T03:59:47.129+0000] {sql.py:276} INFO - Executing: 
            CREATE TABLE IF NOT EXISTS products_table (
                product_id INT NOT NULL,
                product_name VARCHAR(200) NOT NULL,
                price DECIMAL(10, 2) NOT NULL,
                category VARCHAR(50) NOT NULL,
                description TEXT NOT NULL,
                image_link VARCHAR(200) NOT NULL,
                rating DECIMAL(10, 2) NOT NULL,
                rating_count INT NOT NULL,
                date TIMESTAMP DEFAULT CURRENT_TIMESTAMP,
                PRIMARY KEY (product_id, date)
            );
        
[2025-07-04T03:59:47.140+0000] {base.py:84} INFO - Using connection ID 'mysql_conn' for task execution.
[2025-07-04T03:59:47.154+0000] {base.py:84} INFO - Using connection ID 'mysql_conn' for task execution.
[2025-07-04T03:59:47.179+0000] {sql.py:487} INFO - Running statement: 
            CREATE TABLE IF NOT EXISTS products_table (
                product_id INT NOT NULL,
                product_name VARCHAR(200) NOT NULL,
                price DECIMAL(10, 2) NOT NULL,
                category VARCHAR(50) NOT NULL,
                description TEXT NOT NULL,
                image_link VARCHAR(200) NOT NULL,
                rating DECIMAL(10, 2) NOT NULL,
                rating_count INT NOT NULL,
                date TIMESTAMP DEFAULT CURRENT_TIMESTAMP,
                PRIMARY KEY (product_id, date)
            );
        , parameters: None
[2025-07-04T03:59:47.185+0000] {sql.py:496} INFO - Rows affected: 0
[2025-07-04T03:59:47.188+0000] {taskinstance.py:441} INFO - ::group::Post task execution logs
[2025-07-04T03:59:47.199+0000] {taskinstance.py:1206} INFO - Marking task as SUCCESS. dag_id=products_prices_dag, task_id=create_table_t, run_id=scheduled__2025-07-03T00:00:00+00:00, execution_date=20250703T000000, start_date=20250704T035946, end_date=20250704T035947
[2025-07-04T03:59:47.233+0000] {local_task_job_runner.py:240} INFO - Task exited with return code 0
[2025-07-04T03:59:47.245+0000] {local_task_job_runner.py:222} INFO - ::endgroup::
