[2025-07-04T04:29:04.558+0000] {local_task_job_runner.py:120} INFO - ::group::Pre task execution logs
[2025-07-04T04:29:04.730+0000] {taskinstance.py:2076} INFO - Dependencies all met for dep_context=non-requeueable deps ti=<TaskInstance: products_prices_dag.create_table_t scheduled__2025-07-03T00:00:00+00:00 [queued]>
[2025-07-04T04:29:04.742+0000] {taskinstance.py:2076} INFO - Dependencies all met for dep_context=requeueable deps ti=<TaskInstance: products_prices_dag.create_table_t scheduled__2025-07-03T00:00:00+00:00 [queued]>
[2025-07-04T04:29:04.744+0000] {taskinstance.py:2306} INFO - Starting attempt 6 of 8
[2025-07-04T04:29:04.815+0000] {taskinstance.py:2330} INFO - Executing <Task(MySqlOperator): create_table_t> on 2025-07-03 00:00:00+00:00
[2025-07-04T04:29:04.827+0000] {standard_task_runner.py:63} INFO - Started process 2658 to run task
[2025-07-04T04:29:04.833+0000] {standard_task_runner.py:90} INFO - Running: ['***', 'tasks', 'run', 'products_prices_dag', 'create_table_t', 'scheduled__2025-07-03T00:00:00+00:00', '--job-id', '195', '--raw', '--subdir', 'DAGS_FOLDER/products_prices_dag.py', '--cfg-path', '/tmp/tmp3y7ze8ej']
[2025-07-04T04:29:04.838+0000] {standard_task_runner.py:91} INFO - Job 195: Subtask create_table_t
[2025-07-04T04:29:04.867+0000] {logging_mixin.py:188} WARNING - /home/***/.local/lib/python3.10/site-packages/***/settings.py:195 DeprecationWarning: The sql_alchemy_conn option in [core] has been moved to the sql_alchemy_conn option in [database] - the old setting has been used, but please update your config.
[2025-07-04T04:29:04.936+0000] {task_command.py:426} INFO - Running <TaskInstance: products_prices_dag.create_table_t scheduled__2025-07-03T00:00:00+00:00 [running]> on host e43ce2a1e7a4
[2025-07-04T04:29:05.040+0000] {taskinstance.py:2648} INFO - Exporting env vars: AIRFLOW_CTX_DAG_OWNER='karthik' AIRFLOW_CTX_DAG_ID='products_prices_dag' AIRFLOW_CTX_TASK_ID='create_table_t' AIRFLOW_CTX_EXECUTION_DATE='2025-07-03T00:00:00+00:00' AIRFLOW_CTX_TRY_NUMBER='6' AIRFLOW_CTX_DAG_RUN_ID='scheduled__2025-07-03T00:00:00+00:00'
[2025-07-04T04:29:05.041+0000] {taskinstance.py:430} INFO - ::endgroup::
[2025-07-04T04:29:05.054+0000] {sql.py:276} INFO - Executing: 
            CREATE TABLE IF NOT EXISTS products_table (
                product_id INT NOT NULL,
                product_name VARCHAR(200) NOT NULL,
                price DECIMAL(10, 2) NOT NULL,
                category VARCHAR(100) NOT NULL,
                description TEXT NOT NULL,
                image_link VARCHAR(200) NOT NULL,
                rating DECIMAL(10, 2) NOT NULL,
                rating_count INT NOT NULL,
                date TIMESTAMP DEFAULT CURRENT_TIMESTAMP,
                PRIMARY KEY (product_id, date)
            );
        
[2025-07-04T04:29:05.063+0000] {base.py:84} INFO - Using connection ID 'mysql_conn' for task execution.
[2025-07-04T04:29:05.074+0000] {base.py:84} INFO - Using connection ID 'mysql_conn' for task execution.
[2025-07-04T04:29:05.099+0000] {sql.py:487} INFO - Running statement: 
            CREATE TABLE IF NOT EXISTS products_table (
                product_id INT NOT NULL,
                product_name VARCHAR(200) NOT NULL,
                price DECIMAL(10, 2) NOT NULL,
                category VARCHAR(100) NOT NULL,
                description TEXT NOT NULL,
                image_link VARCHAR(200) NOT NULL,
                rating DECIMAL(10, 2) NOT NULL,
                rating_count INT NOT NULL,
                date TIMESTAMP DEFAULT CURRENT_TIMESTAMP,
                PRIMARY KEY (product_id, date)
            );
        , parameters: None
[2025-07-04T04:29:05.103+0000] {sql.py:496} INFO - Rows affected: 0
[2025-07-04T04:29:05.106+0000] {taskinstance.py:441} INFO - ::group::Post task execution logs
[2025-07-04T04:29:05.116+0000] {taskinstance.py:1206} INFO - Marking task as SUCCESS. dag_id=products_prices_dag, task_id=create_table_t, run_id=scheduled__2025-07-03T00:00:00+00:00, execution_date=20250703T000000, start_date=20250704T042904, end_date=20250704T042905
[2025-07-04T04:29:05.167+0000] {local_task_job_runner.py:240} INFO - Task exited with return code 0
[2025-07-04T04:29:05.189+0000] {logging_mixin.py:188} WARNING - /home/***/.local/lib/python3.10/site-packages/***/models/baseoperator.py:1297 AirflowProviderDeprecationWarning: Call to deprecated class MySqlOperator. (Please use `***.providers.common.sql.operators.sql.SQLExecuteQueryOperator`.Also, you can provide `hook_params={'schema': <database>}`.)
[2025-07-04T04:29:05.203+0000] {taskinstance.py:3503} INFO - 0 downstream tasks scheduled from follow-on schedule check
[2025-07-04T04:29:05.206+0000] {local_task_job_runner.py:222} INFO - ::endgroup::
