[2025-06-30T05:33:19.006+0000] {local_task_job_runner.py:120} INFO - ::group::Pre task execution logs
[2025-06-30T05:33:19.276+0000] {taskinstance.py:2076} INFO - Dependencies all met for dep_context=non-requeueable deps ti=<TaskInstance: mysql_dag.scrape_books manual__2025-06-30T05:33:17.359492+00:00 [queued]>
[2025-06-30T05:33:19.286+0000] {taskinstance.py:2076} INFO - Dependencies all met for dep_context=requeueable deps ti=<TaskInstance: mysql_dag.scrape_books manual__2025-06-30T05:33:17.359492+00:00 [queued]>
[2025-06-30T05:33:19.287+0000] {taskinstance.py:2306} INFO - Starting attempt 1 of 2
[2025-06-30T05:33:19.340+0000] {taskinstance.py:2330} INFO - Executing <Task(PythonOperator): scrape_books> on 2025-06-30 05:33:17.359492+00:00
[2025-06-30T05:33:19.353+0000] {standard_task_runner.py:63} INFO - Started process 737 to run task
[2025-06-30T05:33:19.361+0000] {standard_task_runner.py:90} INFO - Running: ['***', 'tasks', 'run', 'mysql_dag', 'scrape_books', 'manual__2025-06-30T05:33:17.359492+00:00', '--job-id', '50', '--raw', '--subdir', 'DAGS_FOLDER/mysql.py', '--cfg-path', '/tmp/tmpduuuhobh']
[2025-06-30T05:33:19.366+0000] {standard_task_runner.py:91} INFO - Job 50: Subtask scrape_books
[2025-06-30T05:33:19.396+0000] {logging_mixin.py:188} WARNING - /home/***/.local/lib/python3.10/site-packages/***/settings.py:195 DeprecationWarning: The sql_alchemy_conn option in [core] has been moved to the sql_alchemy_conn option in [database] - the old setting has been used, but please update your config.
[2025-06-30T05:33:19.501+0000] {task_command.py:426} INFO - Running <TaskInstance: mysql_dag.scrape_books manual__2025-06-30T05:33:17.359492+00:00 [running]> on host 76cdd04f4df6
[2025-06-30T05:33:19.673+0000] {taskinstance.py:2648} INFO - Exporting env vars: AIRFLOW_CTX_DAG_OWNER='Karthik' AIRFLOW_CTX_DAG_ID='mysql_dag' AIRFLOW_CTX_TASK_ID='scrape_books' AIRFLOW_CTX_EXECUTION_DATE='2025-06-30T05:33:17.359492+00:00' AIRFLOW_CTX_TRY_NUMBER='1' AIRFLOW_CTX_DAG_RUN_ID='manual__2025-06-30T05:33:17.359492+00:00'
[2025-06-30T05:33:19.676+0000] {taskinstance.py:430} INFO - ::endgroup::
[2025-06-30T05:33:21.299+0000] {logging_mixin.py:188} INFO - CODE ::  200
[2025-06-30T05:33:21.348+0000] {logging_mixin.py:188} INFO - category ::  Mystery
[2025-06-30T05:33:21.350+0000] {logging_mixin.py:188} INFO - cat_pg_link ::  https://books.toscrape.com/catalogue/category/books/mystery_3/index.html
[2025-06-30T05:33:21.648+0000] {logging_mixin.py:188} INFO - CODE ::  200
[2025-06-30T05:33:21.686+0000] {logging_mixin.py:188} INFO - blocks ::  20
[2025-06-30T05:33:21.955+0000] {logging_mixin.py:188} INFO - CODE ::  200
[2025-06-30T05:33:22.254+0000] {logging_mixin.py:188} INFO - CODE ::  200
[2025-06-30T05:33:22.564+0000] {logging_mixin.py:188} INFO - CODE ::  200
[2025-06-30T05:33:22.880+0000] {logging_mixin.py:188} INFO - CODE ::  200
[2025-06-30T05:33:23.279+0000] {logging_mixin.py:188} INFO - CODE ::  200
[2025-06-30T05:33:23.585+0000] {logging_mixin.py:188} INFO - CODE ::  200
[2025-06-30T05:33:23.892+0000] {logging_mixin.py:188} INFO - CODE ::  200
[2025-06-30T05:33:24.205+0000] {logging_mixin.py:188} INFO - CODE ::  200
[2025-06-30T05:33:24.510+0000] {logging_mixin.py:188} INFO - CODE ::  200
[2025-06-30T05:33:24.917+0000] {logging_mixin.py:188} INFO - CODE ::  200
[2025-06-30T05:33:25.329+0000] {logging_mixin.py:188} INFO - CODE ::  200
[2025-06-30T05:33:25.630+0000] {logging_mixin.py:188} INFO - CODE ::  200
[2025-06-30T05:33:25.944+0000] {logging_mixin.py:188} INFO - CODE ::  200
[2025-06-30T05:33:26.351+0000] {logging_mixin.py:188} INFO - CODE ::  200
[2025-06-30T05:33:26.762+0000] {logging_mixin.py:188} INFO - CODE ::  200
[2025-06-30T05:33:27.099+0000] {logging_mixin.py:188} INFO - CODE ::  200
[2025-06-30T05:33:27.383+0000] {logging_mixin.py:188} INFO - CODE ::  200
[2025-06-30T05:33:27.782+0000] {logging_mixin.py:188} INFO - CODE ::  200
[2025-06-30T05:33:28.184+0000] {logging_mixin.py:188} INFO - CODE ::  200
[2025-06-30T05:33:28.603+0000] {logging_mixin.py:188} INFO - CODE ::  200
[2025-06-30T05:33:28.626+0000] {logging_mixin.py:188} INFO - cat_pg_link ::  https://books.toscrape.com/catalogue/category/books/mystery_3/page-2.html
[2025-06-30T05:33:28.939+0000] {logging_mixin.py:188} INFO - CODE ::  200
[2025-06-30T05:33:28.959+0000] {logging_mixin.py:188} INFO - blocks ::  12
[2025-06-30T05:33:29.268+0000] {logging_mixin.py:188} INFO - CODE ::  200
[2025-06-30T05:33:29.624+0000] {logging_mixin.py:188} INFO - CODE ::  200
[2025-06-30T05:33:30.032+0000] {logging_mixin.py:188} INFO - CODE ::  200
[2025-06-30T05:33:30.446+0000] {logging_mixin.py:188} INFO - CODE ::  200
[2025-06-30T05:33:30.782+0000] {logging_mixin.py:188} INFO - CODE ::  200
[2025-06-30T05:33:31.110+0000] {logging_mixin.py:188} INFO - CODE ::  200
[2025-06-30T05:33:31.404+0000] {logging_mixin.py:188} INFO - CODE ::  200
[2025-06-30T05:33:31.693+0000] {logging_mixin.py:188} INFO - CODE ::  200
[2025-06-30T05:33:31.982+0000] {logging_mixin.py:188} INFO - CODE ::  200
[2025-06-30T05:33:32.292+0000] {logging_mixin.py:188} INFO - CODE ::  200
[2025-06-30T05:33:32.581+0000] {logging_mixin.py:188} INFO - CODE ::  200
[2025-06-30T05:33:32.885+0000] {logging_mixin.py:188} INFO - CODE ::  200
[2025-06-30T05:33:32.913+0000] {logging_mixin.py:188} INFO - category ::  Philosophy
[2025-06-30T05:33:32.915+0000] {logging_mixin.py:188} INFO - cat_pg_link ::  https://books.toscrape.com/catalogue/category/books/philosophy_7/index.html
[2025-06-30T05:33:33.192+0000] {logging_mixin.py:188} INFO - CODE ::  200
[2025-06-30T05:33:33.221+0000] {logging_mixin.py:188} INFO - blocks ::  11
[2025-06-30T05:33:33.495+0000] {logging_mixin.py:188} INFO - CODE ::  200
[2025-06-30T05:33:33.785+0000] {logging_mixin.py:188} INFO - CODE ::  200
[2025-06-30T05:33:34.077+0000] {logging_mixin.py:188} INFO - CODE ::  200
[2025-06-30T05:33:34.443+0000] {logging_mixin.py:188} INFO - CODE ::  200
[2025-06-30T05:33:34.747+0000] {logging_mixin.py:188} INFO - CODE ::  200
[2025-06-30T05:33:35.033+0000] {logging_mixin.py:188} INFO - CODE ::  200
[2025-06-30T05:33:35.314+0000] {logging_mixin.py:188} INFO - CODE ::  200
[2025-06-30T05:33:35.596+0000] {logging_mixin.py:188} INFO - CODE ::  200
[2025-06-30T05:33:35.876+0000] {logging_mixin.py:188} INFO - CODE ::  200
[2025-06-30T05:33:36.251+0000] {logging_mixin.py:188} INFO - CODE ::  200
[2025-06-30T05:33:36.532+0000] {logging_mixin.py:188} INFO - CODE ::  200
[2025-06-30T05:33:36.552+0000] {logging_mixin.py:188} INFO - category ::  Fantasy
[2025-06-30T05:33:36.554+0000] {logging_mixin.py:188} INFO - cat_pg_link ::  https://books.toscrape.com/catalogue/category/books/fantasy_19/index.html
[2025-06-30T05:33:36.914+0000] {logging_mixin.py:188} INFO - CODE ::  200
[2025-06-30T05:33:36.949+0000] {logging_mixin.py:188} INFO - blocks ::  20
[2025-06-30T05:33:37.286+0000] {logging_mixin.py:188} INFO - CODE ::  200
[2025-06-30T05:33:37.660+0000] {logging_mixin.py:188} INFO - CODE ::  200
[2025-06-30T05:33:37.925+0000] {logging_mixin.py:188} INFO - CODE ::  200
[2025-06-30T05:33:38.222+0000] {logging_mixin.py:188} INFO - CODE ::  200
[2025-06-30T05:33:38.504+0000] {logging_mixin.py:188} INFO - CODE ::  200
[2025-06-30T05:33:38.785+0000] {logging_mixin.py:188} INFO - CODE ::  200
[2025-06-30T05:33:39.062+0000] {logging_mixin.py:188} INFO - CODE ::  200
[2025-06-30T05:33:39.348+0000] {logging_mixin.py:188} INFO - CODE ::  200
[2025-06-30T05:33:39.722+0000] {logging_mixin.py:188} INFO - CODE ::  200
[2025-06-30T05:33:39.993+0000] {logging_mixin.py:188} INFO - CODE ::  200
[2025-06-30T05:33:40.286+0000] {logging_mixin.py:188} INFO - CODE ::  200
[2025-06-30T05:33:40.568+0000] {logging_mixin.py:188} INFO - CODE ::  200
[2025-06-30T05:33:40.840+0000] {logging_mixin.py:188} INFO - CODE ::  200
[2025-06-30T05:33:41.105+0000] {logging_mixin.py:188} INFO - CODE ::  200
[2025-06-30T05:33:41.382+0000] {logging_mixin.py:188} INFO - CODE ::  200
[2025-06-30T05:33:41.650+0000] {logging_mixin.py:188} INFO - CODE ::  200
[2025-06-30T05:33:41.923+0000] {logging_mixin.py:188} INFO - CODE ::  200
[2025-06-30T05:33:42.255+0000] {logging_mixin.py:188} INFO - CODE ::  200
[2025-06-30T05:33:42.548+0000] {logging_mixin.py:188} INFO - CODE ::  200
[2025-06-30T05:33:42.917+0000] {logging_mixin.py:188} INFO - CODE ::  200
[2025-06-30T05:33:42.939+0000] {logging_mixin.py:188} INFO - cat_pg_link ::  https://books.toscrape.com/catalogue/category/books/fantasy_19/page-2.html
[2025-06-30T05:33:43.298+0000] {logging_mixin.py:188} INFO - CODE ::  200
[2025-06-30T05:33:43.336+0000] {logging_mixin.py:188} INFO - blocks ::  20
[2025-06-30T05:33:43.667+0000] {logging_mixin.py:188} INFO - CODE ::  200
[2025-06-30T05:33:44.037+0000] {logging_mixin.py:188} INFO - CODE ::  200
[2025-06-30T05:33:44.298+0000] {logging_mixin.py:188} INFO - CODE ::  200
[2025-06-30T05:33:44.608+0000] {logging_mixin.py:188} INFO - CODE ::  200
[2025-06-30T05:33:44.981+0000] {logging_mixin.py:188} INFO - CODE ::  200
[2025-06-30T05:33:45.355+0000] {logging_mixin.py:188} INFO - CODE ::  200
[2025-06-30T05:33:45.635+0000] {logging_mixin.py:188} INFO - CODE ::  200
[2025-06-30T05:33:45.921+0000] {logging_mixin.py:188} INFO - CODE ::  200
[2025-06-30T05:33:47.295+0000] {logging_mixin.py:188} INFO - CODE ::  200
[2025-06-30T05:33:47.600+0000] {logging_mixin.py:188} INFO - CODE ::  200
[2025-06-30T05:33:47.909+0000] {logging_mixin.py:188} INFO - CODE ::  200
[2025-06-30T05:33:48.217+0000] {logging_mixin.py:188} INFO - CODE ::  200
[2025-06-30T05:33:48.524+0000] {logging_mixin.py:188} INFO - CODE ::  200
[2025-06-30T05:33:48.831+0000] {logging_mixin.py:188} INFO - CODE ::  200
[2025-06-30T05:33:49.127+0000] {logging_mixin.py:188} INFO - CODE ::  200
[2025-06-30T05:33:49.419+0000] {logging_mixin.py:188} INFO - CODE ::  200
[2025-06-30T05:33:49.754+0000] {logging_mixin.py:188} INFO - CODE ::  200
[2025-06-30T05:33:50.058+0000] {logging_mixin.py:188} INFO - CODE ::  200
[2025-06-30T05:33:50.345+0000] {logging_mixin.py:188} INFO - CODE ::  200
[2025-06-30T05:33:50.639+0000] {logging_mixin.py:188} INFO - CODE ::  200
[2025-06-30T05:33:50.653+0000] {logging_mixin.py:188} INFO - cat_pg_link ::  https://books.toscrape.com/catalogue/category/books/fantasy_19/page-3.html
[2025-06-30T05:33:50.925+0000] {logging_mixin.py:188} INFO - CODE ::  200
[2025-06-30T05:33:50.953+0000] {logging_mixin.py:188} INFO - blocks ::  8
[2025-06-30T05:33:51.287+0000] {logging_mixin.py:188} INFO - CODE ::  200
[2025-06-30T05:33:51.593+0000] {logging_mixin.py:188} INFO - CODE ::  200
[2025-06-30T05:33:51.890+0000] {logging_mixin.py:188} INFO - CODE ::  200
[2025-06-30T05:33:52.413+0000] {logging_mixin.py:188} INFO - CODE ::  200
[2025-06-30T05:33:52.705+0000] {logging_mixin.py:188} INFO - CODE ::  200
[2025-06-30T05:33:53.032+0000] {logging_mixin.py:188} INFO - CODE ::  200
[2025-06-30T05:33:53.441+0000] {logging_mixin.py:188} INFO - CODE ::  200
[2025-06-30T05:33:53.736+0000] {logging_mixin.py:188} INFO - CODE ::  200
[2025-06-30T05:33:53.755+0000] {logging_mixin.py:188} INFO - category ::  Poetry
[2025-06-30T05:33:53.756+0000] {logging_mixin.py:188} INFO - cat_pg_link ::  https://books.toscrape.com/catalogue/category/books/poetry_23/index.html
[2025-06-30T05:33:54.061+0000] {logging_mixin.py:188} INFO - CODE ::  200
[2025-06-30T05:33:54.095+0000] {logging_mixin.py:188} INFO - blocks ::  19
[2025-06-30T05:33:54.367+0000] {logging_mixin.py:188} INFO - CODE ::  200
[2025-06-30T05:33:54.651+0000] {logging_mixin.py:188} INFO - CODE ::  200
[2025-06-30T05:33:54.935+0000] {logging_mixin.py:188} INFO - CODE ::  200
[2025-06-30T05:33:55.224+0000] {logging_mixin.py:188} INFO - CODE ::  200
[2025-06-30T05:33:55.587+0000] {logging_mixin.py:188} INFO - CODE ::  200
[2025-06-30T05:33:55.892+0000] {logging_mixin.py:188} INFO - CODE ::  200
[2025-06-30T05:33:56.174+0000] {logging_mixin.py:188} INFO - CODE ::  200
[2025-06-30T05:33:56.510+0000] {logging_mixin.py:188} INFO - CODE ::  200
[2025-06-30T05:33:56.817+0000] {logging_mixin.py:188} INFO - CODE ::  200
[2025-06-30T05:33:57.123+0000] {logging_mixin.py:188} INFO - CODE ::  200
[2025-06-30T05:33:57.431+0000] {logging_mixin.py:188} INFO - CODE ::  200
[2025-06-30T05:33:57.717+0000] {logging_mixin.py:188} INFO - CODE ::  200
[2025-06-30T05:33:57.997+0000] {logging_mixin.py:188} INFO - CODE ::  200
[2025-06-30T05:33:58.285+0000] {logging_mixin.py:188} INFO - CODE ::  200
[2025-06-30T05:33:58.576+0000] {logging_mixin.py:188} INFO - CODE ::  200
[2025-06-30T05:33:58.865+0000] {logging_mixin.py:188} INFO - CODE ::  200
[2025-06-30T05:33:59.171+0000] {logging_mixin.py:188} INFO - CODE ::  200
[2025-06-30T05:33:59.478+0000] {logging_mixin.py:188} INFO - CODE ::  200
[2025-06-30T05:33:59.768+0000] {logging_mixin.py:188} INFO - CODE ::  200
[2025-06-30T05:33:59.785+0000] {logging_mixin.py:188} INFO - category ::  Psychology
[2025-06-30T05:33:59.787+0000] {logging_mixin.py:188} INFO - cat_pg_link ::  https://books.toscrape.com/catalogue/category/books/psychology_26/index.html
[2025-06-30T05:34:00.093+0000] {logging_mixin.py:188} INFO - CODE ::  200
[2025-06-30T05:34:00.110+0000] {logging_mixin.py:188} INFO - blocks ::  7
[2025-06-30T05:34:00.378+0000] {logging_mixin.py:188} INFO - CODE ::  200
[2025-06-30T05:34:00.706+0000] {logging_mixin.py:188} INFO - CODE ::  200
[2025-06-30T05:34:00.997+0000] {logging_mixin.py:188} INFO - CODE ::  200
[2025-06-30T05:34:01.287+0000] {logging_mixin.py:188} INFO - CODE ::  200
[2025-06-30T05:34:01.635+0000] {logging_mixin.py:188} INFO - CODE ::  200
[2025-06-30T05:34:02.042+0000] {logging_mixin.py:188} INFO - CODE ::  200
[2025-06-30T05:34:02.452+0000] {logging_mixin.py:188} INFO - CODE ::  200
[2025-06-30T05:34:02.475+0000] {logging_mixin.py:188} INFO - category ::  Autobiography
[2025-06-30T05:34:02.476+0000] {logging_mixin.py:188} INFO - cat_pg_link ::  https://books.toscrape.com/catalogue/category/books/autobiography_27/index.html
[2025-06-30T05:34:02.764+0000] {logging_mixin.py:188} INFO - CODE ::  200
[2025-06-30T05:34:02.797+0000] {logging_mixin.py:188} INFO - blocks ::  9
[2025-06-30T05:34:03.167+0000] {logging_mixin.py:188} INFO - CODE ::  200
[2025-06-30T05:34:03.475+0000] {logging_mixin.py:188} INFO - CODE ::  200
[2025-06-30T05:34:03.778+0000] {logging_mixin.py:188} INFO - CODE ::  200
[2025-06-30T05:34:04.094+0000] {logging_mixin.py:188} INFO - CODE ::  200
[2025-06-30T05:34:04.387+0000] {logging_mixin.py:188} INFO - CODE ::  200
[2025-06-30T05:34:04.683+0000] {logging_mixin.py:188} INFO - CODE ::  200
[2025-06-30T05:34:05.012+0000] {logging_mixin.py:188} INFO - CODE ::  200
[2025-06-30T05:34:05.318+0000] {logging_mixin.py:188} INFO - CODE ::  200
[2025-06-30T05:34:05.729+0000] {logging_mixin.py:188} INFO - CODE ::  200
[2025-06-30T05:34:05.754+0000] {logging_mixin.py:188} INFO - category ::  History
[2025-06-30T05:34:05.755+0000] {logging_mixin.py:188} INFO - cat_pg_link ::  https://books.toscrape.com/catalogue/category/books/history_32/index.html
[2025-06-30T05:34:06.143+0000] {logging_mixin.py:188} INFO - CODE ::  200
[2025-06-30T05:34:06.186+0000] {logging_mixin.py:188} INFO - blocks ::  18
[2025-06-30T05:34:06.549+0000] {logging_mixin.py:188} INFO - CODE ::  200
[2025-06-30T05:34:06.855+0000] {logging_mixin.py:188} INFO - CODE ::  200
[2025-06-30T05:34:07.264+0000] {logging_mixin.py:188} INFO - CODE ::  200
[2025-06-30T05:34:07.557+0000] {logging_mixin.py:188} INFO - CODE ::  200
[2025-06-30T05:34:07.869+0000] {logging_mixin.py:188} INFO - CODE ::  200
[2025-06-30T05:34:08.129+0000] {logging_mixin.py:188} INFO - CODE ::  200
[2025-06-30T05:34:08.432+0000] {logging_mixin.py:188} INFO - CODE ::  200
[2025-06-30T05:34:08.746+0000] {logging_mixin.py:188} INFO - CODE ::  200
[2025-06-30T05:34:09.092+0000] {logging_mixin.py:188} INFO - CODE ::  200
[2025-06-30T05:34:09.371+0000] {logging_mixin.py:188} INFO - CODE ::  200
[2025-06-30T05:34:09.651+0000] {logging_mixin.py:188} INFO - CODE ::  200
[2025-06-30T05:34:09.935+0000] {logging_mixin.py:188} INFO - CODE ::  200
[2025-06-30T05:34:10.221+0000] {logging_mixin.py:188} INFO - CODE ::  200
[2025-06-30T05:34:10.503+0000] {logging_mixin.py:188} INFO - CODE ::  200
[2025-06-30T05:34:10.782+0000] {logging_mixin.py:188} INFO - CODE ::  200
[2025-06-30T05:34:11.065+0000] {logging_mixin.py:188} INFO - CODE ::  200
[2025-06-30T05:34:11.333+0000] {logging_mixin.py:188} INFO - CODE ::  200
[2025-06-30T05:34:11.623+0000] {logging_mixin.py:188} INFO - CODE ::  200
[2025-06-30T05:34:11.647+0000] {logging_mixin.py:188} INFO - category ::  Biography
[2025-06-30T05:34:11.648+0000] {logging_mixin.py:188} INFO - cat_pg_link ::  https://books.toscrape.com/catalogue/category/books/biography_36/index.html
[2025-06-30T05:34:12.004+0000] {logging_mixin.py:188} INFO - CODE ::  200
[2025-06-30T05:34:12.024+0000] {logging_mixin.py:188} INFO - blocks ::  5
[2025-06-30T05:34:12.374+0000] {logging_mixin.py:188} INFO - CODE ::  200
[2025-06-30T05:34:12.661+0000] {logging_mixin.py:188} INFO - CODE ::  200
[2025-06-30T05:34:13.036+0000] {logging_mixin.py:188} INFO - CODE ::  200
[2025-06-30T05:34:13.410+0000] {logging_mixin.py:188} INFO - CODE ::  200
[2025-06-30T05:34:13.692+0000] {logging_mixin.py:188} INFO - CODE ::  200
[2025-06-30T05:34:13.713+0000] {logging_mixin.py:188} INFO - category ::  Contemporary
[2025-06-30T05:34:13.714+0000] {logging_mixin.py:188} INFO - cat_pg_link ::  https://books.toscrape.com/catalogue/category/books/contemporary_38/index.html
[2025-06-30T05:34:14.068+0000] {logging_mixin.py:188} INFO - CODE ::  200
[2025-06-30T05:34:14.092+0000] {logging_mixin.py:188} INFO - blocks ::  3
[2025-06-30T05:34:14.442+0000] {logging_mixin.py:188} INFO - CODE ::  200
[2025-06-30T05:34:14.722+0000] {logging_mixin.py:188} INFO - CODE ::  200
[2025-06-30T05:34:15.009+0000] {logging_mixin.py:188} INFO - CODE ::  200
[2025-06-30T05:34:15.030+0000] {logging_mixin.py:188} INFO - category ::  Spirituality
[2025-06-30T05:34:15.031+0000] {logging_mixin.py:188} INFO - cat_pg_link ::  https://books.toscrape.com/catalogue/category/books/spirituality_39/index.html
[2025-06-30T05:34:15.383+0000] {logging_mixin.py:188} INFO - CODE ::  200
[2025-06-30T05:34:15.407+0000] {logging_mixin.py:188} INFO - blocks ::  6
[2025-06-30T05:34:15.761+0000] {logging_mixin.py:188} INFO - CODE ::  200
[2025-06-30T05:34:16.129+0000] {logging_mixin.py:188} INFO - CODE ::  200
[2025-06-30T05:34:16.416+0000] {logging_mixin.py:188} INFO - CODE ::  200
[2025-06-30T05:34:16.695+0000] {logging_mixin.py:188} INFO - CODE ::  200
[2025-06-30T05:33:30.047+0000] {logging_mixin.py:188} INFO - CODE ::  200
[2025-06-30T05:34:18.128+0000] {logging_mixin.py:188} INFO - CODE ::  200
[2025-06-30T05:34:18.208+0000] {logging_mixin.py:188} INFO - title                  object
price                 float64
availability           object
availability_count      int64
star_rating           float64
description            object
upc                    object
product_type           object
number_of_reviews       int64
image_url              object
book_link              object
category_name          object
dtype: object
[2025-06-30T05:34:18.251+0000] {python.py:237} INFO - Done. Returned value was: None
[2025-06-30T05:34:18.257+0000] {taskinstance.py:441} INFO - ::group::Post task execution logs
[2025-06-30T05:34:18.305+0000] {taskinstance.py:1206} INFO - Marking task as SUCCESS. dag_id=mysql_dag, task_id=scrape_books, run_id=manual__2025-06-30T05:33:17.359492+00:00, execution_date=20250630T053317, start_date=20250630T053319, end_date=20250630T053418
[2025-06-30T05:34:18.343+0000] {local_task_job_runner.py:240} INFO - Task exited with return code 0
[2025-06-30T05:34:18.358+0000] {logging_mixin.py:188} WARNING - /home/***/.local/lib/python3.10/site-packages/***/models/baseoperator.py:1297 AirflowProviderDeprecationWarning: Call to deprecated class MySqlOperator. (Please use `***.providers.common.sql.operators.sql.SQLExecuteQueryOperator`.Also, you can provide `hook_params={'schema': <database>}`.)
[2025-06-30T05:34:18.382+0000] {taskinstance.py:3503} INFO - 1 downstream tasks scheduled from follow-on schedule check
[2025-06-30T05:34:18.387+0000] {local_task_job_runner.py:222} INFO - ::endgroup::
