[2025-07-04T05:33:10.583+0000] {local_task_job_runner.py:120} INFO - ::group::Pre task execution logs
[2025-07-04T05:33:10.617+0000] {taskinstance.py:2076} INFO - Dependencies all met for dep_context=non-requeueable deps ti=<TaskInstance: products_prices_dag.start_dag scheduled__2025-07-03T00:00:00+00:00 [queued]>
[2025-07-04T05:33:10.628+0000] {taskinstance.py:2076} INFO - Dependencies all met for dep_context=requeueable deps ti=<TaskInstance: products_prices_dag.start_dag scheduled__2025-07-03T00:00:00+00:00 [queued]>
[2025-07-04T05:33:10.629+0000] {taskinstance.py:2306} INFO - Starting attempt 1 of 3
[2025-07-04T05:33:10.648+0000] {taskinstance.py:2330} INFO - Executing <Task(EmptyOperator): start_dag> on 2025-07-03 00:00:00+00:00
[2025-07-04T05:33:10.654+0000] {standard_task_runner.py:63} INFO - Started process 4699 to run task
[2025-07-04T05:33:10.659+0000] {standard_task_runner.py:90} INFO - Running: ['***', 'tasks', 'run', 'products_prices_dag', 'start_dag', 'scheduled__2025-07-03T00:00:00+00:00', '--job-id', '209', '--raw', '--subdir', 'DAGS_FOLDER/products_prices_dag.py', '--cfg-path', '/tmp/tmp2657mwzk']
[2025-07-04T05:33:10.665+0000] {standard_task_runner.py:91} INFO - Job 209: Subtask start_dag
[2025-07-04T05:33:10.714+0000] {logging_mixin.py:188} WARNING - /home/***/.local/lib/python3.10/site-packages/***/settings.py:195 DeprecationWarning: The sql_alchemy_conn option in [core] has been moved to the sql_alchemy_conn option in [database] - the old setting has been used, but please update your config.
[2025-07-04T05:33:10.786+0000] {task_command.py:426} INFO - Running <TaskInstance: products_prices_dag.start_dag scheduled__2025-07-03T00:00:00+00:00 [running]> on host e43ce2a1e7a4
[2025-07-04T05:33:10.940+0000] {taskinstance.py:2648} INFO - Exporting env vars: AIRFLOW_CTX_DAG_OWNER='karthik' AIRFLOW_CTX_DAG_ID='products_prices_dag' AIRFLOW_CTX_TASK_ID='start_dag' AIRFLOW_CTX_EXECUTION_DATE='2025-07-03T00:00:00+00:00' AIRFLOW_CTX_TRY_NUMBER='1' AIRFLOW_CTX_DAG_RUN_ID='scheduled__2025-07-03T00:00:00+00:00'
[2025-07-04T05:33:10.943+0000] {taskinstance.py:430} INFO - ::endgroup::
[2025-07-04T05:33:10.966+0000] {taskinstance.py:441} INFO - ::group::Post task execution logs
[2025-07-04T05:33:10.981+0000] {taskinstance.py:1206} INFO - Marking task as SUCCESS. dag_id=products_prices_dag, task_id=start_dag, run_id=scheduled__2025-07-03T00:00:00+00:00, execution_date=20250703T000000, start_date=20250704T053310, end_date=20250704T053310
[2025-07-04T05:33:11.017+0000] {taskinstance.py:1182} ERROR - Error when executing success_slack_msg callback
Traceback (most recent call last):
  File "/home/airflow/.local/lib/python3.10/site-packages/airflow/models/taskinstance.py", line 1179, in _run_finished_callback
    callback(context)
  File "/opt/airflow/dags/products_prices_dag.py", line 35, in success_slack_msg
    webhook_token=Variable.get("slack_webhook"),
  File "/home/airflow/.local/lib/python3.10/site-packages/airflow/models/variable.py", line 143, in get
    raise KeyError(f"Variable {key} does not exist")
KeyError: 'Variable slack_webhook does not exist'
[2025-07-04T05:33:11.074+0000] {local_task_job_runner.py:240} INFO - Task exited with return code 0
[2025-07-04T05:33:11.094+0000] {logging_mixin.py:188} WARNING - /home/***/.local/lib/python3.10/site-packages/***/models/baseoperator.py:1297 AirflowProviderDeprecationWarning: Call to deprecated class MySqlOperator. (Please use `***.providers.common.sql.operators.sql.SQLExecuteQueryOperator`.Also, you can provide `hook_params={'schema': <database>}`.)
[2025-07-04T05:33:11.126+0000] {taskinstance.py:3503} INFO - 2 downstream tasks scheduled from follow-on schedule check
[2025-07-04T05:33:11.132+0000] {local_task_job_runner.py:222} INFO - ::endgroup::
