[2025-06-30T06:05:42.980+0000] {local_task_job_runner.py:120} INFO - ::group::Pre task execution logs
[2025-06-30T06:05:43.182+0000] {taskinstance.py:2076} INFO - Dependencies all met for dep_context=non-requeueable deps ti=<TaskInstance: mysql_dag.scrape_books manual__2025-06-30T06:05:40.771898+00:00 [queued]>
[2025-06-30T06:05:43.193+0000] {taskinstance.py:2076} INFO - Dependencies all met for dep_context=requeueable deps ti=<TaskInstance: mysql_dag.scrape_books manual__2025-06-30T06:05:40.771898+00:00 [queued]>
[2025-06-30T06:05:43.194+0000] {taskinstance.py:2306} INFO - Starting attempt 1 of 2
[2025-06-30T06:05:43.253+0000] {taskinstance.py:2330} INFO - Executing <Task(PythonOperator): scrape_books> on 2025-06-30 06:05:40.771898+00:00
[2025-06-30T06:05:43.264+0000] {standard_task_runner.py:63} INFO - Started process 1150 to run task
[2025-06-30T06:05:43.274+0000] {standard_task_runner.py:90} INFO - Running: ['***', 'tasks', 'run', 'mysql_dag', 'scrape_books', 'manual__2025-06-30T06:05:40.771898+00:00', '--job-id', '65', '--raw', '--subdir', 'DAGS_FOLDER/mysql.py', '--cfg-path', '/tmp/tmpo37v6fxh']
[2025-06-30T06:05:43.281+0000] {standard_task_runner.py:91} INFO - Job 65: Subtask scrape_books
[2025-06-30T06:05:43.320+0000] {logging_mixin.py:188} WARNING - /home/***/.local/lib/python3.10/site-packages/***/settings.py:195 DeprecationWarning: The sql_alchemy_conn option in [core] has been moved to the sql_alchemy_conn option in [database] - the old setting has been used, but please update your config.
[2025-06-30T06:05:43.406+0000] {task_command.py:426} INFO - Running <TaskInstance: mysql_dag.scrape_books manual__2025-06-30T06:05:40.771898+00:00 [running]> on host 76cdd04f4df6
[2025-06-30T06:05:43.557+0000] {taskinstance.py:2648} INFO - Exporting env vars: AIRFLOW_CTX_DAG_OWNER='Karthik' AIRFLOW_CTX_DAG_ID='mysql_dag' AIRFLOW_CTX_TASK_ID='scrape_books' AIRFLOW_CTX_EXECUTION_DATE='2025-06-30T06:05:40.771898+00:00' AIRFLOW_CTX_TRY_NUMBER='1' AIRFLOW_CTX_DAG_RUN_ID='manual__2025-06-30T06:05:40.771898+00:00'
[2025-06-30T06:05:43.561+0000] {taskinstance.py:430} INFO - ::endgroup::
[2025-06-30T06:05:45.341+0000] {logging_mixin.py:188} INFO - CODE ::  200
[2025-06-30T06:05:45.390+0000] {logging_mixin.py:188} INFO - category ::  Mystery
[2025-06-30T06:05:45.391+0000] {logging_mixin.py:188} INFO - cat_pg_link ::  https://books.toscrape.com/catalogue/category/books/mystery_3/index.html
[2025-06-30T06:05:45.663+0000] {logging_mixin.py:188} INFO - CODE ::  200
[2025-06-30T06:05:45.722+0000] {logging_mixin.py:188} INFO - blocks ::  20
[2025-06-30T06:05:46.060+0000] {logging_mixin.py:188} INFO - CODE ::  200
[2025-06-30T06:05:46.366+0000] {logging_mixin.py:188} INFO - CODE ::  200
[2025-06-30T06:05:46.675+0000] {logging_mixin.py:188} INFO - CODE ::  200
[2025-06-30T06:05:46.978+0000] {logging_mixin.py:188} INFO - CODE ::  200
[2025-06-30T06:05:47.274+0000] {logging_mixin.py:188} INFO - CODE ::  200
[2025-06-30T06:05:47.594+0000] {logging_mixin.py:188} INFO - CODE ::  200
[2025-06-30T06:05:47.905+0000] {logging_mixin.py:188} INFO - CODE ::  200
[2025-06-30T06:05:48.209+0000] {logging_mixin.py:188} INFO - CODE ::  200
[2025-06-30T06:05:48.521+0000] {logging_mixin.py:188} INFO - CODE ::  200
[2025-06-30T06:05:48.824+0000] {logging_mixin.py:188} INFO - CODE ::  200
[2025-06-30T06:05:49.131+0000] {logging_mixin.py:188} INFO - CODE ::  200
[2025-06-30T06:05:49.439+0000] {logging_mixin.py:188} INFO - CODE ::  200
[2025-06-30T06:05:49.748+0000] {logging_mixin.py:188} INFO - CODE ::  200
[2025-06-30T06:05:50.055+0000] {logging_mixin.py:188} INFO - CODE ::  200
[2025-06-30T06:05:50.453+0000] {logging_mixin.py:188} INFO - CODE ::  200
[2025-06-30T06:05:50.771+0000] {logging_mixin.py:188} INFO - CODE ::  200
[2025-06-30T06:05:51.079+0000] {logging_mixin.py:188} INFO - CODE ::  200
[2025-06-30T06:05:51.389+0000] {logging_mixin.py:188} INFO - CODE ::  200
[2025-06-30T06:05:51.787+0000] {logging_mixin.py:188} INFO - CODE ::  200
[2025-06-30T06:05:52.103+0000] {logging_mixin.py:188} INFO - CODE ::  200
[2025-06-30T06:05:52.127+0000] {logging_mixin.py:188} INFO - cat_pg_link ::  https://books.toscrape.com/catalogue/category/books/mystery_3/page-2.html
[2025-06-30T06:05:52.493+0000] {logging_mixin.py:188} INFO - CODE ::  200
[2025-06-30T06:05:52.523+0000] {logging_mixin.py:188} INFO - blocks ::  12
[2025-06-30T06:05:52.816+0000] {logging_mixin.py:188} INFO - CODE ::  200
[2025-06-30T06:05:53.132+0000] {logging_mixin.py:188} INFO - CODE ::  200
[2025-06-30T06:05:53.525+0000] {logging_mixin.py:188} INFO - CODE ::  200
[2025-06-30T06:05:53.841+0000] {logging_mixin.py:188} INFO - CODE ::  200
[2025-06-30T06:05:54.177+0000] {logging_mixin.py:188} INFO - CODE ::  200
[2025-06-30T06:05:54.559+0000] {logging_mixin.py:188} INFO - CODE ::  200
[2025-06-30T06:05:54.867+0000] {logging_mixin.py:188} INFO - CODE ::  200
[2025-06-30T06:05:55.176+0000] {logging_mixin.py:188} INFO - CODE ::  200
[2025-06-30T06:05:55.476+0000] {logging_mixin.py:188} INFO - CODE ::  200
[2025-06-30T06:05:55.772+0000] {logging_mixin.py:188} INFO - CODE ::  200
[2025-06-30T06:05:56.061+0000] {logging_mixin.py:188} INFO - CODE ::  200
[2025-06-30T06:05:56.405+0000] {logging_mixin.py:188} INFO - CODE ::  200
[2025-06-30T06:05:56.429+0000] {logging_mixin.py:188} INFO - category ::  Philosophy
[2025-06-30T06:05:56.430+0000] {logging_mixin.py:188} INFO - cat_pg_link ::  https://books.toscrape.com/catalogue/category/books/philosophy_7/index.html
[2025-06-30T06:05:56.816+0000] {logging_mixin.py:188} INFO - CODE ::  200
[2025-06-30T06:05:56.846+0000] {logging_mixin.py:188} INFO - blocks ::  11
[2025-06-30T06:05:57.116+0000] {logging_mixin.py:188} INFO - CODE ::  200
[2025-06-30T06:05:57.402+0000] {logging_mixin.py:188} INFO - CODE ::  200
[2025-06-30T06:05:57.691+0000] {logging_mixin.py:188} INFO - CODE ::  200
[2025-06-30T06:05:58.038+0000] {logging_mixin.py:188} INFO - CODE ::  200
[2025-06-30T06:05:58.350+0000] {logging_mixin.py:188} INFO - CODE ::  200
[2025-06-30T06:05:58.641+0000] {logging_mixin.py:188} INFO - CODE ::  200
[2025-06-30T06:05:58.962+0000] {logging_mixin.py:188} INFO - CODE ::  200
[2025-06-30T06:05:59.271+0000] {logging_mixin.py:188} INFO - CODE ::  200
[2025-06-30T06:05:59.576+0000] {logging_mixin.py:188} INFO - CODE ::  200
[2025-06-30T06:05:59.882+0000] {logging_mixin.py:188} INFO - CODE ::  200
[2025-06-30T06:06:00.182+0000] {logging_mixin.py:188} INFO - CODE ::  200
[2025-06-30T06:06:00.202+0000] {logging_mixin.py:188} INFO - category ::  Fantasy
[2025-06-30T06:06:00.204+0000] {logging_mixin.py:188} INFO - cat_pg_link ::  https://books.toscrape.com/catalogue/category/books/fantasy_19/index.html
[2025-06-30T06:06:00.468+0000] {logging_mixin.py:188} INFO - CODE ::  200
[2025-06-30T06:06:00.506+0000] {logging_mixin.py:188} INFO - blocks ::  20
[2025-06-30T06:06:00.802+0000] {logging_mixin.py:188} INFO - CODE ::  200
[2025-06-30T06:06:01.118+0000] {logging_mixin.py:188} INFO - CODE ::  200
[2025-06-30T06:06:01.404+0000] {logging_mixin.py:188} INFO - CODE ::  200
[2025-06-30T06:06:01.682+0000] {logging_mixin.py:188} INFO - CODE ::  200
[2025-06-30T06:06:01.964+0000] {logging_mixin.py:188} INFO - CODE ::  200
[2025-06-30T06:06:02.230+0000] {logging_mixin.py:188} INFO - CODE ::  200
[2025-06-30T06:06:02.501+0000] {logging_mixin.py:188} INFO - CODE ::  200
[2025-06-30T06:06:02.763+0000] {logging_mixin.py:188} INFO - CODE ::  200
[2025-06-30T06:06:03.057+0000] {logging_mixin.py:188} INFO - CODE ::  200
[2025-06-30T06:06:03.327+0000] {logging_mixin.py:188} INFO - CODE ::  200
[2025-06-30T06:06:03.590+0000] {logging_mixin.py:188} INFO - CODE ::  200
[2025-06-30T06:06:03.932+0000] {logging_mixin.py:188} INFO - CODE ::  200
[2025-06-30T06:06:04.215+0000] {logging_mixin.py:188} INFO - CODE ::  200
[2025-06-30T06:06:04.479+0000] {logging_mixin.py:188} INFO - CODE ::  200
[2025-06-30T06:06:04.779+0000] {logging_mixin.py:188} INFO - CODE ::  200
[2025-06-30T06:06:05.060+0000] {logging_mixin.py:188} INFO - CODE ::  200
[2025-06-30T06:06:05.345+0000] {logging_mixin.py:188} INFO - CODE ::  200
[2025-06-30T06:06:05.604+0000] {logging_mixin.py:188} INFO - CODE ::  200
[2025-06-30T06:06:05.866+0000] {logging_mixin.py:188} INFO - CODE ::  200
[2025-06-30T06:06:06.191+0000] {logging_mixin.py:188} INFO - CODE ::  200
[2025-06-30T06:06:06.213+0000] {logging_mixin.py:188} INFO - cat_pg_link ::  https://books.toscrape.com/catalogue/category/books/fantasy_19/page-2.html
[2025-06-30T06:06:06.572+0000] {logging_mixin.py:188} INFO - CODE ::  200
[2025-06-30T06:06:06.605+0000] {logging_mixin.py:188} INFO - blocks ::  20
[2025-06-30T06:06:06.848+0000] {logging_mixin.py:188} INFO - CODE ::  200
[2025-06-30T06:06:07.111+0000] {logging_mixin.py:188} INFO - CODE ::  200
[2025-06-30T06:06:07.404+0000] {logging_mixin.py:188} INFO - CODE ::  200
[2025-06-30T06:06:07.680+0000] {logging_mixin.py:188} INFO - CODE ::  200
[2025-06-30T06:06:07.939+0000] {logging_mixin.py:188} INFO - CODE ::  200
[2025-06-30T06:06:08.203+0000] {logging_mixin.py:188} INFO - CODE ::  200
[2025-06-30T06:06:08.540+0000] {logging_mixin.py:188} INFO - CODE ::  200
[2025-06-30T06:06:08.855+0000] {logging_mixin.py:188} INFO - CODE ::  200
[2025-06-30T06:06:09.194+0000] {logging_mixin.py:188} INFO - CODE ::  200
[2025-06-30T06:06:09.473+0000] {logging_mixin.py:188} INFO - CODE ::  200
[2025-06-30T06:05:22.799+0000] {logging_mixin.py:188} INFO - CODE ::  200
[2025-06-30T06:06:10.963+0000] {logging_mixin.py:188} INFO - CODE ::  200
[2025-06-30T06:06:11.253+0000] {logging_mixin.py:188} INFO - CODE ::  200
[2025-06-30T06:06:11.539+0000] {logging_mixin.py:188} INFO - CODE ::  200
[2025-06-30T06:06:11.826+0000] {logging_mixin.py:188} INFO - CODE ::  200
[2025-06-30T06:06:12.114+0000] {logging_mixin.py:188} INFO - CODE ::  200
[2025-06-30T06:06:12.417+0000] {logging_mixin.py:188} INFO - CODE ::  200
[2025-06-30T06:06:12.727+0000] {logging_mixin.py:188} INFO - CODE ::  200
[2025-06-30T06:06:13.134+0000] {logging_mixin.py:188} INFO - CODE ::  200
[2025-06-30T06:06:13.441+0000] {logging_mixin.py:188} INFO - CODE ::  200
[2025-06-30T06:06:13.464+0000] {logging_mixin.py:188} INFO - cat_pg_link ::  https://books.toscrape.com/catalogue/category/books/fantasy_19/page-3.html
[2025-06-30T06:06:13.748+0000] {logging_mixin.py:188} INFO - CODE ::  200
[2025-06-30T06:06:13.782+0000] {logging_mixin.py:188} INFO - blocks ::  8
[2025-06-30T06:06:14.074+0000] {logging_mixin.py:188} INFO - CODE ::  200
[2025-06-30T06:06:14.363+0000] {logging_mixin.py:188} INFO - CODE ::  200
[2025-06-30T06:06:14.667+0000] {logging_mixin.py:188} INFO - CODE ::  200
[2025-06-30T06:06:15.166+0000] {logging_mixin.py:188} INFO - CODE ::  200
[2025-06-30T06:06:15.456+0000] {logging_mixin.py:188} INFO - CODE ::  200
[2025-06-30T06:06:15.796+0000] {logging_mixin.py:188} INFO - CODE ::  200
[2025-06-30T06:06:16.082+0000] {logging_mixin.py:188} INFO - CODE ::  200
[2025-06-30T06:06:16.412+0000] {logging_mixin.py:188} INFO - CODE ::  200
[2025-06-30T06:06:16.434+0000] {logging_mixin.py:188} INFO - category ::  Poetry
[2025-06-30T06:06:16.436+0000] {logging_mixin.py:188} INFO - cat_pg_link ::  https://books.toscrape.com/catalogue/category/books/poetry_23/index.html
[2025-06-30T06:06:16.720+0000] {logging_mixin.py:188} INFO - CODE ::  200
[2025-06-30T06:06:16.759+0000] {logging_mixin.py:188} INFO - blocks ::  19
[2025-06-30T06:06:17.124+0000] {logging_mixin.py:188} INFO - CODE ::  200
[2025-06-30T06:06:17.435+0000] {logging_mixin.py:188} INFO - CODE ::  200
[2025-06-30T06:06:17.722+0000] {logging_mixin.py:188} INFO - CODE ::  200
[2025-06-30T06:06:18.049+0000] {logging_mixin.py:188} INFO - CODE ::  200
[2025-06-30T06:06:18.364+0000] {logging_mixin.py:188} INFO - CODE ::  200
[2025-06-30T06:06:18.662+0000] {logging_mixin.py:188} INFO - CODE ::  200
[2025-06-30T06:06:18.970+0000] {logging_mixin.py:188} INFO - CODE ::  200
[2025-06-30T06:06:19.279+0000] {logging_mixin.py:188} INFO - CODE ::  200
[2025-06-30T06:06:19.584+0000] {logging_mixin.py:188} INFO - CODE ::  200
[2025-06-30T06:06:19.894+0000] {logging_mixin.py:188} INFO - CODE ::  200
[2025-06-30T06:06:20.183+0000] {logging_mixin.py:188} INFO - CODE ::  200
[2025-06-30T06:06:20.610+0000] {logging_mixin.py:188} INFO - CODE ::  200
[2025-06-30T06:06:20.896+0000] {logging_mixin.py:188} INFO - CODE ::  200
[2025-06-30T06:06:21.222+0000] {logging_mixin.py:188} INFO - CODE ::  200
[2025-06-30T06:06:21.514+0000] {logging_mixin.py:188} INFO - CODE ::  200
[2025-06-30T06:06:21.835+0000] {logging_mixin.py:188} INFO - CODE ::  200
[2025-06-30T06:06:22.119+0000] {logging_mixin.py:188} INFO - CODE ::  200
[2025-06-30T06:06:22.451+0000] {logging_mixin.py:188} INFO - CODE ::  200
[2025-06-30T06:06:22.765+0000] {logging_mixin.py:188} INFO - CODE ::  200
[2025-06-30T06:06:22.789+0000] {logging_mixin.py:188} INFO - category ::  Psychology
[2025-06-30T06:06:22.791+0000] {logging_mixin.py:188} INFO - cat_pg_link ::  https://books.toscrape.com/catalogue/category/books/psychology_26/index.html
[2025-06-30T06:06:23.171+0000] {logging_mixin.py:188} INFO - CODE ::  200
[2025-06-30T06:06:23.200+0000] {logging_mixin.py:188} INFO - blocks ::  7
[2025-06-30T06:06:23.469+0000] {logging_mixin.py:188} INFO - CODE ::  200
[2025-06-30T06:06:23.760+0000] {logging_mixin.py:188} INFO - CODE ::  200
[2025-06-30T06:06:24.054+0000] {logging_mixin.py:188} INFO - CODE ::  200
[2025-06-30T06:06:24.348+0000] {logging_mixin.py:188} INFO - CODE ::  200
[2025-06-30T06:06:24.643+0000] {logging_mixin.py:188} INFO - CODE ::  200
[2025-06-30T06:06:25.012+0000] {logging_mixin.py:188} INFO - CODE ::  200
[2025-06-30T06:06:25.317+0000] {logging_mixin.py:188} INFO - CODE ::  200
[2025-06-30T06:06:25.338+0000] {logging_mixin.py:188} INFO - category ::  Autobiography
[2025-06-30T06:06:25.339+0000] {logging_mixin.py:188} INFO - cat_pg_link ::  https://books.toscrape.com/catalogue/category/books/autobiography_27/index.html
[2025-06-30T06:06:25.632+0000] {logging_mixin.py:188} INFO - CODE ::  200
[2025-06-30T06:06:25.662+0000] {logging_mixin.py:188} INFO - blocks ::  9
[2025-06-30T06:06:25.931+0000] {logging_mixin.py:188} INFO - CODE ::  200
[2025-06-30T06:06:26.239+0000] {logging_mixin.py:188} INFO - CODE ::  200
[2025-06-30T06:06:26.549+0000] {logging_mixin.py:188} INFO - CODE ::  200
[2025-06-30T06:06:26.857+0000] {logging_mixin.py:188} INFO - CODE ::  200
[2025-06-30T06:06:27.146+0000] {logging_mixin.py:188} INFO - CODE ::  200
[2025-06-30T06:06:27.430+0000] {logging_mixin.py:188} INFO - CODE ::  200
[2025-06-30T06:06:27.719+0000] {logging_mixin.py:188} INFO - CODE ::  200
[2025-06-30T06:06:28.005+0000] {logging_mixin.py:188} INFO - CODE ::  200
[2025-06-30T06:06:28.298+0000] {logging_mixin.py:188} INFO - CODE ::  200
[2025-06-30T06:06:28.324+0000] {logging_mixin.py:188} INFO - category ::  History
[2025-06-30T06:06:28.326+0000] {logging_mixin.py:188} INFO - cat_pg_link ::  https://books.toscrape.com/catalogue/category/books/history_32/index.html
[2025-06-30T06:06:28.602+0000] {logging_mixin.py:188} INFO - CODE ::  200
[2025-06-30T06:06:28.641+0000] {logging_mixin.py:188} INFO - blocks ::  18
[2025-06-30T06:06:29.006+0000] {logging_mixin.py:188} INFO - CODE ::  200
[2025-06-30T06:06:29.314+0000] {logging_mixin.py:188} INFO - CODE ::  200
[2025-06-30T06:06:29.620+0000] {logging_mixin.py:188} INFO - CODE ::  200
[2025-06-30T06:06:29.930+0000] {logging_mixin.py:188} INFO - CODE ::  200
[2025-06-30T06:06:30.232+0000] {logging_mixin.py:188} INFO - CODE ::  200
[2025-06-30T06:06:30.543+0000] {logging_mixin.py:188} INFO - CODE ::  200
[2025-06-30T06:06:30.838+0000] {logging_mixin.py:188} INFO - CODE ::  200
[2025-06-30T06:06:31.155+0000] {logging_mixin.py:188} INFO - CODE ::  200
[2025-06-30T06:06:31.464+0000] {logging_mixin.py:188} INFO - CODE ::  200
[2025-06-30T06:06:31.768+0000] {logging_mixin.py:188} INFO - CODE ::  200
[2025-06-30T06:06:32.080+0000] {logging_mixin.py:188} INFO - CODE ::  200
[2025-06-30T06:06:32.382+0000] {logging_mixin.py:188} INFO - CODE ::  200
[2025-06-30T06:06:32.693+0000] {logging_mixin.py:188} INFO - CODE ::  200
[2025-06-30T06:06:32.997+0000] {logging_mixin.py:188} INFO - CODE ::  200
[2025-06-30T06:06:33.261+0000] {logging_mixin.py:188} INFO - CODE ::  200
[2025-06-30T06:06:33.569+0000] {logging_mixin.py:188} INFO - CODE ::  200
[2025-06-30T06:06:33.832+0000] {logging_mixin.py:188} INFO - CODE ::  200
[2025-06-30T06:06:34.101+0000] {logging_mixin.py:188} INFO - CODE ::  200
[2025-06-30T06:06:34.123+0000] {logging_mixin.py:188} INFO - category ::  Biography
[2025-06-30T06:06:34.124+0000] {logging_mixin.py:188} INFO - cat_pg_link ::  https://books.toscrape.com/catalogue/category/books/biography_36/index.html
[2025-06-30T06:06:34.413+0000] {logging_mixin.py:188} INFO - CODE ::  200
[2025-06-30T06:06:34.434+0000] {logging_mixin.py:188} INFO - blocks ::  5
[2025-06-30T06:06:34.696+0000] {logging_mixin.py:188} INFO - CODE ::  200
[2025-06-30T06:06:34.979+0000] {logging_mixin.py:188} INFO - CODE ::  200
[2025-06-30T06:06:35.257+0000] {logging_mixin.py:188} INFO - CODE ::  200
[2025-06-30T06:06:35.540+0000] {logging_mixin.py:188} INFO - CODE ::  200
[2025-06-30T06:06:35.819+0000] {logging_mixin.py:188} INFO - CODE ::  200
[2025-06-30T06:06:35.841+0000] {logging_mixin.py:188} INFO - category ::  Contemporary
[2025-06-30T06:06:35.842+0000] {logging_mixin.py:188} INFO - cat_pg_link ::  https://books.toscrape.com/catalogue/category/books/contemporary_38/index.html
[2025-06-30T06:06:36.186+0000] {logging_mixin.py:188} INFO - CODE ::  200
[2025-06-30T06:06:36.211+0000] {logging_mixin.py:188} INFO - blocks ::  3
[2025-06-30T06:06:36.458+0000] {logging_mixin.py:188} INFO - CODE ::  200
[2025-06-30T06:06:36.722+0000] {logging_mixin.py:188} INFO - CODE ::  200
[2025-06-30T06:06:36.988+0000] {logging_mixin.py:188} INFO - CODE ::  200
[2025-06-30T06:06:37.011+0000] {logging_mixin.py:188} INFO - category ::  Spirituality
[2025-06-30T06:06:37.012+0000] {logging_mixin.py:188} INFO - cat_pg_link ::  https://books.toscrape.com/catalogue/category/books/spirituality_39/index.html
[2025-06-30T06:06:37.326+0000] {logging_mixin.py:188} INFO - CODE ::  200
[2025-06-30T06:06:37.352+0000] {logging_mixin.py:188} INFO - blocks ::  6
[2025-06-30T06:06:37.698+0000] {logging_mixin.py:188} INFO - CODE ::  200
[2025-06-30T06:06:37.980+0000] {logging_mixin.py:188} INFO - CODE ::  200
[2025-06-30T06:06:38.258+0000] {logging_mixin.py:188} INFO - CODE ::  200
[2025-06-30T06:06:38.543+0000] {logging_mixin.py:188} INFO - CODE ::  200
[2025-06-30T06:06:38.822+0000] {logging_mixin.py:188} INFO - CODE ::  200
[2025-06-30T06:06:39.103+0000] {logging_mixin.py:188} INFO - CODE ::  200
[2025-06-30T06:06:39.121+0000] {logging_mixin.py:188} INFO - title                  object
price                 float64
availability           object
availability_count      int64
star_rating           float64
description            object
upc                    object
product_type           object
number_of_reviews       int64
image_url              object
book_link              object
category_name          object
dtype: object
[2025-06-30T06:06:39.135+0000] {python.py:237} INFO - Done. Returned value was: None
[2025-06-30T06:06:39.137+0000] {taskinstance.py:441} INFO - ::group::Post task execution logs
[2025-06-30T06:06:39.149+0000] {taskinstance.py:1206} INFO - Marking task as SUCCESS. dag_id=mysql_dag, task_id=scrape_books, run_id=manual__2025-06-30T06:05:40.771898+00:00, execution_date=20250630T060540, start_date=20250630T060543, end_date=20250630T060639
[2025-06-30T06:06:39.223+0000] {local_task_job_runner.py:240} INFO - Task exited with return code 0
[2025-06-30T06:06:39.244+0000] {logging_mixin.py:188} WARNING - /home/***/.local/lib/python3.10/site-packages/***/models/baseoperator.py:1297 AirflowProviderDeprecationWarning: Call to deprecated class MySqlOperator. (Please use `***.providers.common.sql.operators.sql.SQLExecuteQueryOperator`.Also, you can provide `hook_params={'schema': <database>}`.)
[2025-06-30T06:06:39.269+0000] {taskinstance.py:3503} INFO - 1 downstream tasks scheduled from follow-on schedule check
[2025-06-30T06:06:39.274+0000] {local_task_job_runner.py:222} INFO - ::endgroup::
