[2025-06-30T06:14:18.021+0000] {local_task_job_runner.py:120} INFO - ::group::Pre task execution logs
[2025-06-30T06:14:18.307+0000] {taskinstance.py:2076} INFO - Dependencies all met for dep_context=non-requeueable deps ti=<TaskInstance: mysql_dag.scrape_books manual__2025-06-30T06:14:15.978121+00:00 [queued]>
[2025-06-30T06:14:18.320+0000] {taskinstance.py:2076} INFO - Dependencies all met for dep_context=requeueable deps ti=<TaskInstance: mysql_dag.scrape_books manual__2025-06-30T06:14:15.978121+00:00 [queued]>
[2025-06-30T06:14:18.321+0000] {taskinstance.py:2306} INFO - Starting attempt 1 of 2
[2025-06-30T06:14:18.341+0000] {taskinstance.py:2330} INFO - Executing <Task(PythonOperator): scrape_books> on 2025-06-30 06:14:15.978121+00:00
[2025-06-30T06:14:18.350+0000] {standard_task_runner.py:63} INFO - Started process 1295 to run task
[2025-06-30T06:14:18.355+0000] {standard_task_runner.py:90} INFO - Running: ['***', 'tasks', 'run', 'mysql_dag', 'scrape_books', 'manual__2025-06-30T06:14:15.978121+00:00', '--job-id', '81', '--raw', '--subdir', 'DAGS_FOLDER/mysql.py', '--cfg-path', '/tmp/tmpsg9xg8vg']
[2025-06-30T06:14:18.362+0000] {standard_task_runner.py:91} INFO - Job 81: Subtask scrape_books
[2025-06-30T06:14:18.388+0000] {logging_mixin.py:188} WARNING - /home/***/.local/lib/python3.10/site-packages/***/settings.py:195 DeprecationWarning: The sql_alchemy_conn option in [core] has been moved to the sql_alchemy_conn option in [database] - the old setting has been used, but please update your config.
[2025-06-30T06:14:18.457+0000] {task_command.py:426} INFO - Running <TaskInstance: mysql_dag.scrape_books manual__2025-06-30T06:14:15.978121+00:00 [running]> on host 76cdd04f4df6
[2025-06-30T06:14:18.566+0000] {taskinstance.py:2648} INFO - Exporting env vars: AIRFLOW_CTX_DAG_OWNER='Karthik' AIRFLOW_CTX_DAG_ID='mysql_dag' AIRFLOW_CTX_TASK_ID='scrape_books' AIRFLOW_CTX_EXECUTION_DATE='2025-06-30T06:14:15.978121+00:00' AIRFLOW_CTX_TRY_NUMBER='1' AIRFLOW_CTX_DAG_RUN_ID='manual__2025-06-30T06:14:15.978121+00:00'
[2025-06-30T06:14:18.568+0000] {taskinstance.py:430} INFO - ::endgroup::
[2025-06-30T06:14:20.350+0000] {logging_mixin.py:188} INFO - CODE ::  200
[2025-06-30T06:14:20.388+0000] {logging_mixin.py:188} INFO - category ::  Mystery
[2025-06-30T06:14:20.393+0000] {logging_mixin.py:188} INFO - cat_pg_link ::  https://books.toscrape.com/catalogue/category/books/mystery_3/index.html
[2025-06-30T06:14:20.729+0000] {logging_mixin.py:188} INFO - CODE ::  200
[2025-06-30T06:14:20.764+0000] {logging_mixin.py:188} INFO - blocks ::  20
[2025-06-30T06:14:21.077+0000] {logging_mixin.py:188} INFO - CODE ::  200
[2025-06-30T06:14:21.381+0000] {logging_mixin.py:188} INFO - CODE ::  200
[2025-06-30T06:14:21.757+0000] {logging_mixin.py:188} INFO - CODE ::  200
[2025-06-30T06:14:22.078+0000] {logging_mixin.py:188} INFO - CODE ::  200
[2025-06-30T06:14:22.419+0000] {logging_mixin.py:188} INFO - CODE ::  200
[2025-06-30T06:13:35.751+0000] {logging_mixin.py:188} INFO - CODE ::  200
[2025-06-30T06:14:24.144+0000] {logging_mixin.py:188} INFO - CODE ::  200
[2025-06-30T06:14:24.440+0000] {logging_mixin.py:188} INFO - CODE ::  200
[2025-06-30T06:14:24.757+0000] {logging_mixin.py:188} INFO - CODE ::  200
[2025-06-30T06:14:25.064+0000] {logging_mixin.py:188} INFO - CODE ::  200
[2025-06-30T06:14:25.368+0000] {logging_mixin.py:188} INFO - CODE ::  200
[2025-06-30T06:14:25.670+0000] {logging_mixin.py:188} INFO - CODE ::  200
[2025-06-30T06:14:25.969+0000] {logging_mixin.py:188} INFO - CODE ::  200
[2025-06-30T06:14:26.261+0000] {logging_mixin.py:188} INFO - CODE ::  200
[2025-06-30T06:14:26.557+0000] {logging_mixin.py:188} INFO - CODE ::  200
[2025-06-30T06:14:26.854+0000] {logging_mixin.py:188} INFO - CODE ::  200
[2025-06-30T06:14:27.146+0000] {logging_mixin.py:188} INFO - CODE ::  200
[2025-06-30T06:14:27.441+0000] {logging_mixin.py:188} INFO - CODE ::  200
[2025-06-30T06:14:27.831+0000] {logging_mixin.py:188} INFO - CODE ::  200
[2025-06-30T06:14:28.161+0000] {logging_mixin.py:188} INFO - CODE ::  200
[2025-06-30T06:14:28.184+0000] {logging_mixin.py:188} INFO - cat_pg_link ::  https://books.toscrape.com/catalogue/category/books/mystery_3/page-2.html
[2025-06-30T06:14:28.530+0000] {logging_mixin.py:188} INFO - CODE ::  200
[2025-06-30T06:14:28.560+0000] {logging_mixin.py:188} INFO - blocks ::  12
[2025-06-30T06:14:28.854+0000] {logging_mixin.py:188} INFO - CODE ::  200
[2025-06-30T06:14:29.160+0000] {logging_mixin.py:188} INFO - CODE ::  200
[2025-06-30T06:14:29.456+0000] {logging_mixin.py:188} INFO - CODE ::  200
[2025-06-30T06:14:29.752+0000] {logging_mixin.py:188} INFO - CODE ::  200
[2025-06-30T06:14:30.044+0000] {logging_mixin.py:188} INFO - CODE ::  200
[2025-06-30T06:14:30.331+0000] {logging_mixin.py:188} INFO - CODE ::  200
[2025-06-30T06:14:30.687+0000] {logging_mixin.py:188} INFO - CODE ::  200
[2025-06-30T06:14:31.007+0000] {logging_mixin.py:188} INFO - CODE ::  200
[2025-06-30T06:14:31.310+0000] {logging_mixin.py:188} INFO - CODE ::  200
[2025-06-30T06:14:31.607+0000] {logging_mixin.py:188} INFO - CODE ::  200
[2025-06-30T06:14:31.925+0000] {logging_mixin.py:188} INFO - CODE ::  200
[2025-06-30T06:14:32.335+0000] {logging_mixin.py:188} INFO - CODE ::  200
[2025-06-30T06:14:32.360+0000] {logging_mixin.py:188} INFO - category ::  Philosophy
[2025-06-30T06:14:32.362+0000] {logging_mixin.py:188} INFO - cat_pg_link ::  https://books.toscrape.com/catalogue/category/books/philosophy_7/index.html
[2025-06-30T06:14:32.643+0000] {logging_mixin.py:188} INFO - CODE ::  200
[2025-06-30T06:14:32.673+0000] {logging_mixin.py:188} INFO - blocks ::  11
[2025-06-30T06:14:32.946+0000] {logging_mixin.py:188} INFO - CODE ::  200
[2025-06-30T06:14:33.230+0000] {logging_mixin.py:188} INFO - CODE ::  200
[2025-06-30T06:14:33.561+0000] {logging_mixin.py:188} INFO - CODE ::  200
[2025-06-30T06:14:33.976+0000] {logging_mixin.py:188} INFO - CODE ::  200
[2025-06-30T06:14:34.379+0000] {logging_mixin.py:188} INFO - CODE ::  200
[2025-06-30T06:14:34.663+0000] {logging_mixin.py:188} INFO - CODE ::  200
[2025-06-30T06:14:34.959+0000] {logging_mixin.py:188} INFO - CODE ::  200
[2025-06-30T06:14:35.322+0000] {logging_mixin.py:188} INFO - CODE ::  200
[2025-06-30T06:14:35.720+0000] {logging_mixin.py:188} INFO - CODE ::  200
[2025-06-30T06:14:36.124+0000] {logging_mixin.py:188} INFO - CODE ::  200
[2025-06-30T06:14:36.486+0000] {logging_mixin.py:188} INFO - CODE ::  200
[2025-06-30T06:14:36.509+0000] {logging_mixin.py:188} INFO - category ::  Fantasy
[2025-06-30T06:14:36.511+0000] {logging_mixin.py:188} INFO - cat_pg_link ::  https://books.toscrape.com/catalogue/category/books/fantasy_19/index.html
[2025-06-30T06:14:36.850+0000] {logging_mixin.py:188} INFO - CODE ::  200
[2025-06-30T06:14:36.895+0000] {logging_mixin.py:188} INFO - blocks ::  20
[2025-06-30T06:14:37.255+0000] {logging_mixin.py:188} INFO - CODE ::  200
[2025-06-30T06:14:37.554+0000] {logging_mixin.py:188} INFO - CODE ::  200
[2025-06-30T06:14:37.867+0000] {logging_mixin.py:188} INFO - CODE ::  200
[2025-06-30T06:14:38.170+0000] {logging_mixin.py:188} INFO - CODE ::  200
[2025-06-30T06:14:38.478+0000] {logging_mixin.py:188} INFO - CODE ::  200
[2025-06-30T06:14:38.889+0000] {logging_mixin.py:188} INFO - CODE ::  200
[2025-06-30T06:14:39.303+0000] {logging_mixin.py:188} INFO - CODE ::  200
[2025-06-30T06:14:39.708+0000] {logging_mixin.py:188} INFO - CODE ::  200
[2025-06-30T06:14:40.018+0000] {logging_mixin.py:188} INFO - CODE ::  200
[2025-06-30T06:14:40.428+0000] {logging_mixin.py:188} INFO - CODE ::  200
[2025-06-30T06:14:40.731+0000] {logging_mixin.py:188} INFO - CODE ::  200
[2025-06-30T06:14:41.141+0000] {logging_mixin.py:188} INFO - CODE ::  200
[2025-06-30T06:14:41.450+0000] {logging_mixin.py:188} INFO - CODE ::  200
[2025-06-30T06:14:41.759+0000] {logging_mixin.py:188} INFO - CODE ::  200
[2025-06-30T06:14:42.166+0000] {logging_mixin.py:188} INFO - CODE ::  200
[2025-06-30T06:14:42.576+0000] {logging_mixin.py:188} INFO - CODE ::  200
[2025-06-30T06:14:42.953+0000] {logging_mixin.py:188} INFO - CODE ::  200
[2025-06-30T06:14:43.291+0000] {logging_mixin.py:188} INFO - CODE ::  200
[2025-06-30T06:14:43.687+0000] {logging_mixin.py:188} INFO - CODE ::  200
[2025-06-30T06:14:43.972+0000] {logging_mixin.py:188} INFO - CODE ::  200
[2025-06-30T06:14:43.995+0000] {logging_mixin.py:188} INFO - cat_pg_link ::  https://books.toscrape.com/catalogue/category/books/fantasy_19/page-2.html
[2025-06-30T06:14:44.274+0000] {logging_mixin.py:188} INFO - CODE ::  200
[2025-06-30T06:14:44.310+0000] {logging_mixin.py:188} INFO - blocks ::  20
[2025-06-30T06:14:44.584+0000] {logging_mixin.py:188} INFO - CODE ::  200
[2025-06-30T06:14:44.929+0000] {logging_mixin.py:188} INFO - CODE ::  200
[2025-06-30T06:14:45.236+0000] {logging_mixin.py:188} INFO - CODE ::  200
[2025-06-30T06:14:45.529+0000] {logging_mixin.py:188} INFO - CODE ::  200
[2025-06-30T06:14:45.825+0000] {logging_mixin.py:188} INFO - CODE ::  200
[2025-06-30T06:14:46.161+0000] {logging_mixin.py:188} INFO - CODE ::  200
[2025-06-30T06:14:46.470+0000] {logging_mixin.py:188} INFO - CODE ::  200
[2025-06-30T06:14:46.761+0000] {logging_mixin.py:188} INFO - CODE ::  200
[2025-06-30T06:14:47.050+0000] {logging_mixin.py:188} INFO - CODE ::  200
[2025-06-30T06:14:47.333+0000] {logging_mixin.py:188} INFO - CODE ::  200
[2025-06-30T06:14:47.707+0000] {logging_mixin.py:188} INFO - CODE ::  200
[2025-06-30T06:14:47.968+0000] {logging_mixin.py:188} INFO - CODE ::  200
[2025-06-30T06:14:48.234+0000] {logging_mixin.py:188} INFO - CODE ::  200
[2025-06-30T06:14:48.554+0000] {logging_mixin.py:188} INFO - CODE ::  200
[2025-06-30T06:14:48.930+0000] {logging_mixin.py:188} INFO - CODE ::  200
[2025-06-30T06:14:49.307+0000] {logging_mixin.py:188} INFO - CODE ::  200
[2025-06-30T06:14:49.667+0000] {logging_mixin.py:188} INFO - CODE ::  200
[2025-06-30T06:14:49.964+0000] {logging_mixin.py:188} INFO - CODE ::  200
[2025-06-30T06:14:50.242+0000] {logging_mixin.py:188} INFO - CODE ::  200
[2025-06-30T06:14:50.526+0000] {logging_mixin.py:188} INFO - CODE ::  200
[2025-06-30T06:14:50.548+0000] {logging_mixin.py:188} INFO - cat_pg_link ::  https://books.toscrape.com/catalogue/category/books/fantasy_19/page-3.html
[2025-06-30T06:14:50.810+0000] {logging_mixin.py:188} INFO - CODE ::  200
[2025-06-30T06:14:50.838+0000] {logging_mixin.py:188} INFO - blocks ::  8
[2025-06-30T06:14:51.089+0000] {logging_mixin.py:188} INFO - CODE ::  200
[2025-06-30T06:14:51.464+0000] {logging_mixin.py:188} INFO - CODE ::  200
[2025-06-30T06:14:51.744+0000] {logging_mixin.py:188} INFO - CODE ::  200
[2025-06-30T06:14:52.311+0000] {logging_mixin.py:188} INFO - CODE ::  200
[2025-06-30T06:14:52.684+0000] {logging_mixin.py:188} INFO - CODE ::  200
[2025-06-30T06:14:53.061+0000] {logging_mixin.py:188} INFO - CODE ::  200
[2025-06-30T06:14:06.108+0000] {logging_mixin.py:188} INFO - CODE ::  200
[2025-06-30T06:14:54.318+0000] {logging_mixin.py:188} INFO - CODE ::  200
[2025-06-30T06:14:54.342+0000] {logging_mixin.py:188} INFO - category ::  Poetry
[2025-06-30T06:14:54.344+0000] {logging_mixin.py:188} INFO - cat_pg_link ::  https://books.toscrape.com/catalogue/category/books/poetry_23/index.html
[2025-06-30T06:14:54.726+0000] {logging_mixin.py:188} INFO - CODE ::  200
[2025-06-30T06:14:54.761+0000] {logging_mixin.py:188} INFO - blocks ::  19
[2025-06-30T06:14:55.053+0000] {logging_mixin.py:188} INFO - CODE ::  200
[2025-06-30T06:14:55.438+0000] {logging_mixin.py:188} INFO - CODE ::  200
[2025-06-30T06:14:55.750+0000] {logging_mixin.py:188} INFO - CODE ::  200
[2025-06-30T06:14:56.090+0000] {logging_mixin.py:188} INFO - CODE ::  200
[2025-06-30T06:14:56.465+0000] {logging_mixin.py:188} INFO - CODE ::  200
[2025-06-30T06:14:56.762+0000] {logging_mixin.py:188} INFO - CODE ::  200
[2025-06-30T06:14:57.076+0000] {logging_mixin.py:188} INFO - CODE ::  200
[2025-06-30T06:14:57.381+0000] {logging_mixin.py:188} INFO - CODE ::  200
[2025-06-30T06:14:57.694+0000] {logging_mixin.py:188} INFO - CODE ::  200
[2025-06-30T06:14:57.994+0000] {logging_mixin.py:188} INFO - CODE ::  200
[2025-06-30T06:14:58.409+0000] {logging_mixin.py:188} INFO - CODE ::  200
[2025-06-30T06:14:58.713+0000] {logging_mixin.py:188} INFO - CODE ::  200
[2025-06-30T06:14:59.009+0000] {logging_mixin.py:188} INFO - CODE ::  200
[2025-06-30T06:14:59.299+0000] {logging_mixin.py:188} INFO - CODE ::  200
[2025-06-30T06:14:59.590+0000] {logging_mixin.py:188} INFO - CODE ::  200
[2025-06-30T06:14:59.883+0000] {logging_mixin.py:188} INFO - CODE ::  200
[2025-06-30T06:15:00.251+0000] {logging_mixin.py:188} INFO - CODE ::  200
[2025-06-30T06:15:00.546+0000] {logging_mixin.py:188} INFO - CODE ::  200
[2025-06-30T06:15:00.841+0000] {logging_mixin.py:188} INFO - CODE ::  200
[2025-06-30T06:15:00.864+0000] {logging_mixin.py:188} INFO - category ::  Psychology
[2025-06-30T06:15:00.865+0000] {logging_mixin.py:188} INFO - cat_pg_link ::  https://books.toscrape.com/catalogue/category/books/psychology_26/index.html
[2025-06-30T06:15:01.149+0000] {logging_mixin.py:188} INFO - CODE ::  200
[2025-06-30T06:15:01.179+0000] {logging_mixin.py:188} INFO - blocks ::  7
[2025-06-30T06:15:01.459+0000] {logging_mixin.py:188} INFO - CODE ::  200
[2025-06-30T06:15:01.744+0000] {logging_mixin.py:188} INFO - CODE ::  200
[2025-06-30T06:15:02.035+0000] {logging_mixin.py:188} INFO - CODE ::  200
[2025-06-30T06:15:02.327+0000] {logging_mixin.py:188} INFO - CODE ::  200
[2025-06-30T06:15:02.709+0000] {logging_mixin.py:188} INFO - CODE ::  200
[2025-06-30T06:15:03.118+0000] {logging_mixin.py:188} INFO - CODE ::  200
[2025-06-30T06:15:03.412+0000] {logging_mixin.py:188} INFO - CODE ::  200
[2025-06-30T06:15:03.435+0000] {logging_mixin.py:188} INFO - category ::  Autobiography
[2025-06-30T06:15:03.437+0000] {logging_mixin.py:188} INFO - cat_pg_link ::  https://books.toscrape.com/catalogue/category/books/autobiography_27/index.html
[2025-06-30T06:15:03.733+0000] {logging_mixin.py:188} INFO - CODE ::  200
[2025-06-30T06:15:03.751+0000] {logging_mixin.py:188} INFO - blocks ::  9
[2025-06-30T06:15:04.138+0000] {logging_mixin.py:188} INFO - CODE ::  200
[2025-06-30T06:15:04.445+0000] {logging_mixin.py:188} INFO - CODE ::  200
[2025-06-30T06:15:04.753+0000] {logging_mixin.py:188} INFO - CODE ::  200
[2025-06-30T06:15:05.039+0000] {logging_mixin.py:188} INFO - CODE ::  200
[2025-06-30T06:15:05.367+0000] {logging_mixin.py:188} INFO - CODE ::  200
[2025-06-30T06:15:05.660+0000] {logging_mixin.py:188} INFO - CODE ::  200
[2025-06-30T06:15:05.946+0000] {logging_mixin.py:188} INFO - CODE ::  200
[2025-06-30T06:15:06.239+0000] {logging_mixin.py:188} INFO - CODE ::  200
[2025-06-30T06:15:06.536+0000] {logging_mixin.py:188} INFO - CODE ::  200
[2025-06-30T06:15:06.563+0000] {logging_mixin.py:188} INFO - category ::  History
[2025-06-30T06:15:06.564+0000] {logging_mixin.py:188} INFO - cat_pg_link ::  https://books.toscrape.com/catalogue/category/books/history_32/index.html
[2025-06-30T06:15:06.885+0000] {logging_mixin.py:188} INFO - CODE ::  200
[2025-06-30T06:15:06.918+0000] {logging_mixin.py:188} INFO - blocks ::  18
[2025-06-30T06:15:07.214+0000] {logging_mixin.py:188} INFO - CODE ::  200
[2025-06-30T06:15:07.506+0000] {logging_mixin.py:188} INFO - CODE ::  200
[2025-06-30T06:15:07.827+0000] {logging_mixin.py:188} INFO - CODE ::  200
[2025-06-30T06:15:08.118+0000] {logging_mixin.py:188} INFO - CODE ::  200
[2025-06-30T06:15:08.416+0000] {logging_mixin.py:188} INFO - CODE ::  200
[2025-06-30T06:15:08.716+0000] {logging_mixin.py:188} INFO - CODE ::  200
[2025-06-30T06:15:09.016+0000] {logging_mixin.py:188} INFO - CODE ::  200
[2025-06-30T06:15:09.309+0000] {logging_mixin.py:188} INFO - CODE ::  200
[2025-06-30T06:15:09.655+0000] {logging_mixin.py:188} INFO - CODE ::  200
[2025-06-30T06:15:09.977+0000] {logging_mixin.py:188} INFO - CODE ::  200
[2025-06-30T06:15:10.282+0000] {logging_mixin.py:188} INFO - CODE ::  200
[2025-06-30T06:15:10.576+0000] {logging_mixin.py:188} INFO - CODE ::  200
[2025-06-30T06:15:10.895+0000] {logging_mixin.py:188} INFO - CODE ::  200
[2025-06-30T06:15:11.182+0000] {logging_mixin.py:188} INFO - CODE ::  200
[2025-06-30T06:15:11.500+0000] {logging_mixin.py:188} INFO - CODE ::  200
[2025-06-30T06:15:11.874+0000] {logging_mixin.py:188} INFO - CODE ::  200
[2025-06-30T06:15:12.139+0000] {logging_mixin.py:188} INFO - CODE ::  200
[2025-06-30T06:15:12.438+0000] {logging_mixin.py:188} INFO - CODE ::  200
[2025-06-30T06:15:12.461+0000] {logging_mixin.py:188} INFO - category ::  Biography
[2025-06-30T06:15:12.463+0000] {logging_mixin.py:188} INFO - cat_pg_link ::  https://books.toscrape.com/catalogue/category/books/biography_36/index.html
[2025-06-30T06:15:12.816+0000] {logging_mixin.py:188} INFO - CODE ::  200
[2025-06-30T06:15:12.841+0000] {logging_mixin.py:188} INFO - blocks ::  5
[2025-06-30T06:15:13.189+0000] {logging_mixin.py:188} INFO - CODE ::  200
[2025-06-30T06:15:13.462+0000] {logging_mixin.py:188} INFO - CODE ::  200
[2025-06-30T06:15:13.738+0000] {logging_mixin.py:188} INFO - CODE ::  200
[2025-06-30T06:15:14.013+0000] {logging_mixin.py:188} INFO - CODE ::  200
[2025-06-30T06:15:14.291+0000] {logging_mixin.py:188} INFO - CODE ::  200
[2025-06-30T06:15:14.312+0000] {logging_mixin.py:188} INFO - category ::  Contemporary
[2025-06-30T06:15:14.313+0000] {logging_mixin.py:188} INFO - cat_pg_link ::  https://books.toscrape.com/catalogue/category/books/contemporary_38/index.html
[2025-06-30T06:15:14.598+0000] {logging_mixin.py:188} INFO - CODE ::  200
[2025-06-30T06:15:14.615+0000] {logging_mixin.py:188} INFO - blocks ::  3
[2025-06-30T06:15:14.866+0000] {logging_mixin.py:188} INFO - CODE ::  200
[2025-06-30T06:15:15.163+0000] {logging_mixin.py:188} INFO - CODE ::  200
[2025-06-30T06:15:15.439+0000] {logging_mixin.py:188} INFO - CODE ::  200
[2025-06-30T06:15:15.457+0000] {logging_mixin.py:188} INFO - category ::  Spirituality
[2025-06-30T06:15:15.459+0000] {logging_mixin.py:188} INFO - cat_pg_link ::  https://books.toscrape.com/catalogue/category/books/spirituality_39/index.html
[2025-06-30T06:15:15.723+0000] {logging_mixin.py:188} INFO - CODE ::  200
[2025-06-30T06:15:15.741+0000] {logging_mixin.py:188} INFO - blocks ::  6
[2025-06-30T06:15:16.098+0000] {logging_mixin.py:188} INFO - CODE ::  200
[2025-06-30T06:15:16.476+0000] {logging_mixin.py:188} INFO - CODE ::  200
[2025-06-30T06:15:16.856+0000] {logging_mixin.py:188} INFO - CODE ::  200
[2025-06-30T06:15:17.227+0000] {logging_mixin.py:188} INFO - CODE ::  200
[2025-06-30T06:15:17.600+0000] {logging_mixin.py:188} INFO - CODE ::  200
[2025-06-30T06:15:17.882+0000] {logging_mixin.py:188} INFO - CODE ::  200
[2025-06-30T06:15:17.909+0000] {logging_mixin.py:188} INFO - title                  object
price                 float64
availability           object
availability_count      int64
star_rating           float64
description            object
upc                    object
product_type           object
number_of_reviews       int64
image_url              object
book_link              object
category_name          object
dtype: object
[2025-06-30T06:15:17.934+0000] {python.py:237} INFO - Done. Returned value was: None
[2025-06-30T06:15:17.936+0000] {taskinstance.py:441} INFO - ::group::Post task execution logs
[2025-06-30T06:15:17.946+0000] {taskinstance.py:1206} INFO - Marking task as SUCCESS. dag_id=mysql_dag, task_id=scrape_books, run_id=manual__2025-06-30T06:14:15.978121+00:00, execution_date=20250630T061415, start_date=20250630T061418, end_date=20250630T061517
[2025-06-30T06:15:17.988+0000] {local_task_job_runner.py:240} INFO - Task exited with return code 0
[2025-06-30T06:15:18.004+0000] {taskinstance.py:3503} INFO - 0 downstream tasks scheduled from follow-on schedule check
[2025-06-30T06:15:18.010+0000] {local_task_job_runner.py:222} INFO - ::endgroup::
