[2025-06-30T05:34:21.997+0000] {local_task_job_runner.py:120} INFO - ::group::Pre task execution logs
[2025-06-30T05:34:22.220+0000] {taskinstance.py:2076} INFO - Dependencies all met for dep_context=non-requeueable deps ti=<TaskInstance: mysql_dag.insert_data manual__2025-06-30T05:33:17.359492+00:00 [queued]>
[2025-06-30T05:34:22.241+0000] {taskinstance.py:2076} INFO - Dependencies all met for dep_context=requeueable deps ti=<TaskInstance: mysql_dag.insert_data manual__2025-06-30T05:33:17.359492+00:00 [queued]>
[2025-06-30T05:34:22.243+0000] {taskinstance.py:2306} INFO - Starting attempt 1 of 2
[2025-06-30T05:34:22.301+0000] {taskinstance.py:2330} INFO - Executing <Task(PythonOperator): insert_data> on 2025-06-30 05:33:17.359492+00:00
[2025-06-30T05:34:22.312+0000] {standard_task_runner.py:63} INFO - Started process 755 to run task
[2025-06-30T05:34:22.316+0000] {standard_task_runner.py:90} INFO - Running: ['***', 'tasks', 'run', 'mysql_dag', 'insert_data', 'manual__2025-06-30T05:33:17.359492+00:00', '--job-id', '52', '--raw', '--subdir', 'DAGS_FOLDER/mysql.py', '--cfg-path', '/tmp/tmpck_kkgqx']
[2025-06-30T05:34:22.321+0000] {standard_task_runner.py:91} INFO - Job 52: Subtask insert_data
[2025-06-30T05:34:22.348+0000] {logging_mixin.py:188} WARNING - /home/***/.local/lib/python3.10/site-packages/***/settings.py:195 DeprecationWarning: The sql_alchemy_conn option in [core] has been moved to the sql_alchemy_conn option in [database] - the old setting has been used, but please update your config.
[2025-06-30T05:34:22.437+0000] {task_command.py:426} INFO - Running <TaskInstance: mysql_dag.insert_data manual__2025-06-30T05:33:17.359492+00:00 [running]> on host 76cdd04f4df6
[2025-06-30T05:34:22.630+0000] {taskinstance.py:2648} INFO - Exporting env vars: AIRFLOW_CTX_DAG_OWNER='Karthik' AIRFLOW_CTX_DAG_ID='mysql_dag' AIRFLOW_CTX_TASK_ID='insert_data' AIRFLOW_CTX_EXECUTION_DATE='2025-06-30T05:33:17.359492+00:00' AIRFLOW_CTX_TRY_NUMBER='1' AIRFLOW_CTX_DAG_RUN_ID='manual__2025-06-30T05:33:17.359492+00:00'
[2025-06-30T05:34:22.633+0000] {taskinstance.py:430} INFO - ::endgroup::
[2025-06-30T05:34:22.774+0000] {logging_mixin.py:188} INFO - error :  1292 (22007): Incorrect datetime value: '29-06-2024' for column 'Date_Added' at row 1
[2025-06-30T05:34:22.780+0000] {logging_mixin.py:188} INFO - error :  1292 (22007): Incorrect datetime value: '29-06-2024' for column 'Date_Added' at row 1
[2025-06-30T05:34:22.786+0000] {logging_mixin.py:188} INFO - error :  1292 (22007): Incorrect datetime value: '29-06-2024' for column 'Date_Added' at row 1
[2025-06-30T05:34:22.791+0000] {logging_mixin.py:188} INFO - error :  1292 (22007): Incorrect datetime value: '29-06-2024' for column 'Date_Added' at row 1
[2025-06-30T05:34:22.796+0000] {logging_mixin.py:188} INFO - error :  1292 (22007): Incorrect datetime value: '29-06-2024' for column 'Date_Added' at row 1
[2025-06-30T05:34:22.801+0000] {logging_mixin.py:188} INFO - error :  1292 (22007): Incorrect datetime value: '29-06-2024' for column 'Date_Added' at row 1
[2025-06-30T05:34:22.805+0000] {logging_mixin.py:188} INFO - error :  1292 (22007): Incorrect datetime value: '29-06-2024' for column 'Date_Added' at row 1
[2025-06-30T05:34:22.809+0000] {logging_mixin.py:188} INFO - error :  1292 (22007): Incorrect datetime value: '29-06-2024' for column 'Date_Added' at row 1
[2025-06-30T05:34:22.814+0000] {logging_mixin.py:188} INFO - error :  1292 (22007): Incorrect datetime value: '29-06-2024' for column 'Date_Added' at row 1
[2025-06-30T05:34:22.818+0000] {logging_mixin.py:188} INFO - error :  1292 (22007): Incorrect datetime value: '29-06-2024' for column 'Date_Added' at row 1
[2025-06-30T05:34:22.823+0000] {logging_mixin.py:188} INFO - error :  1292 (22007): Incorrect datetime value: '29-06-2024' for column 'Date_Added' at row 1
[2025-06-30T05:34:22.827+0000] {logging_mixin.py:188} INFO - error :  1292 (22007): Incorrect datetime value: '29-06-2024' for column 'Date_Added' at row 1
[2025-06-30T05:34:22.831+0000] {logging_mixin.py:188} INFO - error :  1292 (22007): Incorrect datetime value: '29-06-2024' for column 'Date_Added' at row 1
[2025-06-30T05:34:22.834+0000] {logging_mixin.py:188} INFO - error :  1292 (22007): Incorrect datetime value: '29-06-2024' for column 'Date_Added' at row 1
[2025-06-30T05:34:22.838+0000] {logging_mixin.py:188} INFO - error :  1292 (22007): Incorrect datetime value: '29-06-2024' for column 'Date_Added' at row 1
[2025-06-30T05:34:22.842+0000] {logging_mixin.py:188} INFO - error :  1292 (22007): Incorrect datetime value: '29-06-2024' for column 'Date_Added' at row 1
[2025-06-30T05:34:22.846+0000] {logging_mixin.py:188} INFO - error :  1292 (22007): Incorrect datetime value: '29-06-2024' for column 'Date_Added' at row 1
[2025-06-30T05:34:22.850+0000] {logging_mixin.py:188} INFO - error :  1292 (22007): Incorrect datetime value: '29-06-2024' for column 'Date_Added' at row 1
[2025-06-30T05:34:22.854+0000] {logging_mixin.py:188} INFO - error :  1292 (22007): Incorrect datetime value: '29-06-2024' for column 'Date_Added' at row 1
[2025-06-30T05:34:22.859+0000] {logging_mixin.py:188} INFO - error :  1292 (22007): Incorrect datetime value: '29-06-2024' for column 'Date_Added' at row 1
[2025-06-30T05:34:22.863+0000] {logging_mixin.py:188} INFO - error :  1292 (22007): Incorrect datetime value: '29-06-2024' for column 'Date_Added' at row 1
[2025-06-30T05:34:22.867+0000] {logging_mixin.py:188} INFO - error :  1292 (22007): Incorrect datetime value: '29-06-2024' for column 'Date_Added' at row 1
[2025-06-30T05:34:22.871+0000] {logging_mixin.py:188} INFO - error :  1292 (22007): Incorrect datetime value: '29-06-2024' for column 'Date_Added' at row 1
[2025-06-30T05:34:22.876+0000] {logging_mixin.py:188} INFO - error :  1292 (22007): Incorrect datetime value: '29-06-2024' for column 'Date_Added' at row 1
[2025-06-30T05:34:22.880+0000] {logging_mixin.py:188} INFO - error :  1292 (22007): Incorrect datetime value: '29-06-2024' for column 'Date_Added' at row 1
[2025-06-30T05:34:22.884+0000] {logging_mixin.py:188} INFO - error :  1292 (22007): Incorrect datetime value: '29-06-2024' for column 'Date_Added' at row 1
[2025-06-30T05:34:22.888+0000] {logging_mixin.py:188} INFO - error :  1292 (22007): Incorrect datetime value: '29-06-2024' for column 'Date_Added' at row 1
[2025-06-30T05:34:22.892+0000] {logging_mixin.py:188} INFO - error :  1292 (22007): Incorrect datetime value: '29-06-2024' for column 'Date_Added' at row 1
[2025-06-30T05:34:22.897+0000] {logging_mixin.py:188} INFO - error :  1292 (22007): Incorrect datetime value: '29-06-2024' for column 'Date_Added' at row 1
[2025-06-30T05:34:22.901+0000] {logging_mixin.py:188} INFO - error :  1292 (22007): Incorrect datetime value: '29-06-2024' for column 'Date_Added' at row 1
[2025-06-30T05:34:22.905+0000] {logging_mixin.py:188} INFO - error :  1292 (22007): Incorrect datetime value: '29-06-2024' for column 'Date_Added' at row 1
[2025-06-30T05:34:22.910+0000] {logging_mixin.py:188} INFO - error :  1292 (22007): Incorrect datetime value: '29-06-2024' for column 'Date_Added' at row 1
[2025-06-30T05:34:22.914+0000] {logging_mixin.py:188} INFO - error :  1292 (22007): Incorrect datetime value: '29-06-2024' for column 'Date_Added' at row 1
[2025-06-30T05:34:22.918+0000] {logging_mixin.py:188} INFO - error :  1292 (22007): Incorrect datetime value: '29-06-2024' for column 'Date_Added' at row 1
[2025-06-30T05:34:22.921+0000] {logging_mixin.py:188} INFO - error :  1292 (22007): Incorrect datetime value: '29-06-2024' for column 'Date_Added' at row 1
[2025-06-30T05:34:22.925+0000] {logging_mixin.py:188} INFO - error :  1292 (22007): Incorrect datetime value: '29-06-2024' for column 'Date_Added' at row 1
[2025-06-30T05:34:22.929+0000] {logging_mixin.py:188} INFO - error :  1292 (22007): Incorrect datetime value: '29-06-2024' for column 'Date_Added' at row 1
[2025-06-30T05:34:22.933+0000] {logging_mixin.py:188} INFO - error :  1292 (22007): Incorrect datetime value: '29-06-2024' for column 'Date_Added' at row 1
[2025-06-30T05:34:22.936+0000] {logging_mixin.py:188} INFO - error :  1292 (22007): Incorrect datetime value: '29-06-2024' for column 'Date_Added' at row 1
[2025-06-30T05:34:22.940+0000] {logging_mixin.py:188} INFO - error :  1292 (22007): Incorrect datetime value: '29-06-2024' for column 'Date_Added' at row 1
[2025-06-30T05:34:22.944+0000] {logging_mixin.py:188} INFO - error :  1292 (22007): Incorrect datetime value: '29-06-2024' for column 'Date_Added' at row 1
[2025-06-30T05:34:22.948+0000] {logging_mixin.py:188} INFO - error :  1292 (22007): Incorrect datetime value: '29-06-2024' for column 'Date_Added' at row 1
[2025-06-30T05:34:22.951+0000] {logging_mixin.py:188} INFO - error :  1292 (22007): Incorrect datetime value: '29-06-2024' for column 'Date_Added' at row 1
[2025-06-30T05:34:22.954+0000] {logging_mixin.py:188} INFO - error :  1292 (22007): Incorrect datetime value: '29-06-2024' for column 'Date_Added' at row 1
[2025-06-30T05:34:22.958+0000] {logging_mixin.py:188} INFO - error :  1292 (22007): Incorrect datetime value: '29-06-2024' for column 'Date_Added' at row 1
[2025-06-30T05:34:22.962+0000] {logging_mixin.py:188} INFO - error :  1292 (22007): Incorrect datetime value: '29-06-2024' for column 'Date_Added' at row 1
[2025-06-30T05:34:22.965+0000] {logging_mixin.py:188} INFO - error :  1292 (22007): Incorrect datetime value: '29-06-2024' for column 'Date_Added' at row 1
[2025-06-30T05:34:22.969+0000] {logging_mixin.py:188} INFO - error :  1292 (22007): Incorrect datetime value: '29-06-2024' for column 'Date_Added' at row 1
[2025-06-30T05:34:22.973+0000] {logging_mixin.py:188} INFO - error :  1292 (22007): Incorrect datetime value: '29-06-2024' for column 'Date_Added' at row 1
[2025-06-30T05:34:22.977+0000] {logging_mixin.py:188} INFO - error :  1292 (22007): Incorrect datetime value: '29-06-2024' for column 'Date_Added' at row 1
[2025-06-30T05:34:22.980+0000] {logging_mixin.py:188} INFO - error :  1292 (22007): Incorrect datetime value: '29-06-2024' for column 'Date_Added' at row 1
[2025-06-30T05:34:22.983+0000] {logging_mixin.py:188} INFO - error :  1292 (22007): Incorrect datetime value: '29-06-2024' for column 'Date_Added' at row 1
[2025-06-30T05:34:22.987+0000] {logging_mixin.py:188} INFO - error :  1292 (22007): Incorrect datetime value: '29-06-2024' for column 'Date_Added' at row 1
[2025-06-30T05:34:22.990+0000] {logging_mixin.py:188} INFO - error :  1292 (22007): Incorrect datetime value: '29-06-2024' for column 'Date_Added' at row 1
[2025-06-30T05:34:22.994+0000] {logging_mixin.py:188} INFO - error :  1292 (22007): Incorrect datetime value: '29-06-2024' for column 'Date_Added' at row 1
[2025-06-30T05:34:22.998+0000] {logging_mixin.py:188} INFO - error :  1292 (22007): Incorrect datetime value: '29-06-2024' for column 'Date_Added' at row 1
[2025-06-30T05:34:23.002+0000] {logging_mixin.py:188} INFO - error :  1292 (22007): Incorrect datetime value: '29-06-2024' for column 'Date_Added' at row 1
[2025-06-30T05:34:23.006+0000] {logging_mixin.py:188} INFO - error :  1292 (22007): Incorrect datetime value: '29-06-2024' for column 'Date_Added' at row 1
[2025-06-30T05:34:23.010+0000] {logging_mixin.py:188} INFO - error :  1292 (22007): Incorrect datetime value: '29-06-2024' for column 'Date_Added' at row 1
[2025-06-30T05:34:23.014+0000] {logging_mixin.py:188} INFO - error :  1292 (22007): Incorrect datetime value: '29-06-2024' for column 'Date_Added' at row 1
[2025-06-30T05:34:23.017+0000] {logging_mixin.py:188} INFO - error :  1292 (22007): Incorrect datetime value: '29-06-2024' for column 'Date_Added' at row 1
[2025-06-30T05:34:23.020+0000] {logging_mixin.py:188} INFO - error :  1292 (22007): Incorrect datetime value: '29-06-2024' for column 'Date_Added' at row 1
[2025-06-30T05:34:23.025+0000] {logging_mixin.py:188} INFO - error :  1292 (22007): Incorrect datetime value: '29-06-2024' for column 'Date_Added' at row 1
[2025-06-30T05:34:23.028+0000] {logging_mixin.py:188} INFO - error :  1292 (22007): Incorrect datetime value: '29-06-2024' for column 'Date_Added' at row 1
[2025-06-30T05:34:23.031+0000] {logging_mixin.py:188} INFO - error :  1292 (22007): Incorrect datetime value: '29-06-2024' for column 'Date_Added' at row 1
[2025-06-30T05:34:23.034+0000] {logging_mixin.py:188} INFO - error :  1292 (22007): Incorrect datetime value: '29-06-2024' for column 'Date_Added' at row 1
[2025-06-30T05:34:23.037+0000] {logging_mixin.py:188} INFO - error :  1292 (22007): Incorrect datetime value: '29-06-2024' for column 'Date_Added' at row 1
[2025-06-30T05:34:23.039+0000] {logging_mixin.py:188} INFO - error :  1292 (22007): Incorrect datetime value: '29-06-2024' for column 'Date_Added' at row 1
[2025-06-30T05:34:23.043+0000] {logging_mixin.py:188} INFO - error :  1292 (22007): Incorrect datetime value: '29-06-2024' for column 'Date_Added' at row 1
[2025-06-30T05:34:23.046+0000] {logging_mixin.py:188} INFO - error :  1292 (22007): Incorrect datetime value: '29-06-2024' for column 'Date_Added' at row 1
[2025-06-30T05:34:23.050+0000] {logging_mixin.py:188} INFO - error :  1292 (22007): Incorrect datetime value: '29-06-2024' for column 'Date_Added' at row 1
[2025-06-30T05:34:23.054+0000] {logging_mixin.py:188} INFO - error :  1292 (22007): Incorrect datetime value: '29-06-2024' for column 'Date_Added' at row 1
[2025-06-30T05:34:23.058+0000] {logging_mixin.py:188} INFO - error :  1292 (22007): Incorrect datetime value: '29-06-2024' for column 'Date_Added' at row 1
[2025-06-30T05:34:23.062+0000] {logging_mixin.py:188} INFO - error :  1292 (22007): Incorrect datetime value: '29-06-2024' for column 'Date_Added' at row 1
[2025-06-30T05:34:23.065+0000] {logging_mixin.py:188} INFO - error :  1292 (22007): Incorrect datetime value: '29-06-2024' for column 'Date_Added' at row 1
[2025-06-30T05:34:23.069+0000] {logging_mixin.py:188} INFO - error :  1292 (22007): Incorrect datetime value: '29-06-2024' for column 'Date_Added' at row 1
[2025-06-30T05:34:23.075+0000] {logging_mixin.py:188} INFO - error :  1292 (22007): Incorrect datetime value: '29-06-2024' for column 'Date_Added' at row 1
[2025-06-30T05:34:23.079+0000] {logging_mixin.py:188} INFO - error :  1292 (22007): Incorrect datetime value: '29-06-2024' for column 'Date_Added' at row 1
[2025-06-30T05:34:23.082+0000] {logging_mixin.py:188} INFO - error :  1292 (22007): Incorrect datetime value: '29-06-2024' for column 'Date_Added' at row 1
[2025-06-30T05:34:23.085+0000] {logging_mixin.py:188} INFO - error :  1292 (22007): Incorrect datetime value: '29-06-2024' for column 'Date_Added' at row 1
[2025-06-30T05:34:23.088+0000] {logging_mixin.py:188} INFO - error :  1292 (22007): Incorrect datetime value: '29-06-2024' for column 'Date_Added' at row 1
[2025-06-30T05:34:23.092+0000] {logging_mixin.py:188} INFO - error :  1292 (22007): Incorrect datetime value: '29-06-2024' for column 'Date_Added' at row 1
[2025-06-30T05:34:23.095+0000] {logging_mixin.py:188} INFO - error :  1292 (22007): Incorrect datetime value: '29-06-2024' for column 'Date_Added' at row 1
[2025-06-30T05:34:23.099+0000] {logging_mixin.py:188} INFO - error :  1292 (22007): Incorrect datetime value: '29-06-2024' for column 'Date_Added' at row 1
[2025-06-30T05:34:23.101+0000] {logging_mixin.py:188} INFO - error :  1292 (22007): Incorrect datetime value: '29-06-2024' for column 'Date_Added' at row 1
[2025-06-30T05:34:23.105+0000] {logging_mixin.py:188} INFO - error :  1292 (22007): Incorrect datetime value: '29-06-2024' for column 'Date_Added' at row 1
[2025-06-30T05:34:23.109+0000] {logging_mixin.py:188} INFO - error :  1292 (22007): Incorrect datetime value: '29-06-2024' for column 'Date_Added' at row 1
[2025-06-30T05:34:23.113+0000] {logging_mixin.py:188} INFO - error :  1292 (22007): Incorrect datetime value: '29-06-2024' for column 'Date_Added' at row 1
[2025-06-30T05:34:23.116+0000] {logging_mixin.py:188} INFO - error :  1292 (22007): Incorrect datetime value: '29-06-2024' for column 'Date_Added' at row 1
[2025-06-30T05:34:23.120+0000] {logging_mixin.py:188} INFO - error :  1292 (22007): Incorrect datetime value: '29-06-2024' for column 'Date_Added' at row 1
[2025-06-30T05:34:23.124+0000] {logging_mixin.py:188} INFO - error :  1292 (22007): Incorrect datetime value: '29-06-2024' for column 'Date_Added' at row 1
[2025-06-30T05:34:23.130+0000] {logging_mixin.py:188} INFO - error :  1292 (22007): Incorrect datetime value: '29-06-2024' for column 'Date_Added' at row 1
[2025-06-30T05:34:23.137+0000] {logging_mixin.py:188} INFO - error :  1292 (22007): Incorrect datetime value: '29-06-2024' for column 'Date_Added' at row 1
[2025-06-30T05:34:23.143+0000] {logging_mixin.py:188} INFO - error :  1292 (22007): Incorrect datetime value: '29-06-2024' for column 'Date_Added' at row 1
[2025-06-30T05:34:23.148+0000] {logging_mixin.py:188} INFO - error :  1292 (22007): Incorrect datetime value: '29-06-2024' for column 'Date_Added' at row 1
[2025-06-30T05:34:23.154+0000] {logging_mixin.py:188} INFO - error :  1292 (22007): Incorrect datetime value: '29-06-2024' for column 'Date_Added' at row 1
[2025-06-30T05:34:23.159+0000] {logging_mixin.py:188} INFO - error :  1292 (22007): Incorrect datetime value: '29-06-2024' for column 'Date_Added' at row 1
[2025-06-30T05:34:23.163+0000] {logging_mixin.py:188} INFO - error :  1292 (22007): Incorrect datetime value: '29-06-2024' for column 'Date_Added' at row 1
[2025-06-30T05:34:23.169+0000] {logging_mixin.py:188} INFO - error :  1292 (22007): Incorrect datetime value: '29-06-2024' for column 'Date_Added' at row 1
[2025-06-30T05:34:23.175+0000] {logging_mixin.py:188} INFO - error :  1292 (22007): Incorrect datetime value: '29-06-2024' for column 'Date_Added' at row 1
[2025-06-30T05:34:23.180+0000] {logging_mixin.py:188} INFO - error :  1292 (22007): Incorrect datetime value: '29-06-2024' for column 'Date_Added' at row 1
[2025-06-30T05:34:23.185+0000] {logging_mixin.py:188} INFO - error :  1292 (22007): Incorrect datetime value: '29-06-2024' for column 'Date_Added' at row 1
[2025-06-30T05:34:23.190+0000] {logging_mixin.py:188} INFO - error :  1292 (22007): Incorrect datetime value: '29-06-2024' for column 'Date_Added' at row 1
[2025-06-30T05:34:23.195+0000] {logging_mixin.py:188} INFO - error :  1292 (22007): Incorrect datetime value: '29-06-2024' for column 'Date_Added' at row 1
[2025-06-30T05:34:23.201+0000] {logging_mixin.py:188} INFO - error :  1292 (22007): Incorrect datetime value: '29-06-2024' for column 'Date_Added' at row 1
[2025-06-30T05:34:23.207+0000] {logging_mixin.py:188} INFO - error :  1292 (22007): Incorrect datetime value: '29-06-2024' for column 'Date_Added' at row 1
[2025-06-30T05:34:23.212+0000] {logging_mixin.py:188} INFO - error :  1292 (22007): Incorrect datetime value: '29-06-2024' for column 'Date_Added' at row 1
[2025-06-30T05:34:23.216+0000] {logging_mixin.py:188} INFO - error :  1292 (22007): Incorrect datetime value: '29-06-2024' for column 'Date_Added' at row 1
[2025-06-30T05:34:23.219+0000] {logging_mixin.py:188} INFO - error :  1292 (22007): Incorrect datetime value: '29-06-2024' for column 'Date_Added' at row 1
[2025-06-30T05:34:23.223+0000] {logging_mixin.py:188} INFO - error :  1292 (22007): Incorrect datetime value: '29-06-2024' for column 'Date_Added' at row 1
[2025-06-30T05:34:23.228+0000] {logging_mixin.py:188} INFO - error :  1292 (22007): Incorrect datetime value: '29-06-2024' for column 'Date_Added' at row 1
[2025-06-30T05:34:23.233+0000] {logging_mixin.py:188} INFO - error :  1292 (22007): Incorrect datetime value: '29-06-2024' for column 'Date_Added' at row 1
[2025-06-30T05:34:23.239+0000] {logging_mixin.py:188} INFO - error :  1292 (22007): Incorrect datetime value: '29-06-2024' for column 'Date_Added' at row 1
[2025-06-30T05:34:23.244+0000] {logging_mixin.py:188} INFO - error :  1292 (22007): Incorrect datetime value: '29-06-2024' for column 'Date_Added' at row 1
[2025-06-30T05:34:23.249+0000] {logging_mixin.py:188} INFO - error :  1292 (22007): Incorrect datetime value: '29-06-2024' for column 'Date_Added' at row 1
[2025-06-30T05:34:23.255+0000] {logging_mixin.py:188} INFO - error :  1292 (22007): Incorrect datetime value: '29-06-2024' for column 'Date_Added' at row 1
[2025-06-30T05:34:23.260+0000] {logging_mixin.py:188} INFO - error :  1292 (22007): Incorrect datetime value: '29-06-2024' for column 'Date_Added' at row 1
[2025-06-30T05:34:23.265+0000] {logging_mixin.py:188} INFO - error :  1292 (22007): Incorrect datetime value: '29-06-2024' for column 'Date_Added' at row 1
[2025-06-30T05:34:23.270+0000] {logging_mixin.py:188} INFO - error :  1292 (22007): Incorrect datetime value: '29-06-2024' for column 'Date_Added' at row 1
[2025-06-30T05:34:23.274+0000] {logging_mixin.py:188} INFO - error :  1292 (22007): Incorrect datetime value: '29-06-2024' for column 'Date_Added' at row 1
[2025-06-30T05:34:23.279+0000] {logging_mixin.py:188} INFO - error :  1292 (22007): Incorrect datetime value: '29-06-2024' for column 'Date_Added' at row 1
[2025-06-30T05:34:23.283+0000] {logging_mixin.py:188} INFO - error :  1292 (22007): Incorrect datetime value: '29-06-2024' for column 'Date_Added' at row 1
[2025-06-30T05:34:23.288+0000] {logging_mixin.py:188} INFO - error :  1292 (22007): Incorrect datetime value: '29-06-2024' for column 'Date_Added' at row 1
[2025-06-30T05:34:23.292+0000] {logging_mixin.py:188} INFO - error :  1292 (22007): Incorrect datetime value: '29-06-2024' for column 'Date_Added' at row 1
[2025-06-30T05:34:23.296+0000] {logging_mixin.py:188} INFO - error :  1292 (22007): Incorrect datetime value: '29-06-2024' for column 'Date_Added' at row 1
[2025-06-30T05:34:23.301+0000] {logging_mixin.py:188} INFO - error :  1292 (22007): Incorrect datetime value: '29-06-2024' for column 'Date_Added' at row 1
[2025-06-30T05:34:23.306+0000] {logging_mixin.py:188} INFO - error :  1292 (22007): Incorrect datetime value: '29-06-2024' for column 'Date_Added' at row 1
[2025-06-30T05:34:23.310+0000] {logging_mixin.py:188} INFO - error :  1292 (22007): Incorrect datetime value: '29-06-2024' for column 'Date_Added' at row 1
[2025-06-30T05:34:23.315+0000] {logging_mixin.py:188} INFO - error :  1292 (22007): Incorrect datetime value: '29-06-2024' for column 'Date_Added' at row 1
[2025-06-30T05:34:23.319+0000] {logging_mixin.py:188} INFO - error :  1292 (22007): Incorrect datetime value: '29-06-2024' for column 'Date_Added' at row 1
[2025-06-30T05:34:23.324+0000] {logging_mixin.py:188} INFO - error :  1292 (22007): Incorrect datetime value: '29-06-2024' for column 'Date_Added' at row 1
[2025-06-30T05:34:23.328+0000] {logging_mixin.py:188} INFO - error :  1292 (22007): Incorrect datetime value: '29-06-2024' for column 'Date_Added' at row 1
[2025-06-30T05:34:23.333+0000] {logging_mixin.py:188} INFO - error :  1292 (22007): Incorrect datetime value: '29-06-2024' for column 'Date_Added' at row 1
[2025-06-30T05:34:23.338+0000] {logging_mixin.py:188} INFO - error :  1292 (22007): Incorrect datetime value: '29-06-2024' for column 'Date_Added' at row 1
[2025-06-30T05:34:23.345+0000] {logging_mixin.py:188} INFO - error :  1292 (22007): Incorrect datetime value: '29-06-2024' for column 'Date_Added' at row 1
[2025-06-30T05:34:23.349+0000] {logging_mixin.py:188} INFO - error :  1292 (22007): Incorrect datetime value: '29-06-2024' for column 'Date_Added' at row 1
[2025-06-30T05:34:23.353+0000] {logging_mixin.py:188} INFO - error :  1292 (22007): Incorrect datetime value: '29-06-2024' for column 'Date_Added' at row 1
[2025-06-30T05:34:23.357+0000] {logging_mixin.py:188} INFO - error :  1292 (22007): Incorrect datetime value: '29-06-2024' for column 'Date_Added' at row 1
[2025-06-30T05:34:23.361+0000] {logging_mixin.py:188} INFO - error :  1292 (22007): Incorrect datetime value: '29-06-2024' for column 'Date_Added' at row 1
[2025-06-30T05:34:23.365+0000] {logging_mixin.py:188} INFO - error :  1292 (22007): Incorrect datetime value: '29-06-2024' for column 'Date_Added' at row 1
[2025-06-30T05:34:23.369+0000] {logging_mixin.py:188} INFO - error :  1292 (22007): Incorrect datetime value: '29-06-2024' for column 'Date_Added' at row 1
[2025-06-30T05:34:23.374+0000] {logging_mixin.py:188} INFO - error :  1292 (22007): Incorrect datetime value: '29-06-2024' for column 'Date_Added' at row 1
[2025-06-30T05:34:23.378+0000] {logging_mixin.py:188} INFO - error :  1292 (22007): Incorrect datetime value: '29-06-2024' for column 'Date_Added' at row 1
[2025-06-30T05:34:23.382+0000] {logging_mixin.py:188} INFO - error :  1292 (22007): Incorrect datetime value: '29-06-2024' for column 'Date_Added' at row 1
[2025-06-30T05:34:23.386+0000] {logging_mixin.py:188} INFO - error :  1292 (22007): Incorrect datetime value: '29-06-2024' for column 'Date_Added' at row 1
[2025-06-30T05:34:23.391+0000] {logging_mixin.py:188} INFO - error :  1292 (22007): Incorrect datetime value: '29-06-2024' for column 'Date_Added' at row 1
[2025-06-30T05:34:23.396+0000] {logging_mixin.py:188} INFO - error :  1292 (22007): Incorrect datetime value: '29-06-2024' for column 'Date_Added' at row 1
[2025-06-30T05:34:23.399+0000] {logging_mixin.py:188} INFO - error :  1292 (22007): Incorrect datetime value: '29-06-2024' for column 'Date_Added' at row 1
[2025-06-30T05:34:23.403+0000] {logging_mixin.py:188} INFO - error :  1292 (22007): Incorrect datetime value: '29-06-2024' for column 'Date_Added' at row 1
[2025-06-30T05:34:23.407+0000] {logging_mixin.py:188} INFO - error :  1292 (22007): Incorrect datetime value: '29-06-2024' for column 'Date_Added' at row 1
[2025-06-30T05:34:23.411+0000] {logging_mixin.py:188} INFO - error :  1292 (22007): Incorrect datetime value: '29-06-2024' for column 'Date_Added' at row 1
[2025-06-30T05:34:23.415+0000] {logging_mixin.py:188} INFO - error :  1292 (22007): Incorrect datetime value: '29-06-2024' for column 'Date_Added' at row 1
[2025-06-30T05:34:23.419+0000] {logging_mixin.py:188} INFO - error :  1292 (22007): Incorrect datetime value: '29-06-2024' for column 'Date_Added' at row 1
[2025-06-30T05:34:23.423+0000] {logging_mixin.py:188} INFO - error :  1292 (22007): Incorrect datetime value: '29-06-2024' for column 'Date_Added' at row 1
[2025-06-30T05:34:23.428+0000] {logging_mixin.py:188} INFO - error :  1292 (22007): Incorrect datetime value: '29-06-2024' for column 'Date_Added' at row 1
[2025-06-30T05:34:23.433+0000] {logging_mixin.py:188} INFO - error :  1292 (22007): Incorrect datetime value: '29-06-2024' for column 'Date_Added' at row 1
[2025-06-30T05:34:23.437+0000] {logging_mixin.py:188} INFO - error :  1292 (22007): Incorrect datetime value: '29-06-2024' for column 'Date_Added' at row 1
[2025-06-30T05:34:23.441+0000] {logging_mixin.py:188} INFO - error :  1292 (22007): Incorrect datetime value: '29-06-2024' for column 'Date_Added' at row 1
[2025-06-30T05:34:23.445+0000] {python.py:237} INFO - Done. Returned value was: None
[2025-06-30T05:34:23.447+0000] {taskinstance.py:441} INFO - ::group::Post task execution logs
[2025-06-30T05:34:23.462+0000] {taskinstance.py:1206} INFO - Marking task as SUCCESS. dag_id=mysql_dag, task_id=insert_data, run_id=manual__2025-06-30T05:33:17.359492+00:00, execution_date=20250630T053317, start_date=20250630T053422, end_date=20250630T053423
[2025-06-30T05:34:23.496+0000] {local_task_job_runner.py:240} INFO - Task exited with return code 0
[2025-06-30T05:34:23.517+0000] {taskinstance.py:3503} INFO - 0 downstream tasks scheduled from follow-on schedule check
[2025-06-30T05:34:23.520+0000] {local_task_job_runner.py:222} INFO - ::endgroup::
