[2025-07-04T04:29:13.911+0000] {local_task_job_runner.py:120} INFO - ::group::Pre task execution logs
[2025-07-04T04:29:14.083+0000] {taskinstance.py:2076} INFO - Dependencies all met for dep_context=non-requeueable deps ti=<TaskInstance: products_prices_dag.price_compare scheduled__2025-07-03T00:00:00+00:00 [queued]>
[2025-07-04T04:29:14.094+0000] {taskinstance.py:2076} INFO - Dependencies all met for dep_context=requeueable deps ti=<TaskInstance: products_prices_dag.price_compare scheduled__2025-07-03T00:00:00+00:00 [queued]>
[2025-07-04T04:29:14.095+0000] {taskinstance.py:2306} INFO - Starting attempt 1 of 3
[2025-07-04T04:29:14.166+0000] {taskinstance.py:2330} INFO - Executing <Task(MySqlOperator): price_compare> on 2025-07-03 00:00:00+00:00
[2025-07-04T04:29:14.176+0000] {standard_task_runner.py:63} INFO - Started process 2676 to run task
[2025-07-04T04:29:14.183+0000] {standard_task_runner.py:90} INFO - Running: ['***', 'tasks', 'run', 'products_prices_dag', 'price_compare', 'scheduled__2025-07-03T00:00:00+00:00', '--job-id', '200', '--raw', '--subdir', 'DAGS_FOLDER/products_prices_dag.py', '--cfg-path', '/tmp/tmppvpgruwl']
[2025-07-04T04:29:14.191+0000] {standard_task_runner.py:91} INFO - Job 200: Subtask price_compare
[2025-07-04T04:29:14.225+0000] {logging_mixin.py:188} WARNING - /home/***/.local/lib/python3.10/site-packages/***/settings.py:195 DeprecationWarning: The sql_alchemy_conn option in [core] has been moved to the sql_alchemy_conn option in [database] - the old setting has been used, but please update your config.
[2025-07-04T04:29:14.313+0000] {task_command.py:426} INFO - Running <TaskInstance: products_prices_dag.price_compare scheduled__2025-07-03T00:00:00+00:00 [running]> on host e43ce2a1e7a4
[2025-07-04T04:28:25.486+0000] {taskinstance.py:2648} INFO - Exporting env vars: AIRFLOW_CTX_DAG_OWNER='karthik' AIRFLOW_CTX_DAG_ID='products_prices_dag' AIRFLOW_CTX_TASK_ID='price_compare' AIRFLOW_CTX_EXECUTION_DATE='2025-07-03T00:00:00+00:00' AIRFLOW_CTX_TRY_NUMBER='1' AIRFLOW_CTX_DAG_RUN_ID='scheduled__2025-07-03T00:00:00+00:00'
[2025-07-04T04:28:25.489+0000] {taskinstance.py:430} INFO - ::endgroup::
[2025-07-04T04:28:25.509+0000] {sql.py:276} INFO - Executing: 
            select 
                pt1.product_name, 
                pt1.price as yesterday_price, 
                pt2.price as today_price, 
                round(((pt1.price - pt2.price) / pt1.price) * 100, 2) AS decrease_percentage
            from products_table pt1
            join products_table pt2
            on pt1.product_id = pt2.product_id 
            and pt1.date = date_sub(pt2.date, interval 1 day)
            where pt1.price > pt2.price
        
[2025-07-04T04:28:25.519+0000] {base.py:84} INFO - Using connection ID 'mysql_conn' for task execution.
[2025-07-04T04:28:25.529+0000] {base.py:84} INFO - Using connection ID 'mysql_conn' for task execution.
[2025-07-04T04:28:25.555+0000] {sql.py:487} INFO - Running statement: 
            select 
                pt1.product_name, 
                pt1.price as yesterday_price, 
                pt2.price as today_price, 
                round(((pt1.price - pt2.price) / pt1.price) * 100, 2) AS decrease_percentage
            from products_table pt1
            join products_table pt2
            on pt1.product_id = pt2.product_id 
            and pt1.date = date_sub(pt2.date, interval 1 day)
            where pt1.price > pt2.price
        , parameters: None
[2025-07-04T04:28:25.558+0000] {sql.py:496} INFO - Rows affected: 0
[2025-07-04T04:28:25.561+0000] {taskinstance.py:441} INFO - ::group::Post task execution logs
[2025-07-04T04:28:25.599+0000] {taskinstance.py:1206} INFO - Marking task as SUCCESS. dag_id=products_prices_dag, task_id=price_compare, run_id=scheduled__2025-07-03T00:00:00+00:00, execution_date=20250703T000000, start_date=20250704T042914, end_date=20250704T042825
[2025-07-04T04:28:25.657+0000] {local_task_job_runner.py:240} INFO - Task exited with return code 0
[2025-07-04T04:28:25.682+0000] {logging_mixin.py:188} WARNING - /home/***/.local/lib/python3.10/site-packages/***/models/baseoperator.py:1297 AirflowProviderDeprecationWarning: Call to deprecated class MySqlOperator. (Please use `***.providers.common.sql.operators.sql.SQLExecuteQueryOperator`.Also, you can provide `hook_params={'schema': <database>}`.)
[2025-07-04T04:28:25.696+0000] {taskinstance.py:3503} INFO - 0 downstream tasks scheduled from follow-on schedule check
[2025-07-04T04:28:25.703+0000] {local_task_job_runner.py:222} INFO - ::endgroup::
