[2025-07-04T04:34:20.812+0000] {local_task_job_runner.py:120} INFO - ::group::Pre task execution logs
[2025-07-04T04:34:21.043+0000] {taskinstance.py:2076} INFO - Dependencies all met for dep_context=non-requeueable deps ti=<TaskInstance: products_prices_dag.price_compare scheduled__2025-07-03T00:00:00+00:00 [queued]>
[2025-07-04T04:34:21.057+0000] {taskinstance.py:2076} INFO - Dependencies all met for dep_context=requeueable deps ti=<TaskInstance: products_prices_dag.price_compare scheduled__2025-07-03T00:00:00+00:00 [queued]>
[2025-07-04T04:34:21.060+0000] {taskinstance.py:2306} INFO - Starting attempt 2 of 4
[2025-07-04T04:34:21.111+0000] {taskinstance.py:2330} INFO - Executing <Task(MySqlOperator): price_compare> on 2025-07-03 00:00:00+00:00
[2025-07-04T04:34:21.121+0000] {standard_task_runner.py:63} INFO - Started process 2849 to run task
[2025-07-04T04:34:21.128+0000] {standard_task_runner.py:90} INFO - Running: ['***', 'tasks', 'run', 'products_prices_dag', 'price_compare', 'scheduled__2025-07-03T00:00:00+00:00', '--job-id', '201', '--raw', '--subdir', 'DAGS_FOLDER/products_prices_dag.py', '--cfg-path', '/tmp/tmp9q7f_rv5']
[2025-07-04T04:34:21.136+0000] {standard_task_runner.py:91} INFO - Job 201: Subtask price_compare
[2025-07-04T04:34:21.176+0000] {logging_mixin.py:188} WARNING - /home/***/.local/lib/python3.10/site-packages/***/settings.py:195 DeprecationWarning: The sql_alchemy_conn option in [core] has been moved to the sql_alchemy_conn option in [database] - the old setting has been used, but please update your config.
[2025-07-04T04:34:21.265+0000] {task_command.py:426} INFO - Running <TaskInstance: products_prices_dag.price_compare scheduled__2025-07-03T00:00:00+00:00 [running]> on host e43ce2a1e7a4
[2025-07-04T04:34:21.436+0000] {taskinstance.py:2648} INFO - Exporting env vars: AIRFLOW_CTX_DAG_OWNER='karthik' AIRFLOW_CTX_DAG_ID='products_prices_dag' AIRFLOW_CTX_TASK_ID='price_compare' AIRFLOW_CTX_EXECUTION_DATE='2025-07-03T00:00:00+00:00' AIRFLOW_CTX_TRY_NUMBER='2' AIRFLOW_CTX_DAG_RUN_ID='scheduled__2025-07-03T00:00:00+00:00'
[2025-07-04T04:34:21.438+0000] {taskinstance.py:430} INFO - ::endgroup::
[2025-07-04T04:34:21.458+0000] {sql.py:276} INFO - Executing: 
            select 
                pt1.product_name, 
                pt1.price as yesterday_price, 
                pt2.price as today_price, 
                round(((pt1.price - pt2.price) / pt1.price) * 100, 2) AS decrease_percentage
            from products_table pt1
            join products_table pt2
            on pt1.product_id = pt2.product_id 
            and date(pt1.date)= date_sub(date(pt2.date), interval 1 day)
            where pt1.price > pt2.price
        
[2025-07-04T04:34:21.475+0000] {base.py:84} INFO - Using connection ID 'mysql_conn' for task execution.
[2025-07-04T04:34:21.494+0000] {base.py:84} INFO - Using connection ID 'mysql_conn' for task execution.
[2025-07-04T04:34:21.529+0000] {sql.py:487} INFO - Running statement: 
            select 
                pt1.product_name, 
                pt1.price as yesterday_price, 
                pt2.price as today_price, 
                round(((pt1.price - pt2.price) / pt1.price) * 100, 2) AS decrease_percentage
            from products_table pt1
            join products_table pt2
            on pt1.product_id = pt2.product_id 
            and date(pt1.date)= date_sub(date(pt2.date), interval 1 day)
            where pt1.price > pt2.price
        , parameters: None
[2025-07-04T04:34:21.534+0000] {sql.py:496} INFO - Rows affected: 8
[2025-07-04T04:34:21.539+0000] {taskinstance.py:441} INFO - ::group::Post task execution logs
[2025-07-04T04:34:21.606+0000] {taskinstance.py:1206} INFO - Marking task as SUCCESS. dag_id=products_prices_dag, task_id=price_compare, run_id=scheduled__2025-07-03T00:00:00+00:00, execution_date=20250703T000000, start_date=20250704T043421, end_date=20250704T043421
[2025-07-04T04:34:21.663+0000] {local_task_job_runner.py:240} INFO - Task exited with return code 0
[2025-07-04T04:34:21.686+0000] {logging_mixin.py:188} WARNING - /home/***/.local/lib/python3.10/site-packages/***/models/baseoperator.py:1297 AirflowProviderDeprecationWarning: Call to deprecated class MySqlOperator. (Please use `***.providers.common.sql.operators.sql.SQLExecuteQueryOperator`.Also, you can provide `hook_params={'schema': <database>}`.)
[2025-07-04T04:34:21.699+0000] {taskinstance.py:3503} INFO - 0 downstream tasks scheduled from follow-on schedule check
[2025-07-04T04:34:21.728+0000] {local_task_job_runner.py:222} INFO - ::endgroup::
