[2025-07-04T05:33:24.705+0000] {local_task_job_runner.py:120} INFO - ::group::Pre task execution logs
[2025-07-04T05:33:24.747+0000] {taskinstance.py:2076} INFO - Dependencies all met for dep_context=non-requeueable deps ti=<TaskInstance: products_prices_dag.price_compare scheduled__2025-07-03T00:00:00+00:00 [queued]>
[2025-07-04T05:33:24.763+0000] {taskinstance.py:2076} INFO - Dependencies all met for dep_context=requeueable deps ti=<TaskInstance: products_prices_dag.price_compare scheduled__2025-07-03T00:00:00+00:00 [queued]>
[2025-07-04T05:33:24.765+0000] {taskinstance.py:2306} INFO - Starting attempt 5 of 7
[2025-07-04T05:33:24.791+0000] {taskinstance.py:2330} INFO - Executing <Task(MySqlOperator): price_compare> on 2025-07-03 00:00:00+00:00
[2025-07-04T05:33:24.801+0000] {standard_task_runner.py:63} INFO - Started process 4717 to run task
[2025-07-04T05:33:24.809+0000] {standard_task_runner.py:90} INFO - Running: ['***', 'tasks', 'run', 'products_prices_dag', 'price_compare', 'scheduled__2025-07-03T00:00:00+00:00', '--job-id', '215', '--raw', '--subdir', 'DAGS_FOLDER/products_prices_dag.py', '--cfg-path', '/tmp/tmphzmsboo1']
[2025-07-04T05:33:24.817+0000] {standard_task_runner.py:91} INFO - Job 215: Subtask price_compare
[2025-07-04T05:33:24.855+0000] {logging_mixin.py:188} WARNING - /home/***/.local/lib/python3.10/site-packages/***/settings.py:195 DeprecationWarning: The sql_alchemy_conn option in [core] has been moved to the sql_alchemy_conn option in [database] - the old setting has been used, but please update your config.
[2025-07-04T05:33:24.947+0000] {task_command.py:426} INFO - Running <TaskInstance: products_prices_dag.price_compare scheduled__2025-07-03T00:00:00+00:00 [running]> on host e43ce2a1e7a4
[2025-07-04T05:33:25.131+0000] {taskinstance.py:2648} INFO - Exporting env vars: AIRFLOW_CTX_DAG_OWNER='karthik' AIRFLOW_CTX_DAG_ID='products_prices_dag' AIRFLOW_CTX_TASK_ID='price_compare' AIRFLOW_CTX_EXECUTION_DATE='2025-07-03T00:00:00+00:00' AIRFLOW_CTX_TRY_NUMBER='5' AIRFLOW_CTX_DAG_RUN_ID='scheduled__2025-07-03T00:00:00+00:00'
[2025-07-04T05:33:25.135+0000] {taskinstance.py:430} INFO - ::endgroup::
[2025-07-04T05:33:25.163+0000] {sql.py:276} INFO - Executing: 
            SELECT 
                pt1.product_name, 
                pt1.price AS yesterday_price, 
                pt2.price AS today_price, 
                ROUND(((pt1.price - pt2.price) / pt1.price) * 100, 2) AS drop_percentage
            FROM products_table pt1
            JOIN products_table pt2
              ON pt1.product_id = pt2.product_id
             AND DATE(pt1.date) = DATE_SUB(DATE(pt2.date), INTERVAL 1 DAY)
            WHERE pt1.price > pt2.price;
        
[2025-07-04T05:33:25.180+0000] {base.py:84} INFO - Using connection ID 'mysql_conn' for task execution.
[2025-07-04T05:33:25.201+0000] {base.py:84} INFO - Using connection ID 'mysql_conn' for task execution.
[2025-07-04T05:33:25.249+0000] {sql.py:487} INFO - Running statement: 
            SELECT 
                pt1.product_name, 
                pt1.price AS yesterday_price, 
                pt2.price AS today_price, 
                ROUND(((pt1.price - pt2.price) / pt1.price) * 100, 2) AS drop_percentage
            FROM products_table pt1
            JOIN products_table pt2
              ON pt1.product_id = pt2.product_id
             AND DATE(pt1.date) = DATE_SUB(DATE(pt2.date), INTERVAL 1 DAY)
            WHERE pt1.price > pt2.price;
        , parameters: None
[2025-07-04T05:33:25.254+0000] {sql.py:496} INFO - Rows affected: 13
[2025-07-04T05:33:25.257+0000] {taskinstance.py:441} INFO - ::group::Post task execution logs
[2025-07-04T05:33:25.324+0000] {taskinstance.py:1206} INFO - Marking task as SUCCESS. dag_id=products_prices_dag, task_id=price_compare, run_id=scheduled__2025-07-03T00:00:00+00:00, execution_date=20250703T000000, start_date=20250704T053324, end_date=20250704T053325
[2025-07-04T05:33:25.335+0000] {taskinstance.py:1182} ERROR - Error when executing success_slack_msg callback
Traceback (most recent call last):
  File "/home/airflow/.local/lib/python3.10/site-packages/airflow/models/taskinstance.py", line 1179, in _run_finished_callback
    callback(context)
  File "/opt/airflow/dags/products_prices_dag.py", line 35, in success_slack_msg
    webhook_token=Variable.get("slack_webhook"),
  File "/home/airflow/.local/lib/python3.10/site-packages/airflow/models/variable.py", line 143, in get
    raise KeyError(f"Variable {key} does not exist")
KeyError: 'Variable slack_webhook does not exist'
[2025-07-04T05:33:25.428+0000] {local_task_job_runner.py:240} INFO - Task exited with return code 0
[2025-07-04T05:33:25.453+0000] {logging_mixin.py:188} WARNING - /home/***/.local/lib/python3.10/site-packages/***/models/baseoperator.py:1297 AirflowProviderDeprecationWarning: Call to deprecated class MySqlOperator. (Please use `***.providers.common.sql.operators.sql.SQLExecuteQueryOperator`.Also, you can provide `hook_params={'schema': <database>}`.)
[2025-07-04T05:33:25.480+0000] {taskinstance.py:3503} INFO - 1 downstream tasks scheduled from follow-on schedule check
[2025-07-04T05:33:25.510+0000] {local_task_job_runner.py:222} INFO - ::endgroup::
