[2025-07-04T03:24:29.521+0000] {local_task_job_runner.py:120} INFO - ::group::Pre task execution logs
[2025-07-04T03:24:29.561+0000] {taskinstance.py:2076} INFO - Dependencies all met for dep_context=non-requeueable deps ti=<TaskInstance: products_prices_dag.scrape_products scheduled__2025-07-03T00:00:00+00:00 [queued]>
[2025-07-04T03:24:29.573+0000] {taskinstance.py:2076} INFO - Dependencies all met for dep_context=requeueable deps ti=<TaskInstance: products_prices_dag.scrape_products scheduled__2025-07-03T00:00:00+00:00 [queued]>
[2025-07-04T03:24:29.574+0000] {taskinstance.py:2306} INFO - Starting attempt 2 of 4
[2025-07-04T03:24:29.596+0000] {taskinstance.py:2330} INFO - Executing <Task(PythonOperator): scrape_products> on 2025-07-03 00:00:00+00:00
[2025-07-04T03:24:29.602+0000] {standard_task_runner.py:63} INFO - Started process 423 to run task
[2025-07-04T03:24:29.607+0000] {standard_task_runner.py:90} INFO - Running: ['***', 'tasks', 'run', 'products_prices_dag', 'scrape_products', 'scheduled__2025-07-03T00:00:00+00:00', '--job-id', '153', '--raw', '--subdir', 'DAGS_FOLDER/products_prices_dag.py', '--cfg-path', '/tmp/tmp_kxpbe7x']
[2025-07-04T03:24:29.612+0000] {standard_task_runner.py:91} INFO - Job 153: Subtask scrape_products
[2025-07-04T03:24:29.640+0000] {logging_mixin.py:188} WARNING - /home/***/.local/lib/python3.10/site-packages/***/settings.py:195 DeprecationWarning: The sql_alchemy_conn option in [core] has been moved to the sql_alchemy_conn option in [database] - the old setting has been used, but please update your config.
[2025-07-04T03:24:29.731+0000] {task_command.py:426} INFO - Running <TaskInstance: products_prices_dag.scrape_products scheduled__2025-07-03T00:00:00+00:00 [running]> on host e43ce2a1e7a4
[2025-07-04T03:24:30.169+0000] {taskinstance.py:2648} INFO - Exporting env vars: AIRFLOW_CTX_DAG_OWNER='karthik' AIRFLOW_CTX_DAG_ID='products_prices_dag' AIRFLOW_CTX_TASK_ID='scrape_products' AIRFLOW_CTX_EXECUTION_DATE='2025-07-03T00:00:00+00:00' AIRFLOW_CTX_TRY_NUMBER='2' AIRFLOW_CTX_DAG_RUN_ID='scheduled__2025-07-03T00:00:00+00:00'
[2025-07-04T03:24:30.172+0000] {taskinstance.py:430} INFO - ::endgroup::
[2025-07-04T03:24:31.170+0000] {get_products.py:16} INFO - 200
[2025-07-04T03:24:31.223+0000] {get_products.py:27} INFO - /opt/***
[2025-07-04T03:24:31.227+0000] {python.py:237} INFO - Done. Returned value was: None
[2025-07-04T03:24:31.229+0000] {taskinstance.py:441} INFO - ::group::Post task execution logs
[2025-07-04T03:24:31.243+0000] {taskinstance.py:1206} INFO - Marking task as SUCCESS. dag_id=products_prices_dag, task_id=scrape_products, run_id=scheduled__2025-07-03T00:00:00+00:00, execution_date=20250703T000000, start_date=20250704T032429, end_date=20250704T032431
[2025-07-04T03:24:31.313+0000] {local_task_job_runner.py:240} INFO - Task exited with return code 0
[2025-07-04T03:24:31.347+0000] {taskinstance.py:3503} INFO - 1 downstream tasks scheduled from follow-on schedule check
[2025-07-04T03:24:31.356+0000] {local_task_job_runner.py:222} INFO - ::endgroup::
