[2025-07-04T03:30:36.732+0000] {local_task_job_runner.py:120} INFO - ::group::Pre task execution logs
[2025-07-04T03:30:36.786+0000] {taskinstance.py:2076} INFO - Dependencies all met for dep_context=non-requeueable deps ti=<TaskInstance: products_prices_dag.scrape_products scheduled__2025-07-03T00:00:00+00:00 [queued]>
[2025-07-04T03:30:36.807+0000] {taskinstance.py:2076} INFO - Dependencies all met for dep_context=requeueable deps ti=<TaskInstance: products_prices_dag.scrape_products scheduled__2025-07-03T00:00:00+00:00 [queued]>
[2025-07-04T03:30:36.809+0000] {taskinstance.py:2306} INFO - Starting attempt 3 of 5
[2025-07-04T03:30:36.882+0000] {taskinstance.py:2330} INFO - Executing <Task(PythonOperator): scrape_products> on 2025-07-03 00:00:00+00:00
[2025-07-04T03:30:36.893+0000] {standard_task_runner.py:63} INFO - Started process 657 to run task
[2025-07-04T03:30:36.902+0000] {standard_task_runner.py:90} INFO - Running: ['***', 'tasks', 'run', 'products_prices_dag', 'scrape_products', 'scheduled__2025-07-03T00:00:00+00:00', '--job-id', '163', '--raw', '--subdir', 'DAGS_FOLDER/products_prices_dag.py', '--cfg-path', '/tmp/tmpj9jzhxeb']
[2025-07-04T03:30:36.910+0000] {standard_task_runner.py:91} INFO - Job 163: Subtask scrape_products
[2025-07-04T03:30:36.954+0000] {logging_mixin.py:188} WARNING - /home/***/.local/lib/python3.10/site-packages/***/settings.py:195 DeprecationWarning: The sql_alchemy_conn option in [core] has been moved to the sql_alchemy_conn option in [database] - the old setting has been used, but please update your config.
[2025-07-04T03:30:37.055+0000] {task_command.py:426} INFO - Running <TaskInstance: products_prices_dag.scrape_products scheduled__2025-07-03T00:00:00+00:00 [running]> on host e43ce2a1e7a4
[2025-07-04T03:30:37.486+0000] {taskinstance.py:2648} INFO - Exporting env vars: AIRFLOW_CTX_DAG_OWNER='karthik' AIRFLOW_CTX_DAG_ID='products_prices_dag' AIRFLOW_CTX_TASK_ID='scrape_products' AIRFLOW_CTX_EXECUTION_DATE='2025-07-03T00:00:00+00:00' AIRFLOW_CTX_TRY_NUMBER='3' AIRFLOW_CTX_DAG_RUN_ID='scheduled__2025-07-03T00:00:00+00:00'
[2025-07-04T03:30:37.488+0000] {taskinstance.py:430} INFO - ::endgroup::
[2025-07-04T03:30:38.486+0000] {get_products.py:17} INFO - 200
[2025-07-04T03:30:38.536+0000] {get_products.py:28} INFO - /opt/***
[2025-07-04T03:30:38.539+0000] {python.py:237} INFO - Done. Returned value was: None
[2025-07-04T03:30:38.541+0000] {taskinstance.py:441} INFO - ::group::Post task execution logs
[2025-07-04T03:30:38.557+0000] {taskinstance.py:1206} INFO - Marking task as SUCCESS. dag_id=products_prices_dag, task_id=scrape_products, run_id=scheduled__2025-07-03T00:00:00+00:00, execution_date=20250703T000000, start_date=20250704T033036, end_date=20250704T033038
[2025-07-04T03:30:38.650+0000] {local_task_job_runner.py:240} INFO - Task exited with return code 0
[2025-07-04T03:30:38.696+0000] {taskinstance.py:3503} INFO - 1 downstream tasks scheduled from follow-on schedule check
[2025-07-04T03:30:38.705+0000] {local_task_job_runner.py:222} INFO - ::endgroup::
