[2025-06-30T06:06:43.679+0000] {local_task_job_runner.py:120} INFO - ::group::Pre task execution logs
[2025-06-30T06:06:43.884+0000] {taskinstance.py:2076} INFO - Dependencies all met for dep_context=non-requeueable deps ti=<TaskInstance: mysql_dag.check_price_diff manual__2025-06-30T06:05:40.771898+00:00 [queued]>
[2025-06-30T06:06:43.895+0000] {taskinstance.py:2076} INFO - Dependencies all met for dep_context=requeueable deps ti=<TaskInstance: mysql_dag.check_price_diff manual__2025-06-30T06:05:40.771898+00:00 [queued]>
[2025-06-30T06:06:43.896+0000] {taskinstance.py:2306} INFO - Starting attempt 1 of 2
[2025-06-30T06:06:43.932+0000] {taskinstance.py:2330} INFO - Executing <Task(PythonOperator): check_price_diff> on 2025-06-30 06:05:40.771898+00:00
[2025-06-30T06:06:43.955+0000] {standard_task_runner.py:63} INFO - Started process 1169 to run task
[2025-06-30T06:06:43.952+0000] {standard_task_runner.py:90} INFO - Running: ['***', 'tasks', 'run', 'mysql_dag', 'check_price_diff', 'manual__2025-06-30T06:05:40.771898+00:00', '--job-id', '67', '--raw', '--subdir', 'DAGS_FOLDER/mysql.py', '--cfg-path', '/tmp/tmpxyagw11y']
[2025-06-30T06:06:43.968+0000] {standard_task_runner.py:91} INFO - Job 67: Subtask check_price_diff
[2025-06-30T06:06:44.018+0000] {logging_mixin.py:188} WARNING - /home/***/.local/lib/python3.10/site-packages/***/settings.py:195 DeprecationWarning: The sql_alchemy_conn option in [core] has been moved to the sql_alchemy_conn option in [database] - the old setting has been used, but please update your config.
[2025-06-30T06:06:44.095+0000] {task_command.py:426} INFO - Running <TaskInstance: mysql_dag.check_price_diff manual__2025-06-30T06:05:40.771898+00:00 [running]> on host 76cdd04f4df6
[2025-06-30T06:06:44.254+0000] {taskinstance.py:2648} INFO - Exporting env vars: AIRFLOW_CTX_DAG_OWNER='Karthik' AIRFLOW_CTX_DAG_ID='mysql_dag' AIRFLOW_CTX_TASK_ID='check_price_diff' AIRFLOW_CTX_EXECUTION_DATE='2025-06-30T06:05:40.771898+00:00' AIRFLOW_CTX_TRY_NUMBER='1' AIRFLOW_CTX_DAG_RUN_ID='manual__2025-06-30T06:05:40.771898+00:00'
[2025-06-30T06:06:44.256+0000] {taskinstance.py:430} INFO - ::endgroup::
[2025-06-30T06:06:44.270+0000] {taskinstance.py:441} INFO - ::group::Post task execution logs
[2025-06-30T06:06:44.272+0000] {taskinstance.py:2905} ERROR - Task failed with exception
Traceback (most recent call last):
  File "/home/airflow/.local/lib/python3.10/site-packages/airflow/models/taskinstance.py", line 465, in _execute_task
    result = _execute_callable(context=context, **execute_callable_kwargs)
  File "/home/airflow/.local/lib/python3.10/site-packages/airflow/models/taskinstance.py", line 432, in _execute_callable
    return execute_callable(context=context, **execute_callable_kwargs)
  File "/home/airflow/.local/lib/python3.10/site-packages/airflow/models/baseoperator.py", line 401, in wrapper
    return func(self, *args, **kwargs)
  File "/home/airflow/.local/lib/python3.10/site-packages/airflow/operators/python.py", line 232, in execute
    context_merge(context, self.op_kwargs, templates_dict=self.templates_dict)
  File "/home/airflow/.local/lib/python3.10/site-packages/airflow/utils/context.py", line 266, in context_merge
    context.update(*args, **kwargs)
  File "/usr/local/lib/python3.10/_collections_abc.py", line 1004, in update
    for key, value in other:
TypeError: cannot unpack non-iterable Connection object
[2025-06-30T06:06:44.282+0000] {taskinstance.py:1206} INFO - Marking task as UP_FOR_RETRY. dag_id=mysql_dag, task_id=check_price_diff, run_id=manual__2025-06-30T06:05:40.771898+00:00, execution_date=20250630T060540, start_date=20250630T060643, end_date=20250630T060644
[2025-06-30T06:06:44.319+0000] {standard_task_runner.py:110} ERROR - Failed to execute job 67 for task check_price_diff (cannot unpack non-iterable Connection object; 1169)
[2025-06-30T06:06:44.335+0000] {local_task_job_runner.py:240} INFO - Task exited with return code 1
[2025-06-30T06:06:44.358+0000] {taskinstance.py:3503} INFO - 0 downstream tasks scheduled from follow-on schedule check
[2025-06-30T06:06:44.361+0000] {local_task_job_runner.py:222} INFO - ::endgroup::
