[2025-06-30T05:41:24.438+0000] {local_task_job_runner.py:120} INFO - ::group::Pre task execution logs
[2025-06-30T05:41:24.647+0000] {taskinstance.py:2076} INFO - Dependencies all met for dep_context=non-requeueable deps ti=<TaskInstance: mysql_dag.scrape_books manual__2025-06-30T05:41:22.277527+00:00 [queued]>
[2025-06-30T05:41:24.659+0000] {taskinstance.py:2076} INFO - Dependencies all met for dep_context=requeueable deps ti=<TaskInstance: mysql_dag.scrape_books manual__2025-06-30T05:41:22.277527+00:00 [queued]>
[2025-06-30T05:41:24.660+0000] {taskinstance.py:2306} INFO - Starting attempt 1 of 2
[2025-06-30T05:41:24.683+0000] {taskinstance.py:2330} INFO - Executing <Task(PythonOperator): scrape_books> on 2025-06-30 05:41:22.277527+00:00
[2025-06-30T05:41:24.691+0000] {standard_task_runner.py:63} INFO - Started process 851 to run task
[2025-06-30T05:41:24.698+0000] {standard_task_runner.py:90} INFO - Running: ['***', 'tasks', 'run', 'mysql_dag', 'scrape_books', 'manual__2025-06-30T05:41:22.277527+00:00', '--job-id', '57', '--raw', '--subdir', 'DAGS_FOLDER/mysql.py', '--cfg-path', '/tmp/tmp3syeh4dv']
[2025-06-30T05:41:24.704+0000] {standard_task_runner.py:91} INFO - Job 57: Subtask scrape_books
[2025-06-30T05:41:24.763+0000] {logging_mixin.py:188} WARNING - /home/***/.local/lib/python3.10/site-packages/***/settings.py:195 DeprecationWarning: The sql_alchemy_conn option in [core] has been moved to the sql_alchemy_conn option in [database] - the old setting has been used, but please update your config.
[2025-06-30T05:41:24.838+0000] {task_command.py:426} INFO - Running <TaskInstance: mysql_dag.scrape_books manual__2025-06-30T05:41:22.277527+00:00 [running]> on host 76cdd04f4df6
[2025-06-30T05:41:25.016+0000] {taskinstance.py:2648} INFO - Exporting env vars: AIRFLOW_CTX_DAG_OWNER='Karthik' AIRFLOW_CTX_DAG_ID='mysql_dag' AIRFLOW_CTX_TASK_ID='scrape_books' AIRFLOW_CTX_EXECUTION_DATE='2025-06-30T05:41:22.277527+00:00' AIRFLOW_CTX_TRY_NUMBER='1' AIRFLOW_CTX_DAG_RUN_ID='manual__2025-06-30T05:41:22.277527+00:00'
[2025-06-30T05:41:25.018+0000] {taskinstance.py:430} INFO - ::endgroup::
[2025-06-30T05:41:26.588+0000] {logging_mixin.py:188} INFO - CODE ::  200
[2025-06-30T05:41:26.614+0000] {logging_mixin.py:188} INFO - category ::  Mystery
[2025-06-30T05:41:26.615+0000] {logging_mixin.py:188} INFO - cat_pg_link ::  https://books.toscrape.com/catalogue/category/books/mystery_3/index.html
[2025-06-30T05:41:26.879+0000] {logging_mixin.py:188} INFO - CODE ::  200
[2025-06-30T05:41:26.927+0000] {logging_mixin.py:188} INFO - blocks ::  20
[2025-06-30T05:41:27.289+0000] {logging_mixin.py:188} INFO - CODE ::  200
[2025-06-30T05:41:27.571+0000] {logging_mixin.py:188} INFO - CODE ::  200
[2025-06-30T05:41:27.944+0000] {logging_mixin.py:188} INFO - CODE ::  200
[2025-06-30T05:41:28.211+0000] {logging_mixin.py:188} INFO - CODE ::  200
[2025-06-30T05:40:41.846+0000] {logging_mixin.py:188} INFO - CODE ::  200
[2025-06-30T05:41:29.953+0000] {logging_mixin.py:188} INFO - CODE ::  200
[2025-06-30T05:41:30.266+0000] {logging_mixin.py:188} INFO - CODE ::  200
[2025-06-30T05:41:30.669+0000] {logging_mixin.py:188} INFO - CODE ::  200
[2025-06-30T05:41:31.090+0000] {logging_mixin.py:188} INFO - CODE ::  200
[2025-06-30T05:41:31.397+0000] {logging_mixin.py:188} INFO - CODE ::  200
[2025-06-30T05:41:31.705+0000] {logging_mixin.py:188} INFO - CODE ::  200
[2025-06-30T05:41:32.008+0000] {logging_mixin.py:188} INFO - CODE ::  200
[2025-06-30T05:41:32.310+0000] {logging_mixin.py:188} INFO - CODE ::  200
[2025-06-30T05:41:32.719+0000] {logging_mixin.py:188} INFO - CODE ::  200
[2025-06-30T05:41:33.026+0000] {logging_mixin.py:188} INFO - CODE ::  200
[2025-06-30T05:41:33.338+0000] {logging_mixin.py:188} INFO - CODE ::  200
[2025-06-30T05:41:33.644+0000] {logging_mixin.py:188} INFO - CODE ::  200
[2025-06-30T05:41:33.947+0000] {logging_mixin.py:188} INFO - CODE ::  200
[2025-06-30T05:41:34.359+0000] {logging_mixin.py:188} INFO - CODE ::  200
[2025-06-30T05:41:34.767+0000] {logging_mixin.py:188} INFO - CODE ::  200
[2025-06-30T05:41:34.783+0000] {logging_mixin.py:188} INFO - cat_pg_link ::  https://books.toscrape.com/catalogue/category/books/mystery_3/page-2.html
[2025-06-30T05:41:35.069+0000] {logging_mixin.py:188} INFO - CODE ::  200
[2025-06-30T05:41:35.098+0000] {logging_mixin.py:188} INFO - blocks ::  12
[2025-06-30T05:41:35.485+0000] {logging_mixin.py:188} INFO - CODE ::  200
[2025-06-30T05:41:35.892+0000] {logging_mixin.py:188} INFO - CODE ::  200
[2025-06-30T05:41:36.302+0000] {logging_mixin.py:188} INFO - CODE ::  200
[2025-06-30T05:41:36.711+0000] {logging_mixin.py:188} INFO - CODE ::  200
[2025-06-30T05:41:37.121+0000] {logging_mixin.py:188} INFO - CODE ::  200
[2025-06-30T05:41:37.531+0000] {logging_mixin.py:188} INFO - CODE ::  200
[2025-06-30T05:41:37.941+0000] {logging_mixin.py:188} INFO - CODE ::  200
[2025-06-30T05:41:38.260+0000] {logging_mixin.py:188} INFO - CODE ::  200
[2025-06-30T05:41:38.562+0000] {logging_mixin.py:188} INFO - CODE ::  200
[2025-06-30T05:41:39.069+0000] {logging_mixin.py:188} INFO - CODE ::  200
[2025-06-30T05:41:39.480+0000] {logging_mixin.py:188} INFO - CODE ::  200
[2025-06-30T05:41:39.868+0000] {logging_mixin.py:188} INFO - CODE ::  200
[2025-06-30T05:41:39.892+0000] {logging_mixin.py:188} INFO - category ::  Philosophy
[2025-06-30T05:41:39.894+0000] {logging_mixin.py:188} INFO - cat_pg_link ::  https://books.toscrape.com/catalogue/category/books/philosophy_7/index.html
[2025-06-30T05:41:40.199+0000] {logging_mixin.py:188} INFO - CODE ::  200
[2025-06-30T05:41:40.227+0000] {logging_mixin.py:188} INFO - blocks ::  11
[2025-06-30T05:41:40.551+0000] {logging_mixin.py:188} INFO - CODE ::  200
[2025-06-30T05:41:40.854+0000] {logging_mixin.py:188} INFO - CODE ::  200
[2025-06-30T05:41:41.218+0000] {logging_mixin.py:188} INFO - CODE ::  200
[2025-06-30T05:41:41.519+0000] {logging_mixin.py:188} INFO - CODE ::  200
[2025-06-30T05:41:41.933+0000] {logging_mixin.py:188} INFO - CODE ::  200
[2025-06-30T05:41:42.347+0000] {logging_mixin.py:188} INFO - CODE ::  200
[2025-06-30T05:41:42.754+0000] {logging_mixin.py:188} INFO - CODE ::  200
[2025-06-30T05:41:43.168+0000] {logging_mixin.py:188} INFO - CODE ::  200
[2025-06-30T05:41:43.473+0000] {logging_mixin.py:188} INFO - CODE ::  200
[2025-06-30T05:41:43.881+0000] {logging_mixin.py:188} INFO - CODE ::  200
[2025-06-30T05:41:44.190+0000] {logging_mixin.py:188} INFO - CODE ::  200
[2025-06-30T05:41:44.213+0000] {logging_mixin.py:188} INFO - category ::  Fantasy
[2025-06-30T05:41:44.215+0000] {logging_mixin.py:188} INFO - cat_pg_link ::  https://books.toscrape.com/catalogue/category/books/fantasy_19/index.html
[2025-06-30T05:41:44.513+0000] {logging_mixin.py:188} INFO - CODE ::  200
[2025-06-30T05:41:44.544+0000] {logging_mixin.py:188} INFO - blocks ::  20
[2025-06-30T05:41:44.907+0000] {logging_mixin.py:188} INFO - CODE ::  200
[2025-06-30T05:41:45.313+0000] {logging_mixin.py:188} INFO - CODE ::  200
[2025-06-30T05:41:45.614+0000] {logging_mixin.py:188} INFO - CODE ::  200
[2025-06-30T05:41:45.909+0000] {logging_mixin.py:188} INFO - CODE ::  200
[2025-06-30T05:41:46.234+0000] {logging_mixin.py:188} INFO - CODE ::  200
[2025-06-30T05:41:46.538+0000] {logging_mixin.py:188} INFO - CODE ::  200
[2025-06-30T05:41:46.846+0000] {logging_mixin.py:188} INFO - CODE ::  200
[2025-06-30T05:41:47.179+0000] {logging_mixin.py:188} INFO - CODE ::  200
[2025-06-30T05:41:47.483+0000] {logging_mixin.py:188} INFO - CODE ::  200
[2025-06-30T05:41:47.784+0000] {logging_mixin.py:188} INFO - CODE ::  200
[2025-06-30T05:41:48.108+0000] {logging_mixin.py:188} INFO - CODE ::  200
[2025-06-30T05:41:48.490+0000] {logging_mixin.py:188} INFO - CODE ::  200
[2025-06-30T05:41:48.795+0000] {logging_mixin.py:188} INFO - CODE ::  200
[2025-06-30T05:41:49.206+0000] {logging_mixin.py:188} INFO - CODE ::  200
[2025-06-30T05:41:49.595+0000] {logging_mixin.py:188} INFO - CODE ::  200
[2025-06-30T05:41:49.973+0000] {logging_mixin.py:188} INFO - CODE ::  200
[2025-06-30T05:41:50.267+0000] {logging_mixin.py:188} INFO - CODE ::  200
[2025-06-30T05:41:50.550+0000] {logging_mixin.py:188} INFO - CODE ::  200
[2025-06-30T05:41:50.910+0000] {logging_mixin.py:188} INFO - CODE ::  200
[2025-06-30T05:41:51.282+0000] {logging_mixin.py:188} INFO - CODE ::  200
[2025-06-30T05:41:51.304+0000] {logging_mixin.py:188} INFO - cat_pg_link ::  https://books.toscrape.com/catalogue/category/books/fantasy_19/page-2.html
[2025-06-30T05:41:51.668+0000] {logging_mixin.py:188} INFO - CODE ::  200
[2025-06-30T05:41:51.708+0000] {logging_mixin.py:188} INFO - blocks ::  20
[2025-06-30T05:41:52.036+0000] {logging_mixin.py:188} INFO - CODE ::  200
[2025-06-30T05:41:52.410+0000] {logging_mixin.py:188} INFO - CODE ::  200
[2025-06-30T05:41:52.718+0000] {logging_mixin.py:188} INFO - CODE ::  200
[2025-06-30T05:41:53.068+0000] {logging_mixin.py:188} INFO - CODE ::  200
[2025-06-30T05:41:53.917+0000] {logging_mixin.py:188} INFO - CODE ::  200
[2025-06-30T05:41:54.290+0000] {logging_mixin.py:188} INFO - CODE ::  200
[2025-06-30T05:41:54.656+0000] {logging_mixin.py:188} INFO - CODE ::  200
[2025-06-30T05:41:54.969+0000] {logging_mixin.py:188} INFO - CODE ::  200
[2025-06-30T05:41:55.292+0000] {logging_mixin.py:188} INFO - CODE ::  200
[2025-06-30T05:41:55.599+0000] {logging_mixin.py:188} INFO - CODE ::  200
[2025-06-30T05:41:55.899+0000] {logging_mixin.py:188} INFO - CODE ::  200
[2025-06-30T05:41:56.268+0000] {logging_mixin.py:188} INFO - CODE ::  200
[2025-06-30T05:41:56.638+0000] {logging_mixin.py:188} INFO - CODE ::  200
[2025-06-30T05:41:57.014+0000] {logging_mixin.py:188} INFO - CODE ::  200
[2025-06-30T05:41:57.386+0000] {logging_mixin.py:188} INFO - CODE ::  200
[2025-06-30T05:41:57.764+0000] {logging_mixin.py:188} INFO - CODE ::  200
[2025-06-30T05:41:58.140+0000] {logging_mixin.py:188} INFO - CODE ::  200
[2025-06-30T05:41:58.512+0000] {logging_mixin.py:188} INFO - CODE ::  200
[2025-06-30T05:41:58.891+0000] {logging_mixin.py:188} INFO - CODE ::  200
[2025-06-30T05:41:59.267+0000] {logging_mixin.py:188} INFO - CODE ::  200
[2025-06-30T05:41:59.287+0000] {logging_mixin.py:188} INFO - cat_pg_link ::  https://books.toscrape.com/catalogue/category/books/fantasy_19/page-3.html
[2025-06-30T05:42:01.129+0000] {logging_mixin.py:188} INFO - CODE ::  200
[2025-06-30T05:42:01.171+0000] {logging_mixin.py:188} INFO - blocks ::  8
[2025-06-30T05:42:42.540+0000] {logging_mixin.py:188} INFO - CODE ::  200
[2025-06-30T05:42:43.463+0000] {logging_mixin.py:188} INFO - CODE ::  200
[2025-06-30T05:42:43.871+0000] {logging_mixin.py:188} INFO - CODE ::  200
[2025-06-30T05:42:44.488+0000] {logging_mixin.py:188} INFO - CODE ::  200
[2025-06-30T05:42:45.409+0000] {logging_mixin.py:188} INFO - CODE ::  200
[2025-06-30T05:42:46.846+0000] {logging_mixin.py:188} INFO - CODE ::  200
[2025-06-30T05:42:47.658+0000] {logging_mixin.py:188} INFO - CODE ::  200
[2025-06-30T05:42:47.996+0000] {logging_mixin.py:188} INFO - CODE ::  200
[2025-06-30T05:42:48.009+0000] {logging_mixin.py:188} INFO - category ::  Poetry
[2025-06-30T05:42:48.010+0000] {logging_mixin.py:188} INFO - cat_pg_link ::  https://books.toscrape.com/catalogue/category/books/poetry_23/index.html
[2025-06-30T05:42:50.321+0000] {logging_mixin.py:188} INFO - CODE ::  200
[2025-06-30T05:42:50.364+0000] {logging_mixin.py:188} INFO - blocks ::  19
[2025-06-30T05:42:50.680+0000] {logging_mixin.py:188} INFO - CODE ::  200
[2025-06-30T05:42:52.562+0000] {logging_mixin.py:188} INFO - CODE ::  200
[2025-06-30T05:42:53.412+0000] {logging_mixin.py:188} INFO - CODE ::  200
[2025-06-30T05:42:54.274+0000] {logging_mixin.py:188} INFO - CODE ::  200
[2025-06-30T05:42:54.727+0000] {logging_mixin.py:188} INFO - CODE ::  200
[2025-06-30T05:42:55.611+0000] {logging_mixin.py:188} INFO - CODE ::  200
[2025-06-30T05:42:56.549+0000] {logging_mixin.py:188} INFO - CODE ::  200
[2025-06-30T05:42:56.937+0000] {logging_mixin.py:188} INFO - CODE ::  200
[2025-06-30T05:42:57.299+0000] {logging_mixin.py:188} INFO - CODE ::  200
[2025-06-30T05:42:57.674+0000] {logging_mixin.py:188} INFO - CODE ::  200
[2025-06-30T05:42:58.052+0000] {logging_mixin.py:188} INFO - CODE ::  200
[2025-06-30T05:42:59.268+0000] {logging_mixin.py:188} INFO - CODE ::  200
[2025-06-30T05:43:00.116+0000] {logging_mixin.py:188} INFO - CODE ::  200
[2025-06-30T05:43:00.494+0000] {logging_mixin.py:188} INFO - CODE ::  200
[2025-06-30T05:43:00.865+0000] {logging_mixin.py:188} INFO - CODE ::  200
[2025-06-30T05:43:01.215+0000] {logging_mixin.py:188} INFO - CODE ::  200
[2025-06-30T05:42:14.316+0000] {logging_mixin.py:188} INFO - CODE ::  200
[2025-06-30T05:43:02.549+0000] {logging_mixin.py:188} INFO - CODE ::  200
[2025-06-30T05:43:02.957+0000] {logging_mixin.py:188} INFO - CODE ::  200
[2025-06-30T05:43:02.980+0000] {logging_mixin.py:188} INFO - category ::  Psychology
[2025-06-30T05:43:02.981+0000] {logging_mixin.py:188} INFO - cat_pg_link ::  https://books.toscrape.com/catalogue/category/books/psychology_26/index.html
[2025-06-30T05:43:03.672+0000] {logging_mixin.py:188} INFO - CODE ::  200
[2025-06-30T05:43:03.698+0000] {logging_mixin.py:188} INFO - blocks ::  7
[2025-06-30T05:43:04.084+0000] {logging_mixin.py:188} INFO - CODE ::  200
[2025-06-30T05:43:04.492+0000] {logging_mixin.py:188} INFO - CODE ::  200
[2025-06-30T05:43:04.901+0000] {logging_mixin.py:188} INFO - CODE ::  200
[2025-06-30T05:43:05.319+0000] {logging_mixin.py:188} INFO - CODE ::  200
[2025-06-30T05:43:05.722+0000] {logging_mixin.py:188} INFO - CODE ::  200
[2025-06-30T05:43:06.135+0000] {logging_mixin.py:188} INFO - CODE ::  200
[2025-06-30T05:43:06.541+0000] {logging_mixin.py:188} INFO - CODE ::  200
[2025-06-30T05:43:06.564+0000] {logging_mixin.py:188} INFO - category ::  Autobiography
[2025-06-30T05:43:06.565+0000] {logging_mixin.py:188} INFO - cat_pg_link ::  https://books.toscrape.com/catalogue/category/books/autobiography_27/index.html
[2025-06-30T05:43:07.283+0000] {logging_mixin.py:188} INFO - CODE ::  200
[2025-06-30T05:43:07.313+0000] {logging_mixin.py:188} INFO - blocks ::  9
[2025-06-30T05:43:07.668+0000] {logging_mixin.py:188} INFO - CODE ::  200
[2025-06-30T05:43:08.076+0000] {logging_mixin.py:188} INFO - CODE ::  200
[2025-06-30T05:43:08.435+0000] {logging_mixin.py:188} INFO - CODE ::  200
[2025-06-30T05:43:08.738+0000] {logging_mixin.py:188} INFO - CODE ::  200
[2025-06-30T05:43:09.038+0000] {logging_mixin.py:188} INFO - CODE ::  200
[2025-06-30T05:43:09.406+0000] {logging_mixin.py:188} INFO - CODE ::  200
[2025-06-30T05:43:09.708+0000] {logging_mixin.py:188} INFO - CODE ::  200
[2025-06-30T05:43:10.006+0000] {logging_mixin.py:188} INFO - CODE ::  200
[2025-06-30T05:43:10.334+0000] {logging_mixin.py:188} INFO - CODE ::  200
[2025-06-30T05:43:10.358+0000] {logging_mixin.py:188} INFO - category ::  History
[2025-06-30T05:43:10.360+0000] {logging_mixin.py:188} INFO - cat_pg_link ::  https://books.toscrape.com/catalogue/category/books/history_32/index.html
[2025-06-30T05:43:11.011+0000] {logging_mixin.py:188} INFO - CODE ::  200
[2025-06-30T05:43:11.052+0000] {logging_mixin.py:188} INFO - blocks ::  18
[2025-06-30T05:43:11.353+0000] {logging_mixin.py:188} INFO - CODE ::  200
[2025-06-30T05:43:11.765+0000] {logging_mixin.py:188} INFO - CODE ::  200
[2025-06-30T05:43:12.171+0000] {logging_mixin.py:188} INFO - CODE ::  200
[2025-06-30T05:43:12.585+0000] {logging_mixin.py:188} INFO - CODE ::  200
[2025-06-30T05:43:12.993+0000] {logging_mixin.py:188} INFO - CODE ::  200
[2025-06-30T05:43:13.403+0000] {logging_mixin.py:188} INFO - CODE ::  200
[2025-06-30T05:43:13.811+0000] {logging_mixin.py:188} INFO - CODE ::  200
[2025-06-30T05:43:14.219+0000] {logging_mixin.py:188} INFO - CODE ::  200
[2025-06-30T05:43:14.632+0000] {logging_mixin.py:188} INFO - CODE ::  200
[2025-06-30T05:43:15.040+0000] {logging_mixin.py:188} INFO - CODE ::  200
[2025-06-30T05:43:15.450+0000] {logging_mixin.py:188} INFO - CODE ::  200
[2025-06-30T05:43:15.835+0000] {logging_mixin.py:188} INFO - CODE ::  200
[2025-06-30T05:43:16.167+0000] {logging_mixin.py:188} INFO - CODE ::  200
[2025-06-30T05:43:16.576+0000] {logging_mixin.py:188} INFO - CODE ::  200
[2025-06-30T05:43:16.985+0000] {logging_mixin.py:188} INFO - CODE ::  200
[2025-06-30T05:43:17.398+0000] {logging_mixin.py:188} INFO - CODE ::  200
[2025-06-30T05:43:17.804+0000] {logging_mixin.py:188} INFO - CODE ::  200
[2025-06-30T05:43:18.149+0000] {logging_mixin.py:188} INFO - CODE ::  200
[2025-06-30T05:43:18.166+0000] {logging_mixin.py:188} INFO - category ::  Biography
[2025-06-30T05:43:18.167+0000] {logging_mixin.py:188} INFO - cat_pg_link ::  https://books.toscrape.com/catalogue/category/books/biography_36/index.html
[2025-06-30T05:43:18.827+0000] {logging_mixin.py:188} INFO - CODE ::  200
[2025-06-30T05:43:18.850+0000] {logging_mixin.py:188} INFO - blocks ::  5
[2025-06-30T05:43:19.237+0000] {logging_mixin.py:188} INFO - CODE ::  200
[2025-06-30T05:43:19.648+0000] {logging_mixin.py:188} INFO - CODE ::  200
[2025-06-30T05:43:20.042+0000] {logging_mixin.py:188} INFO - CODE ::  200
[2025-06-30T05:43:20.417+0000] {logging_mixin.py:188} INFO - CODE ::  200
[2025-06-30T05:43:20.685+0000] {logging_mixin.py:188} INFO - CODE ::  200
[2025-06-30T05:43:20.705+0000] {logging_mixin.py:188} INFO - category ::  Contemporary
[2025-06-30T05:43:20.707+0000] {logging_mixin.py:188} INFO - cat_pg_link ::  https://books.toscrape.com/catalogue/category/books/contemporary_38/index.html
[2025-06-30T05:43:20.980+0000] {logging_mixin.py:188} INFO - CODE ::  200
[2025-06-30T05:43:20.991+0000] {logging_mixin.py:188} INFO - blocks ::  3
[2025-06-30T05:43:21.354+0000] {logging_mixin.py:188} INFO - CODE ::  200
[2025-06-30T05:43:21.641+0000] {logging_mixin.py:188} INFO - CODE ::  200
[2025-06-30T05:43:22.012+0000] {logging_mixin.py:188} INFO - CODE ::  200
[2025-06-30T05:43:22.033+0000] {logging_mixin.py:188} INFO - category ::  Spirituality
[2025-06-30T05:43:22.035+0000] {logging_mixin.py:188} INFO - cat_pg_link ::  https://books.toscrape.com/catalogue/category/books/spirituality_39/index.html
[2025-06-30T05:43:22.390+0000] {logging_mixin.py:188} INFO - CODE ::  200
[2025-06-30T05:43:22.414+0000] {logging_mixin.py:188} INFO - blocks ::  6
[2025-06-30T05:43:22.768+0000] {logging_mixin.py:188} INFO - CODE ::  200
[2025-06-30T05:43:23.043+0000] {logging_mixin.py:188} INFO - CODE ::  200
[2025-06-30T05:43:23.344+0000] {logging_mixin.py:188} INFO - CODE ::  200
[2025-06-30T05:43:23.703+0000] {logging_mixin.py:188} INFO - CODE ::  200
[2025-06-30T05:43:24.076+0000] {logging_mixin.py:188} INFO - CODE ::  200
[2025-06-30T05:43:24.453+0000] {logging_mixin.py:188} INFO - CODE ::  200
[2025-06-30T05:43:24.481+0000] {logging_mixin.py:188} INFO - title                  object
price                 float64
availability           object
availability_count      int64
star_rating           float64
description            object
upc                    object
product_type           object
number_of_reviews       int64
image_url              object
book_link              object
category_name          object
dtype: object
[2025-06-30T05:43:24.504+0000] {python.py:237} INFO - Done. Returned value was: None
[2025-06-30T05:43:24.507+0000] {taskinstance.py:441} INFO - ::group::Post task execution logs
[2025-06-30T05:43:24.525+0000] {taskinstance.py:1206} INFO - Marking task as SUCCESS. dag_id=mysql_dag, task_id=scrape_books, run_id=manual__2025-06-30T05:41:22.277527+00:00, execution_date=20250630T054122, start_date=20250630T054124, end_date=20250630T054324
[2025-06-30T05:43:24.593+0000] {local_task_job_runner.py:240} INFO - Task exited with return code 0
[2025-06-30T05:43:24.617+0000] {logging_mixin.py:188} WARNING - /home/***/.local/lib/python3.10/site-packages/***/models/baseoperator.py:1297 AirflowProviderDeprecationWarning: Call to deprecated class MySqlOperator. (Please use `***.providers.common.sql.operators.sql.SQLExecuteQueryOperator`.Also, you can provide `hook_params={'schema': <database>}`.)
[2025-06-30T05:43:24.643+0000] {taskinstance.py:3503} INFO - 1 downstream tasks scheduled from follow-on schedule check
[2025-06-30T05:43:24.691+0000] {local_task_job_runner.py:222} INFO - ::endgroup::
