[2025-07-02T11:03:13.514+0000] {local_task_job_runner.py:120} INFO - ::group::Pre task execution logs
[2025-07-02T11:03:13.550+0000] {taskinstance.py:2076} INFO - Dependencies all met for dep_context=non-requeueable deps ti=<TaskInstance: mysql_dag.scrape_books scheduled__2025-06-30T00:00:00+00:00 [queued]>
[2025-07-02T11:03:13.563+0000] {taskinstance.py:2076} INFO - Dependencies all met for dep_context=requeueable deps ti=<TaskInstance: mysql_dag.scrape_books scheduled__2025-06-30T00:00:00+00:00 [queued]>
[2025-07-02T11:03:13.564+0000] {taskinstance.py:2306} INFO - Starting attempt 1 of 2
[2025-07-02T11:03:13.588+0000] {taskinstance.py:2330} INFO - Executing <Task(PythonOperator): scrape_books> on 2025-06-30 00:00:00+00:00
[2025-07-02T11:03:13.600+0000] {standard_task_runner.py:63} INFO - Started process 187 to run task
[2025-07-02T11:03:13.607+0000] {standard_task_runner.py:90} INFO - Running: ['***', 'tasks', 'run', 'mysql_dag', 'scrape_books', 'scheduled__2025-06-30T00:00:00+00:00', '--job-id', '94', '--raw', '--subdir', 'DAGS_FOLDER/mysql.py', '--cfg-path', '/tmp/tmpz0gdv9_0']
[2025-07-02T11:03:13.612+0000] {standard_task_runner.py:91} INFO - Job 94: Subtask scrape_books
[2025-07-02T11:03:13.657+0000] {logging_mixin.py:188} WARNING - /home/***/.local/lib/python3.10/site-packages/***/settings.py:195 DeprecationWarning: The sql_alchemy_conn option in [core] has been moved to the sql_alchemy_conn option in [database] - the old setting has been used, but please update your config.
[2025-07-02T11:03:13.766+0000] {task_command.py:426} INFO - Running <TaskInstance: mysql_dag.scrape_books scheduled__2025-06-30T00:00:00+00:00 [running]> on host 76fc2b11611c
[2025-07-02T11:03:13.949+0000] {taskinstance.py:2648} INFO - Exporting env vars: AIRFLOW_CTX_DAG_OWNER='Karthik' AIRFLOW_CTX_DAG_ID='mysql_dag' AIRFLOW_CTX_TASK_ID='scrape_books' AIRFLOW_CTX_EXECUTION_DATE='2025-06-30T00:00:00+00:00' AIRFLOW_CTX_TRY_NUMBER='1' AIRFLOW_CTX_DAG_RUN_ID='scheduled__2025-06-30T00:00:00+00:00'
[2025-07-02T11:03:13.951+0000] {taskinstance.py:430} INFO - ::endgroup::
[2025-07-02T11:03:15.847+0000] {logging_mixin.py:188} INFO - CODE ::  200
[2025-07-02T11:03:15.890+0000] {logging_mixin.py:188} INFO - category ::  Mystery
[2025-07-02T11:03:15.891+0000] {logging_mixin.py:188} INFO - cat_pg_link ::  https://books.toscrape.com/catalogue/category/books/mystery_3/index.html
[2025-07-02T11:03:18.284+0000] {logging_mixin.py:188} INFO - CODE ::  200
[2025-07-02T11:03:18.324+0000] {logging_mixin.py:188} INFO - blocks ::  20
[2025-07-02T11:03:18.605+0000] {logging_mixin.py:188} INFO - CODE ::  200
[2025-07-02T11:03:18.904+0000] {logging_mixin.py:188} INFO - CODE ::  200
[2025-07-02T11:03:19.225+0000] {logging_mixin.py:188} INFO - CODE ::  200
[2025-07-02T11:03:19.531+0000] {logging_mixin.py:188} INFO - CODE ::  200
[2025-07-02T11:03:19.841+0000] {logging_mixin.py:188} INFO - CODE ::  200
[2025-07-02T11:03:20.152+0000] {logging_mixin.py:188} INFO - CODE ::  200
[2025-07-02T11:03:20.454+0000] {logging_mixin.py:188} INFO - CODE ::  200
[2025-07-02T11:03:20.762+0000] {logging_mixin.py:188} INFO - CODE ::  200
[2025-07-02T11:03:21.073+0000] {logging_mixin.py:188} INFO - CODE ::  200
[2025-07-02T11:03:21.343+0000] {logging_mixin.py:188} INFO - CODE ::  200
[2025-07-02T11:03:21.644+0000] {logging_mixin.py:188} INFO - CODE ::  200
[2025-07-02T11:03:21.932+0000] {logging_mixin.py:188} INFO - CODE ::  200
[2025-07-02T11:03:22.266+0000] {logging_mixin.py:188} INFO - CODE ::  200
[2025-07-02T11:03:22.572+0000] {logging_mixin.py:188} INFO - CODE ::  200
[2025-07-02T11:03:22.878+0000] {logging_mixin.py:188} INFO - CODE ::  200
[2025-07-02T11:03:23.194+0000] {logging_mixin.py:188} INFO - CODE ::  200
[2025-07-02T11:03:23.595+0000] {logging_mixin.py:188} INFO - CODE ::  200
[2025-07-02T11:03:23.905+0000] {logging_mixin.py:188} INFO - CODE ::  200
[2025-07-02T11:03:24.216+0000] {logging_mixin.py:188} INFO - CODE ::  200
[2025-07-02T11:03:24.507+0000] {logging_mixin.py:188} INFO - CODE ::  200
[2025-07-02T11:03:24.523+0000] {logging_mixin.py:188} INFO - cat_pg_link ::  https://books.toscrape.com/catalogue/category/books/mystery_3/page-2.html
[2025-07-02T11:03:24.796+0000] {logging_mixin.py:188} INFO - CODE ::  200
[2025-07-02T11:03:24.822+0000] {logging_mixin.py:188} INFO - blocks ::  12
[2025-07-02T11:03:25.096+0000] {logging_mixin.py:188} INFO - CODE ::  200
[2025-07-02T11:03:25.448+0000] {logging_mixin.py:188} INFO - CODE ::  200
[2025-07-02T11:03:25.749+0000] {logging_mixin.py:188} INFO - CODE ::  200
[2025-07-02T11:03:26.059+0000] {logging_mixin.py:188} INFO - CODE ::  200
[2025-07-02T11:03:26.349+0000] {logging_mixin.py:188} INFO - CODE ::  200
[2025-07-02T11:03:26.647+0000] {logging_mixin.py:188} INFO - CODE ::  200
[2025-07-02T11:03:26.932+0000] {logging_mixin.py:188} INFO - CODE ::  200
[2025-07-02T11:03:27.280+0000] {logging_mixin.py:188} INFO - CODE ::  200
[2025-07-02T11:03:27.590+0000] {logging_mixin.py:188} INFO - CODE ::  200
[2025-07-02T11:03:27.906+0000] {logging_mixin.py:188} INFO - CODE ::  200
[2025-07-02T11:03:28.201+0000] {logging_mixin.py:188} INFO - CODE ::  200
[2025-07-02T11:03:28.491+0000] {logging_mixin.py:188} INFO - CODE ::  200
[2025-07-02T11:03:28.518+0000] {logging_mixin.py:188} INFO - category ::  Philosophy
[2025-07-02T11:03:28.520+0000] {logging_mixin.py:188} INFO - cat_pg_link ::  https://books.toscrape.com/catalogue/category/books/philosophy_7/index.html
[2025-07-02T11:03:28.792+0000] {logging_mixin.py:188} INFO - CODE ::  200
[2025-07-02T11:03:28.807+0000] {logging_mixin.py:188} INFO - blocks ::  11
[2025-07-02T11:03:29.077+0000] {logging_mixin.py:188} INFO - CODE ::  200
[2025-07-02T11:03:29.438+0000] {logging_mixin.py:188} INFO - CODE ::  200
[2025-07-02T11:03:29.846+0000] {logging_mixin.py:188} INFO - CODE ::  200
[2025-07-02T11:03:30.129+0000] {logging_mixin.py:188} INFO - CODE ::  200
[2025-07-02T11:03:30.427+0000] {logging_mixin.py:188} INFO - CODE ::  200
[2025-07-02T11:03:30.765+0000] {logging_mixin.py:188} INFO - CODE ::  200
[2025-07-02T11:03:31.176+0000] {logging_mixin.py:188} INFO - CODE ::  200
[2025-07-02T11:03:31.538+0000] {logging_mixin.py:188} INFO - CODE ::  200
[2025-07-02T11:03:31.831+0000] {logging_mixin.py:188} INFO - CODE ::  200
[2025-07-02T11:03:32.121+0000] {logging_mixin.py:188} INFO - CODE ::  200
[2025-07-02T11:03:32.425+0000] {logging_mixin.py:188} INFO - CODE ::  200
[2025-07-02T11:03:32.456+0000] {logging_mixin.py:188} INFO - category ::  Fantasy
[2025-07-02T11:03:32.458+0000] {logging_mixin.py:188} INFO - cat_pg_link ::  https://books.toscrape.com/catalogue/category/books/fantasy_19/index.html
[2025-07-02T11:03:32.736+0000] {logging_mixin.py:188} INFO - CODE ::  200
[2025-07-02T11:03:32.779+0000] {logging_mixin.py:188} INFO - blocks ::  20
[2025-07-02T11:03:33.109+0000] {logging_mixin.py:188} INFO - CODE ::  200
[2025-07-02T11:03:33.406+0000] {logging_mixin.py:188} INFO - CODE ::  200
[2025-07-02T11:03:33.704+0000] {logging_mixin.py:188} INFO - CODE ::  200
[2025-07-02T11:03:33.997+0000] {logging_mixin.py:188} INFO - CODE ::  200
[2025-07-02T11:03:34.352+0000] {logging_mixin.py:188} INFO - CODE ::  200
[2025-07-02T11:03:34.732+0000] {logging_mixin.py:188} INFO - CODE ::  200
[2025-07-02T11:03:35.024+0000] {logging_mixin.py:188} INFO - CODE ::  200
[2025-07-02T11:03:35.370+0000] {logging_mixin.py:188} INFO - CODE ::  200
[2025-07-02T11:03:35.678+0000] {logging_mixin.py:188} INFO - CODE ::  200
[2025-07-02T11:03:36.095+0000] {logging_mixin.py:188} INFO - CODE ::  200
[2025-07-02T11:03:36.412+0000] {logging_mixin.py:188} INFO - CODE ::  200
[2025-07-02T11:03:36.807+0000] {logging_mixin.py:188} INFO - CODE ::  200
[2025-07-02T11:03:37.217+0000] {logging_mixin.py:188} INFO - CODE ::  200
[2025-07-02T11:02:48.171+0000] {logging_mixin.py:188} INFO - CODE ::  200
[2025-07-02T11:03:37.896+0000] {logging_mixin.py:188} INFO - CODE ::  200
[2025-07-02T11:03:38.195+0000] {logging_mixin.py:188} INFO - CODE ::  200
[2025-07-02T11:03:38.494+0000] {logging_mixin.py:188} INFO - CODE ::  200
[2025-07-02T11:03:38.852+0000] {logging_mixin.py:188} INFO - CODE ::  200
[2025-07-02T11:03:39.262+0000] {logging_mixin.py:188} INFO - CODE ::  200
[2025-07-02T11:03:39.557+0000] {logging_mixin.py:188} INFO - CODE ::  200
[2025-07-02T11:03:39.573+0000] {logging_mixin.py:188} INFO - cat_pg_link ::  https://books.toscrape.com/catalogue/category/books/fantasy_19/page-2.html
[2025-07-02T11:03:39.855+0000] {logging_mixin.py:188} INFO - CODE ::  200
[2025-07-02T11:03:39.882+0000] {logging_mixin.py:188} INFO - blocks ::  20
[2025-07-02T11:03:40.153+0000] {logging_mixin.py:188} INFO - CODE ::  200
[2025-07-02T11:03:40.440+0000] {logging_mixin.py:188} INFO - CODE ::  200
[2025-07-02T11:03:40.725+0000] {logging_mixin.py:188} INFO - CODE ::  200
[2025-07-02T11:03:41.017+0000] {logging_mixin.py:188} INFO - CODE ::  200
[2025-07-02T11:03:41.299+0000] {logging_mixin.py:188} INFO - CODE ::  200
[2025-07-02T11:03:41.600+0000] {logging_mixin.py:188} INFO - CODE ::  200
[2025-07-02T11:03:42.090+0000] {logging_mixin.py:188} INFO - CODE ::  200
[2025-07-02T11:03:42.380+0000] {logging_mixin.py:188} INFO - CODE ::  200
[2025-07-02T11:03:42.741+0000] {logging_mixin.py:188} INFO - CODE ::  200
[2025-07-02T11:03:43.060+0000] {logging_mixin.py:188} INFO - CODE ::  200
[2025-07-02T11:03:43.395+0000] {logging_mixin.py:188} INFO - CODE ::  200
[2025-07-02T11:03:43.761+0000] {logging_mixin.py:188} INFO - CODE ::  200
[2025-07-02T11:03:44.076+0000] {logging_mixin.py:188} INFO - CODE ::  200
[2025-07-02T11:03:44.406+0000] {logging_mixin.py:188} INFO - CODE ::  200
[2025-07-02T11:03:44.724+0000] {logging_mixin.py:188} INFO - CODE ::  200
[2025-07-02T11:03:45.049+0000] {logging_mixin.py:188} INFO - CODE ::  200
[2025-07-02T11:03:45.366+0000] {logging_mixin.py:188} INFO - CODE ::  200
[2025-07-02T11:03:45.699+0000] {logging_mixin.py:188} INFO - CODE ::  200
[2025-07-02T11:03:46.033+0000] {logging_mixin.py:188} INFO - CODE ::  200
[2025-07-02T11:03:46.368+0000] {logging_mixin.py:188} INFO - CODE ::  200
[2025-07-02T11:03:46.386+0000] {logging_mixin.py:188} INFO - cat_pg_link ::  https://books.toscrape.com/catalogue/category/books/fantasy_19/page-3.html
[2025-07-02T11:03:46.690+0000] {logging_mixin.py:188} INFO - CODE ::  200
[2025-07-02T11:03:46.713+0000] {logging_mixin.py:188} INFO - blocks ::  8
[2025-07-02T11:03:47.018+0000] {logging_mixin.py:188} INFO - CODE ::  200
[2025-07-02T11:03:47.338+0000] {logging_mixin.py:188} INFO - CODE ::  200
[2025-07-02T11:03:47.666+0000] {logging_mixin.py:188} INFO - CODE ::  200
[2025-07-02T11:03:47.997+0000] {logging_mixin.py:188} INFO - CODE ::  200
[2025-07-02T11:03:48.328+0000] {logging_mixin.py:188} INFO - CODE ::  200
[2025-07-02T11:03:48.671+0000] {logging_mixin.py:188} INFO - CODE ::  200
[2025-07-02T11:03:49.003+0000] {logging_mixin.py:188} INFO - CODE ::  200
[2025-07-02T11:03:49.400+0000] {logging_mixin.py:188} INFO - CODE ::  200
[2025-07-02T11:03:49.424+0000] {logging_mixin.py:188} INFO - category ::  Poetry
[2025-07-02T11:03:49.426+0000] {logging_mixin.py:188} INFO - cat_pg_link ::  https://books.toscrape.com/catalogue/category/books/poetry_23/index.html
[2025-07-02T11:03:49.738+0000] {logging_mixin.py:188} INFO - CODE ::  200
[2025-07-02T11:03:49.772+0000] {logging_mixin.py:188} INFO - blocks ::  19
[2025-07-02T11:03:50.114+0000] {logging_mixin.py:188} INFO - CODE ::  200
[2025-07-02T11:03:50.434+0000] {logging_mixin.py:188} INFO - CODE ::  200
[2025-07-02T11:03:50.767+0000] {logging_mixin.py:188} INFO - CODE ::  200
[2025-07-02T11:03:51.105+0000] {logging_mixin.py:188} INFO - CODE ::  200
[2025-07-02T11:03:51.450+0000] {logging_mixin.py:188} INFO - CODE ::  200
[2025-07-02T11:03:51.770+0000] {logging_mixin.py:188} INFO - CODE ::  200
[2025-07-02T11:03:52.096+0000] {logging_mixin.py:188} INFO - CODE ::  200
[2025-07-02T11:03:52.469+0000] {logging_mixin.py:188} INFO - CODE ::  200
[2025-07-02T11:03:52.819+0000] {logging_mixin.py:188} INFO - CODE ::  200
[2025-07-02T11:03:53.154+0000] {logging_mixin.py:188} INFO - CODE ::  200
[2025-07-02T11:03:53.477+0000] {logging_mixin.py:188} INFO - CODE ::  200
[2025-07-02T11:03:53.817+0000] {logging_mixin.py:188} INFO - CODE ::  200
[2025-07-02T11:03:54.214+0000] {logging_mixin.py:188} INFO - CODE ::  200
[2025-07-02T11:03:54.543+0000] {logging_mixin.py:188} INFO - CODE ::  200
[2025-07-02T11:03:54.865+0000] {logging_mixin.py:188} INFO - CODE ::  200
[2025-07-02T11:03:55.223+0000] {logging_mixin.py:188} INFO - CODE ::  200
[2025-07-02T11:03:55.645+0000] {logging_mixin.py:188} INFO - CODE ::  200
[2025-07-02T11:03:56.056+0000] {logging_mixin.py:188} INFO - CODE ::  200
[2025-07-02T11:03:56.385+0000] {logging_mixin.py:188} INFO - CODE ::  200
[2025-07-02T11:03:56.424+0000] {logging_mixin.py:188} INFO - category ::  Psychology
[2025-07-02T11:03:56.425+0000] {logging_mixin.py:188} INFO - cat_pg_link ::  https://books.toscrape.com/catalogue/category/books/psychology_26/index.html
[2025-07-02T11:03:56.740+0000] {logging_mixin.py:188} INFO - CODE ::  200
[2025-07-02T11:03:56.764+0000] {logging_mixin.py:188} INFO - blocks ::  7
[2025-07-02T11:03:57.185+0000] {logging_mixin.py:188} INFO - CODE ::  200
[2025-07-02T11:03:57.524+0000] {logging_mixin.py:188} INFO - CODE ::  200
[2025-07-02T11:03:57.884+0000] {logging_mixin.py:188} INFO - CODE ::  200
[2025-07-02T11:03:58.309+0000] {logging_mixin.py:188} INFO - CODE ::  200
[2025-07-02T11:03:58.641+0000] {logging_mixin.py:188} INFO - CODE ::  200
[2025-07-02T11:03:59.026+0000] {logging_mixin.py:188} INFO - CODE ::  200
[2025-07-02T11:03:59.362+0000] {logging_mixin.py:188} INFO - CODE ::  200
[2025-07-02T11:03:59.383+0000] {logging_mixin.py:188} INFO - category ::  Autobiography
[2025-07-02T11:03:59.384+0000] {logging_mixin.py:188} INFO - cat_pg_link ::  https://books.toscrape.com/catalogue/category/books/autobiography_27/index.html
[2025-07-02T11:03:59.745+0000] {logging_mixin.py:188} INFO - CODE ::  200
[2025-07-02T11:03:59.776+0000] {logging_mixin.py:188} INFO - blocks ::  9
[2025-07-02T11:04:00.083+0000] {logging_mixin.py:188} INFO - CODE ::  200
[2025-07-02T11:04:00.406+0000] {logging_mixin.py:188} INFO - CODE ::  200
[2025-07-02T11:04:00.771+0000] {logging_mixin.py:188} INFO - CODE ::  200
[2025-07-02T11:04:01.139+0000] {logging_mixin.py:188} INFO - CODE ::  200
[2025-07-02T11:04:01.461+0000] {logging_mixin.py:188} INFO - CODE ::  200
[2025-07-02T11:04:01.848+0000] {logging_mixin.py:188} INFO - CODE ::  200
[2025-07-02T11:04:02.183+0000] {logging_mixin.py:188} INFO - CODE ::  200
[2025-07-02T11:04:02.590+0000] {logging_mixin.py:188} INFO - CODE ::  200
[2025-07-02T11:04:03.431+0000] {logging_mixin.py:188} INFO - CODE ::  200
[2025-07-02T11:04:03.449+0000] {logging_mixin.py:188} INFO - category ::  History
[2025-07-02T11:04:03.450+0000] {logging_mixin.py:188} INFO - cat_pg_link ::  https://books.toscrape.com/catalogue/category/books/history_32/index.html
[2025-07-02T11:04:03.765+0000] {logging_mixin.py:188} INFO - CODE ::  200
[2025-07-02T11:04:03.793+0000] {logging_mixin.py:188} INFO - blocks ::  18
[2025-07-02T11:04:04.101+0000] {logging_mixin.py:188} INFO - CODE ::  200
[2025-07-02T11:04:04.424+0000] {logging_mixin.py:188} INFO - CODE ::  200
[2025-07-02T11:04:04.785+0000] {logging_mixin.py:188} INFO - CODE ::  200
[2025-07-02T11:04:05.142+0000] {logging_mixin.py:188} INFO - CODE ::  200
[2025-07-02T11:04:05.470+0000] {logging_mixin.py:188} INFO - CODE ::  200
[2025-07-02T11:04:05.795+0000] {logging_mixin.py:188} INFO - CODE ::  200
[2025-07-02T11:04:06.163+0000] {logging_mixin.py:188} INFO - CODE ::  200
[2025-07-02T11:04:06.489+0000] {logging_mixin.py:188} INFO - CODE ::  200
[2025-07-02T11:04:06.816+0000] {logging_mixin.py:188} INFO - CODE ::  200
[2025-07-02T11:04:07.150+0000] {logging_mixin.py:188} INFO - CODE ::  200
[2025-07-02T11:04:07.485+0000] {logging_mixin.py:188} INFO - CODE ::  200
[2025-07-02T11:04:07.862+0000] {logging_mixin.py:188} INFO - CODE ::  200
[2025-07-02T11:04:08.258+0000] {logging_mixin.py:188} INFO - CODE ::  200
[2025-07-02T11:04:08.581+0000] {logging_mixin.py:188} INFO - CODE ::  200
[2025-07-02T11:04:08.989+0000] {logging_mixin.py:188} INFO - CODE ::  200
[2025-07-02T11:04:09.339+0000] {logging_mixin.py:188} INFO - CODE ::  200
[2025-07-02T11:04:09.710+0000] {logging_mixin.py:188} INFO - CODE ::  200
[2025-07-02T11:04:10.039+0000] {logging_mixin.py:188} INFO - CODE ::  200
[2025-07-02T11:04:10.057+0000] {logging_mixin.py:188} INFO - category ::  Biography
[2025-07-02T11:04:10.059+0000] {logging_mixin.py:188} INFO - cat_pg_link ::  https://books.toscrape.com/catalogue/category/books/biography_36/index.html
[2025-07-02T11:04:10.416+0000] {logging_mixin.py:188} INFO - CODE ::  200
[2025-07-02T11:04:10.433+0000] {logging_mixin.py:188} INFO - blocks ::  5
[2025-07-02T11:04:10.789+0000] {logging_mixin.py:188} INFO - CODE ::  200
[2025-07-02T11:04:11.113+0000] {logging_mixin.py:188} INFO - CODE ::  200
[2025-07-02T11:04:11.440+0000] {logging_mixin.py:188} INFO - CODE ::  200
[2025-07-02T11:04:11.770+0000] {logging_mixin.py:188} INFO - CODE ::  200
[2025-07-02T11:04:12.103+0000] {logging_mixin.py:188} INFO - CODE ::  200
[2025-07-02T11:04:12.123+0000] {logging_mixin.py:188} INFO - category ::  Contemporary
[2025-07-02T11:04:12.124+0000] {logging_mixin.py:188} INFO - cat_pg_link ::  https://books.toscrape.com/catalogue/category/books/contemporary_38/index.html
[2025-07-02T11:04:12.478+0000] {logging_mixin.py:188} INFO - CODE ::  200
[2025-07-02T11:04:12.497+0000] {logging_mixin.py:188} INFO - blocks ::  3
[2025-07-02T11:04:12.812+0000] {logging_mixin.py:188} INFO - CODE ::  200
[2025-07-02T11:04:13.159+0000] {logging_mixin.py:188} INFO - CODE ::  200
[2025-07-02T11:04:13.494+0000] {logging_mixin.py:188} INFO - CODE ::  200
[2025-07-02T11:04:13.520+0000] {logging_mixin.py:188} INFO - category ::  Spirituality
[2025-07-02T11:04:13.522+0000] {logging_mixin.py:188} INFO - cat_pg_link ::  https://books.toscrape.com/catalogue/category/books/spirituality_39/index.html
[2025-07-02T11:04:13.910+0000] {logging_mixin.py:188} INFO - CODE ::  200
[2025-07-02T11:04:13.935+0000] {logging_mixin.py:188} INFO - blocks ::  6
[2025-07-02T11:04:14.317+0000] {logging_mixin.py:188} INFO - CODE ::  200
[2025-07-02T11:04:14.725+0000] {logging_mixin.py:188} INFO - CODE ::  200
[2025-07-02T11:04:15.129+0000] {logging_mixin.py:188} INFO - CODE ::  200
[2025-07-02T11:04:15.536+0000] {logging_mixin.py:188} INFO - CODE ::  200
[2025-07-02T11:04:15.950+0000] {logging_mixin.py:188} INFO - CODE ::  200
[2025-07-02T11:04:16.280+0000] {logging_mixin.py:188} INFO - CODE ::  200
[2025-07-02T11:04:16.353+0000] {logging_mixin.py:188} INFO - title                  object
price                 float64
availability           object
availability_count      int64
star_rating           float64
description            object
upc                    object
product_type           object
number_of_reviews       int64
image_url              object
book_link              object
category_name          object
dtype: object
[2025-07-02T11:04:16.399+0000] {python.py:237} INFO - Done. Returned value was: None
[2025-07-02T11:04:16.401+0000] {taskinstance.py:441} INFO - ::group::Post task execution logs
[2025-07-02T11:04:16.418+0000] {taskinstance.py:1206} INFO - Marking task as SUCCESS. dag_id=mysql_dag, task_id=scrape_books, run_id=scheduled__2025-06-30T00:00:00+00:00, execution_date=20250630T000000, start_date=20250702T110313, end_date=20250702T110416
[2025-07-02T11:04:16.484+0000] {local_task_job_runner.py:240} INFO - Task exited with return code 0
[2025-07-02T11:04:16.513+0000] {taskinstance.py:3503} INFO - 0 downstream tasks scheduled from follow-on schedule check
[2025-07-02T11:04:16.519+0000] {local_task_job_runner.py:222} INFO - ::endgroup::
