[2025-06-30T06:13:07.412+0000] {local_task_job_runner.py:120} INFO - ::group::Pre task execution logs
[2025-06-30T06:13:07.617+0000] {taskinstance.py:2076} INFO - Dependencies all met for dep_context=non-requeueable deps ti=<TaskInstance: mysql_dag.scrape_books manual__2025-06-30T06:13:05.566111+00:00 [queued]>
[2025-06-30T06:13:07.627+0000] {taskinstance.py:2076} INFO - Dependencies all met for dep_context=requeueable deps ti=<TaskInstance: mysql_dag.scrape_books manual__2025-06-30T06:13:05.566111+00:00 [queued]>
[2025-06-30T06:13:07.628+0000] {taskinstance.py:2306} INFO - Starting attempt 1 of 2
[2025-06-30T06:13:07.653+0000] {taskinstance.py:2330} INFO - Executing <Task(PythonOperator): scrape_books> on 2025-06-30 06:13:05.566111+00:00
[2025-06-30T06:13:07.661+0000] {standard_task_runner.py:63} INFO - Started process 1269 to run task
[2025-06-30T06:13:07.671+0000] {standard_task_runner.py:90} INFO - Running: ['***', 'tasks', 'run', 'mysql_dag', 'scrape_books', 'manual__2025-06-30T06:13:05.566111+00:00', '--job-id', '75', '--raw', '--subdir', 'DAGS_FOLDER/mysql.py', '--cfg-path', '/tmp/tmpfk_gqq1f']
[2025-06-30T06:13:07.677+0000] {standard_task_runner.py:91} INFO - Job 75: Subtask scrape_books
[2025-06-30T06:13:07.706+0000] {logging_mixin.py:188} WARNING - /home/***/.local/lib/python3.10/site-packages/***/settings.py:195 DeprecationWarning: The sql_alchemy_conn option in [core] has been moved to the sql_alchemy_conn option in [database] - the old setting has been used, but please update your config.
[2025-06-30T06:13:07.778+0000] {task_command.py:426} INFO - Running <TaskInstance: mysql_dag.scrape_books manual__2025-06-30T06:13:05.566111+00:00 [running]> on host 76cdd04f4df6
[2025-06-30T06:13:07.967+0000] {taskinstance.py:2648} INFO - Exporting env vars: AIRFLOW_CTX_DAG_OWNER='Karthik' AIRFLOW_CTX_DAG_ID='mysql_dag' AIRFLOW_CTX_TASK_ID='scrape_books' AIRFLOW_CTX_EXECUTION_DATE='2025-06-30T06:13:05.566111+00:00' AIRFLOW_CTX_TRY_NUMBER='1' AIRFLOW_CTX_DAG_RUN_ID='manual__2025-06-30T06:13:05.566111+00:00'
[2025-06-30T06:13:07.969+0000] {taskinstance.py:430} INFO - ::endgroup::
[2025-06-30T06:13:09.667+0000] {logging_mixin.py:188} INFO - CODE ::  200
[2025-06-30T06:13:09.701+0000] {logging_mixin.py:188} INFO - category ::  Mystery
[2025-06-30T06:13:09.702+0000] {logging_mixin.py:188} INFO - cat_pg_link ::  https://books.toscrape.com/catalogue/category/books/mystery_3/index.html
[2025-06-30T06:13:10.045+0000] {logging_mixin.py:188} INFO - CODE ::  200
[2025-06-30T06:13:10.084+0000] {logging_mixin.py:188} INFO - blocks ::  20
[2025-06-30T06:13:10.413+0000] {logging_mixin.py:188} INFO - CODE ::  200
[2025-06-30T06:13:10.793+0000] {logging_mixin.py:188} INFO - CODE ::  200
[2025-06-30T06:13:11.170+0000] {logging_mixin.py:188} INFO - CODE ::  200
[2025-06-30T06:13:11.546+0000] {logging_mixin.py:188} INFO - CODE ::  200
[2025-06-30T06:13:12.484+0000] {logging_mixin.py:188} INFO - CODE ::  200
[2025-06-30T06:13:12.862+0000] {logging_mixin.py:188} INFO - CODE ::  200
[2025-06-30T06:13:13.327+0000] {logging_mixin.py:188} INFO - CODE ::  200
[2025-06-30T06:13:13.615+0000] {logging_mixin.py:188} INFO - CODE ::  200
[2025-06-30T06:13:14.563+0000] {logging_mixin.py:188} INFO - CODE ::  200
[2025-06-30T06:13:14.854+0000] {logging_mixin.py:188} INFO - CODE ::  200
[2025-06-30T06:13:15.204+0000] {logging_mixin.py:188} INFO - CODE ::  200
[2025-06-30T06:13:15.582+0000] {logging_mixin.py:188} INFO - CODE ::  200
[2025-06-30T06:13:15.957+0000] {logging_mixin.py:188} INFO - CODE ::  200
[2025-06-30T06:13:16.334+0000] {logging_mixin.py:188} INFO - CODE ::  200
[2025-06-30T06:13:16.709+0000] {logging_mixin.py:188} INFO - CODE ::  200
[2025-06-30T06:13:17.083+0000] {logging_mixin.py:188} INFO - CODE ::  200
[2025-06-30T06:13:17.876+0000] {logging_mixin.py:188} INFO - CODE ::  200
[2025-06-30T06:13:18.171+0000] {logging_mixin.py:188} INFO - CODE ::  200
[2025-06-30T06:13:18.493+0000] {logging_mixin.py:188} INFO - CODE ::  200
[2025-06-30T06:13:18.868+0000] {logging_mixin.py:188} INFO - CODE ::  200
[2025-06-30T06:13:18.891+0000] {logging_mixin.py:188} INFO - cat_pg_link ::  https://books.toscrape.com/catalogue/category/books/mystery_3/page-2.html
[2025-06-30T06:13:19.245+0000] {logging_mixin.py:188} INFO - CODE ::  200
[2025-06-30T06:13:19.274+0000] {logging_mixin.py:188} INFO - blocks ::  12
[2025-06-30T06:13:19.618+0000] {logging_mixin.py:188} INFO - CODE ::  200
[2025-06-30T06:13:19.992+0000] {logging_mixin.py:188} INFO - CODE ::  200
[2025-06-30T06:12:33.692+0000] {logging_mixin.py:188} INFO - CODE ::  200
[2025-06-30T06:13:21.899+0000] {logging_mixin.py:188} INFO - CODE ::  200
[2025-06-30T06:13:22.302+0000] {logging_mixin.py:188} INFO - CODE ::  200
[2025-06-30T06:13:22.631+0000] {logging_mixin.py:188} INFO - CODE ::  200
[2025-06-30T06:13:23.631+0000] {logging_mixin.py:188} INFO - CODE ::  200
[2025-06-30T06:13:24.553+0000] {logging_mixin.py:188} INFO - CODE ::  200
[2025-06-30T06:13:24.871+0000] {logging_mixin.py:188} INFO - CODE ::  200
[2025-06-30T06:13:25.245+0000] {logging_mixin.py:188} INFO - CODE ::  200
[2025-06-30T06:13:25.561+0000] {logging_mixin.py:188} INFO - CODE ::  200
[2025-06-30T06:13:25.985+0000] {logging_mixin.py:188} INFO - CODE ::  200
[2025-06-30T06:13:26.000+0000] {logging_mixin.py:188} INFO - category ::  Philosophy
[2025-06-30T06:13:26.001+0000] {logging_mixin.py:188} INFO - cat_pg_link ::  https://books.toscrape.com/catalogue/category/books/philosophy_7/index.html
[2025-06-30T06:13:26.396+0000] {logging_mixin.py:188} INFO - CODE ::  200
[2025-06-30T06:13:26.419+0000] {logging_mixin.py:188} INFO - blocks ::  11
[2025-06-30T06:13:26.749+0000] {logging_mixin.py:188} INFO - CODE ::  200
[2025-06-30T06:13:27.072+0000] {logging_mixin.py:188} INFO - CODE ::  200
[2025-06-30T06:13:27.394+0000] {logging_mixin.py:188} INFO - CODE ::  200
[2025-06-30T06:13:27.715+0000] {logging_mixin.py:188} INFO - CODE ::  200
[2025-06-30T06:13:28.140+0000] {logging_mixin.py:188} INFO - CODE ::  200
[2025-06-30T06:13:28.549+0000] {logging_mixin.py:188} INFO - CODE ::  200
[2025-06-30T06:13:28.873+0000] {logging_mixin.py:188} INFO - CODE ::  200
[2025-06-30T06:13:29.199+0000] {logging_mixin.py:188} INFO - CODE ::  200
[2025-06-30T06:13:29.573+0000] {logging_mixin.py:188} INFO - CODE ::  200
[2025-06-30T06:13:29.901+0000] {logging_mixin.py:188} INFO - CODE ::  200
[2025-06-30T06:13:30.220+0000] {logging_mixin.py:188} INFO - CODE ::  200
[2025-06-30T06:13:30.234+0000] {logging_mixin.py:188} INFO - category ::  Fantasy
[2025-06-30T06:13:30.235+0000] {logging_mixin.py:188} INFO - cat_pg_link ::  https://books.toscrape.com/catalogue/category/books/fantasy_19/index.html
[2025-06-30T06:13:30.543+0000] {logging_mixin.py:188} INFO - CODE ::  200
[2025-06-30T06:13:30.576+0000] {logging_mixin.py:188} INFO - blocks ::  20
[2025-06-30T06:13:30.898+0000] {logging_mixin.py:188} INFO - CODE ::  200
[2025-06-30T06:13:31.316+0000] {logging_mixin.py:188} INFO - CODE ::  200
[2025-06-30T06:13:31.724+0000] {logging_mixin.py:188} INFO - CODE ::  200
[2025-06-30T06:13:32.132+0000] {logging_mixin.py:188} INFO - CODE ::  200
[2025-06-30T06:13:32.502+0000] {logging_mixin.py:188} INFO - CODE ::  200
[2025-06-30T06:13:32.850+0000] {logging_mixin.py:188} INFO - CODE ::  200
[2025-06-30T06:13:33.769+0000] {logging_mixin.py:188} INFO - CODE ::  200
[2025-06-30T06:13:34.087+0000] {logging_mixin.py:188} INFO - CODE ::  200
[2025-06-30T06:13:34.486+0000] {logging_mixin.py:188} INFO - CODE ::  200
[2025-06-30T06:13:34.899+0000] {logging_mixin.py:188} INFO - CODE ::  200
[2025-06-30T06:13:35.307+0000] {logging_mixin.py:188} INFO - CODE ::  200
[2025-06-30T06:13:35.632+0000] {logging_mixin.py:188} INFO - CODE ::  200
[2025-06-30T06:13:36.022+0000] {logging_mixin.py:188} INFO - CODE ::  200
[2025-06-30T06:13:36.342+0000] {logging_mixin.py:188} INFO - CODE ::  200
[2025-06-30T06:13:36.661+0000] {logging_mixin.py:188} INFO - CODE ::  200
[2025-06-30T06:13:36.979+0000] {logging_mixin.py:188} INFO - CODE ::  200
[2025-06-30T06:13:37.351+0000] {logging_mixin.py:188} INFO - CODE ::  200
[2025-06-30T06:13:37.659+0000] {logging_mixin.py:188} INFO - CODE ::  200
[2025-06-30T06:13:37.968+0000] {logging_mixin.py:188} INFO - CODE ::  200
[2025-06-30T06:13:38.361+0000] {logging_mixin.py:188} INFO - CODE ::  200
[2025-06-30T06:13:38.381+0000] {logging_mixin.py:188} INFO - cat_pg_link ::  https://books.toscrape.com/catalogue/category/books/fantasy_19/page-2.html
[2025-06-30T06:13:38.689+0000] {logging_mixin.py:188} INFO - CODE ::  200
[2025-06-30T06:13:38.723+0000] {logging_mixin.py:188} INFO - blocks ::  20
[2025-06-30T06:13:39.025+0000] {logging_mixin.py:188} INFO - CODE ::  200
[2025-06-30T06:13:39.349+0000] {logging_mixin.py:188} INFO - CODE ::  200
[2025-06-30T06:13:39.672+0000] {logging_mixin.py:188} INFO - CODE ::  200
[2025-06-30T06:13:39.985+0000] {logging_mixin.py:188} INFO - CODE ::  200
[2025-06-30T06:13:40.315+0000] {logging_mixin.py:188} INFO - CODE ::  200
[2025-06-30T06:13:40.637+0000] {logging_mixin.py:188} INFO - CODE ::  200
[2025-06-30T06:13:40.944+0000] {logging_mixin.py:188} INFO - CODE ::  200
[2025-06-30T06:13:41.758+0000] {logging_mixin.py:188} INFO - CODE ::  200
[2025-06-30T06:13:42.059+0000] {logging_mixin.py:188} INFO - CODE ::  200
[2025-06-30T06:13:42.342+0000] {logging_mixin.py:188} INFO - CODE ::  200
[2025-06-30T06:13:42.635+0000] {logging_mixin.py:188} INFO - CODE ::  200
[2025-06-30T06:13:42.926+0000] {logging_mixin.py:188} INFO - CODE ::  200
[2025-06-30T06:13:43.224+0000] {logging_mixin.py:188} INFO - CODE ::  200
[2025-06-30T06:13:43.511+0000] {logging_mixin.py:188} INFO - CODE ::  200
[2025-06-30T06:13:43.810+0000] {logging_mixin.py:188} INFO - CODE ::  200
[2025-06-30T06:13:44.106+0000] {logging_mixin.py:188} INFO - CODE ::  200
[2025-06-30T06:13:44.402+0000] {logging_mixin.py:188} INFO - CODE ::  200
[2025-06-30T06:13:44.700+0000] {logging_mixin.py:188} INFO - CODE ::  200
[2025-06-30T06:13:44.995+0000] {logging_mixin.py:188} INFO - CODE ::  200
[2025-06-30T06:13:45.292+0000] {logging_mixin.py:188} INFO - CODE ::  200
[2025-06-30T06:13:45.313+0000] {logging_mixin.py:188} INFO - cat_pg_link ::  https://books.toscrape.com/catalogue/category/books/fantasy_19/page-3.html
[2025-06-30T06:13:45.590+0000] {logging_mixin.py:188} INFO - CODE ::  200
[2025-06-30T06:13:45.614+0000] {logging_mixin.py:188} INFO - blocks ::  8
[2025-06-30T06:13:45.890+0000] {logging_mixin.py:188} INFO - CODE ::  200
[2025-06-30T06:13:46.190+0000] {logging_mixin.py:188} INFO - CODE ::  200
[2025-06-30T06:13:46.497+0000] {logging_mixin.py:188} INFO - CODE ::  200
[2025-06-30T06:13:47.032+0000] {logging_mixin.py:188} INFO - CODE ::  200
[2025-06-30T06:13:47.406+0000] {logging_mixin.py:188} INFO - CODE ::  200
[2025-06-30T06:13:47.707+0000] {logging_mixin.py:188} INFO - CODE ::  200
[2025-06-30T06:13:47.995+0000] {logging_mixin.py:188} INFO - CODE ::  200
[2025-06-30T06:13:48.291+0000] {logging_mixin.py:188} INFO - CODE ::  200
[2025-06-30T06:13:48.311+0000] {logging_mixin.py:188} INFO - category ::  Poetry
[2025-06-30T06:13:48.313+0000] {logging_mixin.py:188} INFO - cat_pg_link ::  https://books.toscrape.com/catalogue/category/books/poetry_23/index.html
[2025-06-30T06:13:48.593+0000] {logging_mixin.py:188} INFO - CODE ::  200
[2025-06-30T06:13:48.626+0000] {logging_mixin.py:188} INFO - blocks ::  19
[2025-06-30T06:13:48.902+0000] {logging_mixin.py:188} INFO - CODE ::  200
[2025-06-30T06:13:49.191+0000] {logging_mixin.py:188} INFO - CODE ::  200
[2025-06-30T06:13:49.565+0000] {logging_mixin.py:188} INFO - CODE ::  200
[2025-06-30T06:13:49.941+0000] {logging_mixin.py:188} INFO - CODE ::  200
[2025-06-30T06:13:50.291+0000] {logging_mixin.py:188} INFO - CODE ::  200
[2025-06-30T06:13:50.581+0000] {logging_mixin.py:188} INFO - CODE ::  200
[2025-06-30T06:13:50.880+0000] {logging_mixin.py:188} INFO - CODE ::  200
[2025-06-30T06:13:51.255+0000] {logging_mixin.py:188} INFO - CODE ::  200
[2025-06-30T06:13:04.696+0000] {logging_mixin.py:188} INFO - CODE ::  200
[2025-06-30T06:13:52.907+0000] {logging_mixin.py:188} INFO - CODE ::  200
[2025-06-30T06:13:53.298+0000] {logging_mixin.py:188} INFO - CODE ::  200
[2025-06-30T06:13:53.619+0000] {logging_mixin.py:188} INFO - CODE ::  200
[2025-06-30T06:13:53.931+0000] {logging_mixin.py:188} INFO - CODE ::  200
[2025-06-30T06:13:54.318+0000] {logging_mixin.py:188} INFO - CODE ::  200
[2025-06-30T06:13:54.642+0000] {logging_mixin.py:188} INFO - CODE ::  200
[2025-06-30T06:13:55.036+0000] {logging_mixin.py:188} INFO - CODE ::  200
[2025-06-30T06:13:55.343+0000] {logging_mixin.py:188} INFO - CODE ::  200
[2025-06-30T06:13:55.623+0000] {logging_mixin.py:188} INFO - CODE ::  200
[2025-06-30T06:13:55.912+0000] {logging_mixin.py:188} INFO - CODE ::  200
[2025-06-30T06:13:55.937+0000] {logging_mixin.py:188} INFO - category ::  Psychology
[2025-06-30T06:13:55.939+0000] {logging_mixin.py:188} INFO - cat_pg_link ::  https://books.toscrape.com/catalogue/category/books/psychology_26/index.html
[2025-06-30T06:13:56.208+0000] {logging_mixin.py:188} INFO - CODE ::  200
[2025-06-30T06:13:56.233+0000] {logging_mixin.py:188} INFO - blocks ::  7
[2025-06-30T06:13:56.503+0000] {logging_mixin.py:188} INFO - CODE ::  200
[2025-06-30T06:13:56.792+0000] {logging_mixin.py:188} INFO - CODE ::  200
[2025-06-30T06:13:57.083+0000] {logging_mixin.py:188} INFO - CODE ::  200
[2025-06-30T06:13:57.390+0000] {logging_mixin.py:188} INFO - CODE ::  200
[2025-06-30T06:13:57.698+0000] {logging_mixin.py:188} INFO - CODE ::  200
[2025-06-30T06:13:57.983+0000] {logging_mixin.py:188} INFO - CODE ::  200
[2025-06-30T06:13:58.314+0000] {logging_mixin.py:188} INFO - CODE ::  200
[2025-06-30T06:13:58.336+0000] {logging_mixin.py:188} INFO - category ::  Autobiography
[2025-06-30T06:13:58.337+0000] {logging_mixin.py:188} INFO - cat_pg_link ::  https://books.toscrape.com/catalogue/category/books/autobiography_27/index.html
[2025-06-30T06:13:58.609+0000] {logging_mixin.py:188} INFO - CODE ::  200
[2025-06-30T06:13:58.629+0000] {logging_mixin.py:188} INFO - blocks ::  9
[2025-06-30T06:13:58.894+0000] {logging_mixin.py:188} INFO - CODE ::  200
[2025-06-30T06:13:59.232+0000] {logging_mixin.py:188} INFO - CODE ::  200
[2025-06-30T06:13:59.517+0000] {logging_mixin.py:188} INFO - CODE ::  200
[2025-06-30T06:13:59.803+0000] {logging_mixin.py:188} INFO - CODE ::  200
[2025-06-30T06:14:00.092+0000] {logging_mixin.py:188} INFO - CODE ::  200
[2025-06-30T06:14:00.380+0000] {logging_mixin.py:188} INFO - CODE ::  200
[2025-06-30T06:14:00.670+0000] {logging_mixin.py:188} INFO - CODE ::  200
[2025-06-30T06:14:01.076+0000] {logging_mixin.py:188} INFO - CODE ::  200
[2025-06-30T06:14:01.360+0000] {logging_mixin.py:188} INFO - CODE ::  200
[2025-06-30T06:14:01.376+0000] {logging_mixin.py:188} INFO - category ::  History
[2025-06-30T06:14:01.377+0000] {logging_mixin.py:188} INFO - cat_pg_link ::  https://books.toscrape.com/catalogue/category/books/history_32/index.html
[2025-06-30T06:14:01.697+0000] {logging_mixin.py:188} INFO - CODE ::  200
[2025-06-30T06:14:01.721+0000] {logging_mixin.py:188} INFO - blocks ::  18
[2025-06-30T06:14:02.097+0000] {logging_mixin.py:188} INFO - CODE ::  200
[2025-06-30T06:14:02.410+0000] {logging_mixin.py:188} INFO - CODE ::  200
[2025-06-30T06:14:02.716+0000] {logging_mixin.py:188} INFO - CODE ::  200
[2025-06-30T06:14:03.021+0000] {logging_mixin.py:188} INFO - CODE ::  200
[2025-06-30T06:14:03.305+0000] {logging_mixin.py:188} INFO - CODE ::  200
[2025-06-30T06:14:03.598+0000] {logging_mixin.py:188} INFO - CODE ::  200
[2025-06-30T06:14:03.889+0000] {logging_mixin.py:188} INFO - CODE ::  200
[2025-06-30T06:14:04.250+0000] {logging_mixin.py:188} INFO - CODE ::  200
[2025-06-30T06:14:04.539+0000] {logging_mixin.py:188} INFO - CODE ::  200
[2025-06-30T06:14:04.862+0000] {logging_mixin.py:188} INFO - CODE ::  200
[2025-06-30T06:14:05.152+0000] {logging_mixin.py:188} INFO - CODE ::  200
[2025-06-30T06:14:05.436+0000] {logging_mixin.py:188} INFO - CODE ::  200
[2025-06-30T06:14:05.719+0000] {logging_mixin.py:188} INFO - CODE ::  200
[2025-06-30T06:14:05.999+0000] {logging_mixin.py:188} INFO - CODE ::  200
[2025-06-30T06:14:06.380+0000] {logging_mixin.py:188} INFO - CODE ::  200
[2025-06-30T06:14:06.708+0000] {logging_mixin.py:188} INFO - CODE ::  200
[2025-06-30T06:14:06.983+0000] {logging_mixin.py:188} INFO - CODE ::  200
[2025-06-30T06:14:07.320+0000] {logging_mixin.py:188} INFO - CODE ::  200
[2025-06-30T06:14:07.336+0000] {logging_mixin.py:188} INFO - category ::  Biography
[2025-06-30T06:14:07.338+0000] {logging_mixin.py:188} INFO - cat_pg_link ::  https://books.toscrape.com/catalogue/category/books/biography_36/index.html
[2025-06-30T06:14:07.603+0000] {logging_mixin.py:188} INFO - CODE ::  200
[2025-06-30T06:14:07.623+0000] {logging_mixin.py:188} INFO - blocks ::  5
[2025-06-30T06:14:07.933+0000] {logging_mixin.py:188} INFO - CODE ::  200
[2025-06-30T06:14:08.213+0000] {logging_mixin.py:188} INFO - CODE ::  200
[2025-06-30T06:14:08.493+0000] {logging_mixin.py:188} INFO - CODE ::  200
[2025-06-30T06:14:08.776+0000] {logging_mixin.py:188} INFO - CODE ::  200
[2025-06-30T06:14:09.067+0000] {logging_mixin.py:188} INFO - CODE ::  200
[2025-06-30T06:14:09.092+0000] {logging_mixin.py:188} INFO - category ::  Contemporary
[2025-06-30T06:14:09.094+0000] {logging_mixin.py:188} INFO - cat_pg_link ::  https://books.toscrape.com/catalogue/category/books/contemporary_38/index.html
[2025-06-30T06:14:09.360+0000] {logging_mixin.py:188} INFO - CODE ::  200
[2025-06-30T06:14:09.386+0000] {logging_mixin.py:188} INFO - blocks ::  3
[2025-06-30T06:14:09.653+0000] {logging_mixin.py:188} INFO - CODE ::  200
[2025-06-30T06:14:09.950+0000] {logging_mixin.py:188} INFO - CODE ::  200
[2025-06-30T06:14:10.236+0000] {logging_mixin.py:188} INFO - CODE ::  200
[2025-06-30T06:14:10.261+0000] {logging_mixin.py:188} INFO - category ::  Spirituality
[2025-06-30T06:14:10.263+0000] {logging_mixin.py:188} INFO - cat_pg_link ::  https://books.toscrape.com/catalogue/category/books/spirituality_39/index.html
[2025-06-30T06:14:10.530+0000] {logging_mixin.py:188} INFO - CODE ::  200
[2025-06-30T06:14:10.545+0000] {logging_mixin.py:188} INFO - blocks ::  6
[2025-06-30T06:14:10.908+0000] {logging_mixin.py:188} INFO - CODE ::  200
[2025-06-30T06:14:11.197+0000] {logging_mixin.py:188} INFO - CODE ::  200
[2025-06-30T06:14:11.521+0000] {logging_mixin.py:188} INFO - CODE ::  200
[2025-06-30T06:14:11.810+0000] {logging_mixin.py:188} INFO - CODE ::  200
[2025-06-30T06:14:12.094+0000] {logging_mixin.py:188} INFO - CODE ::  200
[2025-06-30T06:14:12.386+0000] {logging_mixin.py:188} INFO - CODE ::  200
[2025-06-30T06:14:12.407+0000] {logging_mixin.py:188} INFO - title                  object
price                 float64
availability           object
availability_count      int64
star_rating           float64
description            object
upc                    object
product_type           object
number_of_reviews       int64
image_url              object
book_link              object
category_name          object
dtype: object
[2025-06-30T06:14:12.422+0000] {python.py:237} INFO - Done. Returned value was: None
[2025-06-30T06:14:12.423+0000] {taskinstance.py:441} INFO - ::group::Post task execution logs
[2025-06-30T06:14:12.435+0000] {taskinstance.py:1206} INFO - Marking task as SUCCESS. dag_id=mysql_dag, task_id=scrape_books, run_id=manual__2025-06-30T06:13:05.566111+00:00, execution_date=20250630T061305, start_date=20250630T061307, end_date=20250630T061412
[2025-06-30T06:14:12.472+0000] {local_task_job_runner.py:240} INFO - Task exited with return code 0
[2025-06-30T06:14:12.491+0000] {taskinstance.py:3503} INFO - 0 downstream tasks scheduled from follow-on schedule check
[2025-06-30T06:14:12.497+0000] {local_task_job_runner.py:222} INFO - ::endgroup::
