[2025-06-30T05:35:45.764+0000] {local_task_job_runner.py:120} INFO - ::group::Pre task execution logs
[2025-06-30T05:35:46.027+0000] {taskinstance.py:2076} INFO - Dependencies all met for dep_context=non-requeueable deps ti=<TaskInstance: mysql_dag.scrape_books manual__2025-06-30T05:35:43.782939+00:00 [queued]>
[2025-06-30T05:35:46.045+0000] {taskinstance.py:2076} INFO - Dependencies all met for dep_context=requeueable deps ti=<TaskInstance: mysql_dag.scrape_books manual__2025-06-30T05:35:43.782939+00:00 [queued]>
[2025-06-30T05:35:46.046+0000] {taskinstance.py:2306} INFO - Starting attempt 1 of 2
[2025-06-30T05:35:46.102+0000] {taskinstance.py:2330} INFO - Executing <Task(PythonOperator): scrape_books> on 2025-06-30 05:35:43.782939+00:00
[2025-06-30T05:35:46.113+0000] {standard_task_runner.py:63} INFO - Started process 773 to run task
[2025-06-30T05:35:46.122+0000] {standard_task_runner.py:90} INFO - Running: ['***', 'tasks', 'run', 'mysql_dag', 'scrape_books', 'manual__2025-06-30T05:35:43.782939+00:00', '--job-id', '53', '--raw', '--subdir', 'DAGS_FOLDER/mysql.py', '--cfg-path', '/tmp/tmp_eyew1e1']
[2025-06-30T05:35:46.130+0000] {standard_task_runner.py:91} INFO - Job 53: Subtask scrape_books
[2025-06-30T05:35:46.171+0000] {logging_mixin.py:188} WARNING - /home/***/.local/lib/python3.10/site-packages/***/settings.py:195 DeprecationWarning: The sql_alchemy_conn option in [core] has been moved to the sql_alchemy_conn option in [database] - the old setting has been used, but please update your config.
[2025-06-30T05:35:46.285+0000] {task_command.py:426} INFO - Running <TaskInstance: mysql_dag.scrape_books manual__2025-06-30T05:35:43.782939+00:00 [running]> on host 76cdd04f4df6
[2025-06-30T05:35:46.492+0000] {taskinstance.py:2648} INFO - Exporting env vars: AIRFLOW_CTX_DAG_OWNER='Karthik' AIRFLOW_CTX_DAG_ID='mysql_dag' AIRFLOW_CTX_TASK_ID='scrape_books' AIRFLOW_CTX_EXECUTION_DATE='2025-06-30T05:35:43.782939+00:00' AIRFLOW_CTX_TRY_NUMBER='1' AIRFLOW_CTX_DAG_RUN_ID='manual__2025-06-30T05:35:43.782939+00:00'
[2025-06-30T05:35:46.495+0000] {taskinstance.py:430} INFO - ::endgroup::
[2025-06-30T05:35:48.082+0000] {logging_mixin.py:188} INFO - CODE ::  200
[2025-06-30T05:35:48.131+0000] {logging_mixin.py:188} INFO - category ::  Mystery
[2025-06-30T05:35:48.133+0000] {logging_mixin.py:188} INFO - cat_pg_link ::  https://books.toscrape.com/catalogue/category/books/mystery_3/index.html
[2025-06-30T05:35:48.465+0000] {logging_mixin.py:188} INFO - CODE ::  200
[2025-06-30T05:35:48.512+0000] {logging_mixin.py:188} INFO - blocks ::  20
[2025-06-30T05:35:48.755+0000] {logging_mixin.py:188} INFO - CODE ::  200
[2025-06-30T05:35:02.207+0000] {logging_mixin.py:188} INFO - CODE ::  200
[2025-06-30T05:35:50.288+0000] {logging_mixin.py:188} INFO - CODE ::  200
[2025-06-30T05:35:50.562+0000] {logging_mixin.py:188} INFO - CODE ::  200
[2025-06-30T05:35:50.842+0000] {logging_mixin.py:188} INFO - CODE ::  200
[2025-06-30T05:35:51.244+0000] {logging_mixin.py:188} INFO - CODE ::  200
[2025-06-30T05:35:51.547+0000] {logging_mixin.py:188} INFO - CODE ::  200
[2025-06-30T05:35:51.838+0000] {logging_mixin.py:188} INFO - CODE ::  200
[2025-06-30T05:35:52.141+0000] {logging_mixin.py:188} INFO - CODE ::  200
[2025-06-30T05:35:52.474+0000] {logging_mixin.py:188} INFO - CODE ::  200
[2025-06-30T05:35:52.763+0000] {logging_mixin.py:188} INFO - CODE ::  200
[2025-06-30T05:35:53.087+0000] {logging_mixin.py:188} INFO - CODE ::  200
[2025-06-30T05:35:53.376+0000] {logging_mixin.py:188} INFO - CODE ::  200
[2025-06-30T05:35:53.700+0000] {logging_mixin.py:188} INFO - CODE ::  200
[2025-06-30T05:35:54.008+0000] {logging_mixin.py:188} INFO - CODE ::  200
[2025-06-30T05:35:54.314+0000] {logging_mixin.py:188} INFO - CODE ::  200
[2025-06-30T05:35:54.727+0000] {logging_mixin.py:188} INFO - CODE ::  200
[2025-06-30T05:35:55.031+0000] {logging_mixin.py:188} INFO - CODE ::  200
[2025-06-30T05:35:55.339+0000] {logging_mixin.py:188} INFO - CODE ::  200
[2025-06-30T05:35:55.647+0000] {logging_mixin.py:188} INFO - CODE ::  200
[2025-06-30T05:35:55.671+0000] {logging_mixin.py:188} INFO - cat_pg_link ::  https://books.toscrape.com/catalogue/category/books/mystery_3/page-2.html
[2025-06-30T05:35:55.957+0000] {logging_mixin.py:188} INFO - CODE ::  200
[2025-06-30T05:35:55.988+0000] {logging_mixin.py:188} INFO - blocks ::  12
[2025-06-30T05:35:56.257+0000] {logging_mixin.py:188} INFO - CODE ::  200
[2025-06-30T05:35:56.568+0000] {logging_mixin.py:188} INFO - CODE ::  200
[2025-06-30T05:35:56.875+0000] {logging_mixin.py:188} INFO - CODE ::  200
[2025-06-30T05:35:57.181+0000] {logging_mixin.py:188} INFO - CODE ::  200
[2025-06-30T05:35:57.491+0000] {logging_mixin.py:188} INFO - CODE ::  200
[2025-06-30T05:35:57.795+0000] {logging_mixin.py:188} INFO - CODE ::  200
[2025-06-30T05:35:58.103+0000] {logging_mixin.py:188} INFO - CODE ::  200
[2025-06-30T05:35:58.410+0000] {logging_mixin.py:188} INFO - CODE ::  200
[2025-06-30T05:35:58.716+0000] {logging_mixin.py:188} INFO - CODE ::  200
[2025-06-30T05:35:59.023+0000] {logging_mixin.py:188} INFO - CODE ::  200
[2025-06-30T05:35:59.332+0000] {logging_mixin.py:188} INFO - CODE ::  200
[2025-06-30T05:35:59.623+0000] {logging_mixin.py:188} INFO - CODE ::  200
[2025-06-30T05:35:59.646+0000] {logging_mixin.py:188} INFO - category ::  Philosophy
[2025-06-30T05:35:59.647+0000] {logging_mixin.py:188} INFO - cat_pg_link ::  https://books.toscrape.com/catalogue/category/books/philosophy_7/index.html
[2025-06-30T05:35:59.919+0000] {logging_mixin.py:188} INFO - CODE ::  200
[2025-06-30T05:35:59.952+0000] {logging_mixin.py:188} INFO - blocks ::  11
[2025-06-30T05:36:00.250+0000] {logging_mixin.py:188} INFO - CODE ::  200
[2025-06-30T05:36:00.663+0000] {logging_mixin.py:188} INFO - CODE ::  200
[2025-06-30T05:36:00.971+0000] {logging_mixin.py:188} INFO - CODE ::  200
[2025-06-30T05:36:01.276+0000] {logging_mixin.py:188} INFO - CODE ::  200
[2025-06-30T05:36:01.584+0000] {logging_mixin.py:188} INFO - CODE ::  200
[2025-06-30T05:36:01.895+0000] {logging_mixin.py:188} INFO - CODE ::  200
[2025-06-30T05:36:02.301+0000] {logging_mixin.py:188} INFO - CODE ::  200
[2025-06-30T05:36:02.609+0000] {logging_mixin.py:188} INFO - CODE ::  200
[2025-06-30T05:36:02.914+0000] {logging_mixin.py:188} INFO - CODE ::  200
[2025-06-30T05:36:03.224+0000] {logging_mixin.py:188} INFO - CODE ::  200
[2025-06-30T05:36:03.528+0000] {logging_mixin.py:188} INFO - CODE ::  200
[2025-06-30T05:36:03.541+0000] {logging_mixin.py:188} INFO - category ::  Fantasy
[2025-06-30T05:36:03.542+0000] {logging_mixin.py:188} INFO - cat_pg_link ::  https://books.toscrape.com/catalogue/category/books/fantasy_19/index.html
[2025-06-30T05:36:03.843+0000] {logging_mixin.py:188} INFO - CODE ::  200
[2025-06-30T05:36:03.883+0000] {logging_mixin.py:188} INFO - blocks ::  20
[2025-06-30T05:36:04.248+0000] {logging_mixin.py:188} INFO - CODE ::  200
[2025-06-30T05:36:04.558+0000] {logging_mixin.py:188} INFO - CODE ::  200
[2025-06-30T05:36:04.964+0000] {logging_mixin.py:188} INFO - CODE ::  200
[2025-06-30T05:36:05.272+0000] {logging_mixin.py:188} INFO - CODE ::  200
[2025-06-30T05:36:05.576+0000] {logging_mixin.py:188} INFO - CODE ::  200
[2025-06-30T05:36:05.888+0000] {logging_mixin.py:188} INFO - CODE ::  200
[2025-06-30T05:36:06.192+0000] {logging_mixin.py:188} INFO - CODE ::  200
[2025-06-30T05:36:06.505+0000] {logging_mixin.py:188} INFO - CODE ::  200
[2025-06-30T05:36:06.808+0000] {logging_mixin.py:188} INFO - CODE ::  200
[2025-06-30T05:36:07.114+0000] {logging_mixin.py:188} INFO - CODE ::  200
[2025-06-30T05:36:07.404+0000] {logging_mixin.py:188} INFO - CODE ::  200
[2025-06-30T05:36:07.694+0000] {logging_mixin.py:188} INFO - CODE ::  200
[2025-06-30T05:36:08.037+0000] {logging_mixin.py:188} INFO - CODE ::  200
[2025-06-30T05:36:08.343+0000] {logging_mixin.py:188} INFO - CODE ::  200
[2025-06-30T05:36:08.631+0000] {logging_mixin.py:188} INFO - CODE ::  200
[2025-06-30T05:36:08.958+0000] {logging_mixin.py:188} INFO - CODE ::  200
[2025-06-30T05:36:09.263+0000] {logging_mixin.py:188} INFO - CODE ::  200
[2025-06-30T05:36:09.579+0000] {logging_mixin.py:188} INFO - CODE ::  200
[2025-06-30T05:36:09.981+0000] {logging_mixin.py:188} INFO - CODE ::  200
[2025-06-30T05:36:10.290+0000] {logging_mixin.py:188} INFO - CODE ::  200
[2025-06-30T05:36:10.315+0000] {logging_mixin.py:188} INFO - cat_pg_link ::  https://books.toscrape.com/catalogue/category/books/fantasy_19/page-2.html
[2025-06-30T05:36:10.703+0000] {logging_mixin.py:188} INFO - CODE ::  200
[2025-06-30T05:36:10.746+0000] {logging_mixin.py:188} INFO - blocks ::  20
[2025-06-30T05:36:11.105+0000] {logging_mixin.py:188} INFO - CODE ::  200
[2025-06-30T05:36:11.386+0000] {logging_mixin.py:188} INFO - CODE ::  200
[2025-06-30T05:36:11.667+0000] {logging_mixin.py:188} INFO - CODE ::  200
[2025-06-30T05:36:11.977+0000] {logging_mixin.py:188} INFO - CODE ::  200
[2025-06-30T05:36:12.325+0000] {logging_mixin.py:188} INFO - CODE ::  200
[2025-06-30T05:36:12.606+0000] {logging_mixin.py:188} INFO - CODE ::  200
[2025-06-30T05:36:12.982+0000] {logging_mixin.py:188} INFO - CODE ::  200
[2025-06-30T05:36:13.262+0000] {logging_mixin.py:188} INFO - CODE ::  200
[2025-06-30T05:36:13.541+0000] {logging_mixin.py:188} INFO - CODE ::  200
[2025-06-30T05:36:13.824+0000] {logging_mixin.py:188} INFO - CODE ::  200
[2025-06-30T05:36:14.106+0000] {logging_mixin.py:188} INFO - CODE ::  200
[2025-06-30T05:36:14.385+0000] {logging_mixin.py:188} INFO - CODE ::  200
[2025-06-30T05:36:14.669+0000] {logging_mixin.py:188} INFO - CODE ::  200
[2025-06-30T05:36:14.952+0000] {logging_mixin.py:188} INFO - CODE ::  200
[2025-06-30T05:36:15.325+0000] {logging_mixin.py:188} INFO - CODE ::  200
[2025-06-30T05:36:15.700+0000] {logging_mixin.py:188} INFO - CODE ::  200
[2025-06-30T05:36:16.080+0000] {logging_mixin.py:188} INFO - CODE ::  200
[2025-06-30T05:36:16.453+0000] {logging_mixin.py:188} INFO - CODE ::  200
[2025-06-30T05:36:16.830+0000] {logging_mixin.py:188} INFO - CODE ::  200
[2025-06-30T05:36:17.203+0000] {logging_mixin.py:188} INFO - CODE ::  200
[2025-06-30T05:36:17.224+0000] {logging_mixin.py:188} INFO - cat_pg_link ::  https://books.toscrape.com/catalogue/category/books/fantasy_19/page-3.html
[2025-06-30T05:36:17.581+0000] {logging_mixin.py:188} INFO - CODE ::  200
[2025-06-30T05:36:17.606+0000] {logging_mixin.py:188} INFO - blocks ::  8
[2025-06-30T05:36:17.957+0000] {logging_mixin.py:188} INFO - CODE ::  200
[2025-06-30T05:36:18.237+0000] {logging_mixin.py:188} INFO - CODE ::  200
[2025-06-30T05:36:18.613+0000] {logging_mixin.py:188} INFO - CODE ::  200
[2025-06-30T05:36:19.175+0000] {logging_mixin.py:188} INFO - CODE ::  200
[2025-06-30T05:36:19.477+0000] {logging_mixin.py:188} INFO - CODE ::  200
[2025-06-30T05:36:19.834+0000] {logging_mixin.py:188} INFO - CODE ::  200
[2025-06-30T05:36:21.037+0000] {logging_mixin.py:188} INFO - CODE ::  200
[2025-06-30T05:36:21.443+0000] {logging_mixin.py:188} INFO - CODE ::  200
[2025-06-30T05:36:21.465+0000] {logging_mixin.py:188} INFO - category ::  Poetry
[2025-06-30T05:36:21.467+0000] {logging_mixin.py:188} INFO - cat_pg_link ::  https://books.toscrape.com/catalogue/category/books/poetry_23/index.html
[2025-06-30T05:36:21.861+0000] {logging_mixin.py:188} INFO - CODE ::  200
[2025-06-30T05:36:21.905+0000] {logging_mixin.py:188} INFO - blocks ::  19
[2025-06-30T05:36:22.264+0000] {logging_mixin.py:188} INFO - CODE ::  200
[2025-06-30T05:36:22.671+0000] {logging_mixin.py:188} INFO - CODE ::  200
[2025-06-30T05:36:23.085+0000] {logging_mixin.py:188} INFO - CODE ::  200
[2025-06-30T05:36:23.493+0000] {logging_mixin.py:188} INFO - CODE ::  200
[2025-06-30T05:36:23.803+0000] {logging_mixin.py:188} INFO - CODE ::  200
[2025-06-30T05:36:24.209+0000] {logging_mixin.py:188} INFO - CODE ::  200
[2025-06-30T05:36:24.519+0000] {logging_mixin.py:188} INFO - CODE ::  200
[2025-06-30T05:36:24.825+0000] {logging_mixin.py:188} INFO - CODE ::  200
[2025-06-30T05:36:25.218+0000] {logging_mixin.py:188} INFO - CODE ::  200
[2025-06-30T05:36:25.531+0000] {logging_mixin.py:188} INFO - CODE ::  200
[2025-06-30T05:36:25.835+0000] {logging_mixin.py:188} INFO - CODE ::  200
[2025-06-30T05:36:26.182+0000] {logging_mixin.py:188} INFO - CODE ::  200
[2025-06-30T05:36:26.485+0000] {logging_mixin.py:188} INFO - CODE ::  200
[2025-06-30T05:36:26.790+0000] {logging_mixin.py:188} INFO - CODE ::  200
[2025-06-30T05:36:27.109+0000] {logging_mixin.py:188} INFO - CODE ::  200
[2025-06-30T05:36:27.418+0000] {logging_mixin.py:188} INFO - CODE ::  200
[2025-06-30T05:36:27.722+0000] {logging_mixin.py:188} INFO - CODE ::  200
[2025-06-30T05:36:28.100+0000] {logging_mixin.py:188} INFO - CODE ::  200
[2025-06-30T05:36:28.507+0000] {logging_mixin.py:188} INFO - CODE ::  200
[2025-06-30T05:36:28.530+0000] {logging_mixin.py:188} INFO - category ::  Psychology
[2025-06-30T05:36:28.532+0000] {logging_mixin.py:188} INFO - cat_pg_link ::  https://books.toscrape.com/catalogue/category/books/psychology_26/index.html
[2025-06-30T05:36:28.920+0000] {logging_mixin.py:188} INFO - CODE ::  200
[2025-06-30T05:36:28.948+0000] {logging_mixin.py:188} INFO - blocks ::  7
[2025-06-30T05:36:29.233+0000] {logging_mixin.py:188} INFO - CODE ::  200
[2025-06-30T05:36:29.635+0000] {logging_mixin.py:188} INFO - CODE ::  200
[2025-06-30T05:36:30.047+0000] {logging_mixin.py:188} INFO - CODE ::  200
[2025-06-30T05:36:30.454+0000] {logging_mixin.py:188} INFO - CODE ::  200
[2025-06-30T05:36:30.864+0000] {logging_mixin.py:188} INFO - CODE ::  200
[2025-06-30T05:36:31.275+0000] {logging_mixin.py:188} INFO - CODE ::  200
[2025-06-30T05:36:31.683+0000] {logging_mixin.py:188} INFO - CODE ::  200
[2025-06-30T05:36:31.706+0000] {logging_mixin.py:188} INFO - category ::  Autobiography
[2025-06-30T05:36:31.708+0000] {logging_mixin.py:188} INFO - cat_pg_link ::  https://books.toscrape.com/catalogue/category/books/autobiography_27/index.html
[2025-06-30T05:36:32.098+0000] {logging_mixin.py:188} INFO - CODE ::  200
[2025-06-30T05:36:32.130+0000] {logging_mixin.py:188} INFO - blocks ::  9
[2025-06-30T05:36:32.503+0000] {logging_mixin.py:188} INFO - CODE ::  200
[2025-06-30T05:36:32.909+0000] {logging_mixin.py:188} INFO - CODE ::  200
[2025-06-30T05:36:33.206+0000] {logging_mixin.py:188} INFO - CODE ::  200
[2025-06-30T05:36:33.629+0000] {logging_mixin.py:188} INFO - CODE ::  200
[2025-06-30T05:36:34.039+0000] {logging_mixin.py:188} INFO - CODE ::  200
[2025-06-30T05:36:34.451+0000] {logging_mixin.py:188} INFO - CODE ::  200
[2025-06-30T05:36:34.752+0000] {logging_mixin.py:188} INFO - CODE ::  200
[2025-06-30T05:36:35.133+0000] {logging_mixin.py:188} INFO - CODE ::  200
[2025-06-30T05:36:35.472+0000] {logging_mixin.py:188} INFO - CODE ::  200
[2025-06-30T05:36:35.495+0000] {logging_mixin.py:188} INFO - category ::  History
[2025-06-30T05:36:35.496+0000] {logging_mixin.py:188} INFO - cat_pg_link ::  https://books.toscrape.com/catalogue/category/books/history_32/index.html
[2025-06-30T05:36:35.853+0000] {logging_mixin.py:188} INFO - CODE ::  200
[2025-06-30T05:36:35.886+0000] {logging_mixin.py:188} INFO - blocks ::  18
[2025-06-30T05:36:36.166+0000] {logging_mixin.py:188} INFO - CODE ::  200
[2025-06-30T05:36:36.496+0000] {logging_mixin.py:188} INFO - CODE ::  200
[2025-06-30T05:36:36.800+0000] {logging_mixin.py:188} INFO - CODE ::  200
[2025-06-30T05:36:37.114+0000] {logging_mixin.py:188} INFO - CODE ::  200
[2025-06-30T05:36:37.408+0000] {logging_mixin.py:188} INFO - CODE ::  200
[2025-06-30T05:36:37.701+0000] {logging_mixin.py:188} INFO - CODE ::  200
[2025-06-30T05:36:38.000+0000] {logging_mixin.py:188} INFO - CODE ::  200
[2025-06-30T05:36:38.292+0000] {logging_mixin.py:188} INFO - CODE ::  200
[2025-06-30T05:36:38.585+0000] {logging_mixin.py:188} INFO - CODE ::  200
[2025-06-30T05:36:38.885+0000] {logging_mixin.py:188} INFO - CODE ::  200
[2025-06-30T05:36:39.176+0000] {logging_mixin.py:188} INFO - CODE ::  200
[2025-06-30T05:36:39.473+0000] {logging_mixin.py:188} INFO - CODE ::  200
[2025-06-30T05:36:39.778+0000] {logging_mixin.py:188} INFO - CODE ::  200
[2025-06-30T05:36:40.085+0000] {logging_mixin.py:188} INFO - CODE ::  200
[2025-06-30T05:36:40.382+0000] {logging_mixin.py:188} INFO - CODE ::  200
[2025-06-30T05:36:40.682+0000] {logging_mixin.py:188} INFO - CODE ::  200
[2025-06-30T05:36:40.987+0000] {logging_mixin.py:188} INFO - CODE ::  200
[2025-06-30T05:36:41.288+0000] {logging_mixin.py:188} INFO - CODE ::  200
[2025-06-30T05:36:41.305+0000] {logging_mixin.py:188} INFO - category ::  Biography
[2025-06-30T05:36:41.306+0000] {logging_mixin.py:188} INFO - cat_pg_link ::  https://books.toscrape.com/catalogue/category/books/biography_36/index.html
[2025-06-30T05:36:41.589+0000] {logging_mixin.py:188} INFO - CODE ::  200
[2025-06-30T05:36:41.605+0000] {logging_mixin.py:188} INFO - blocks ::  5
[2025-06-30T05:36:41.890+0000] {logging_mixin.py:188} INFO - CODE ::  200
[2025-06-30T05:36:42.198+0000] {logging_mixin.py:188} INFO - CODE ::  200
[2025-06-30T05:36:42.542+0000] {logging_mixin.py:188} INFO - CODE ::  200
[2025-06-30T05:36:42.945+0000] {logging_mixin.py:188} INFO - CODE ::  200
[2025-06-30T05:36:43.359+0000] {logging_mixin.py:188} INFO - CODE ::  200
[2025-06-30T05:36:43.382+0000] {logging_mixin.py:188} INFO - category ::  Contemporary
[2025-06-30T05:36:43.384+0000] {logging_mixin.py:188} INFO - cat_pg_link ::  https://books.toscrape.com/catalogue/category/books/contemporary_38/index.html
[2025-06-30T05:36:43.671+0000] {logging_mixin.py:188} INFO - CODE ::  200
[2025-06-30T05:36:43.691+0000] {logging_mixin.py:188} INFO - blocks ::  3
[2025-06-30T05:36:44.065+0000] {logging_mixin.py:188} INFO - CODE ::  200
[2025-06-30T05:36:44.444+0000] {logging_mixin.py:188} INFO - CODE ::  200
[2025-06-30T05:36:44.725+0000] {logging_mixin.py:188} INFO - CODE ::  200
[2025-06-30T05:36:44.746+0000] {logging_mixin.py:188} INFO - category ::  Spirituality
[2025-06-30T05:36:44.747+0000] {logging_mixin.py:188} INFO - cat_pg_link ::  https://books.toscrape.com/catalogue/category/books/spirituality_39/index.html
[2025-06-30T05:36:45.009+0000] {logging_mixin.py:188} INFO - CODE ::  200
[2025-06-30T05:36:45.033+0000] {logging_mixin.py:188} INFO - blocks ::  6
[2025-06-30T05:36:45.377+0000] {logging_mixin.py:188} INFO - CODE ::  200
[2025-06-30T05:36:45.751+0000] {logging_mixin.py:188} INFO - CODE ::  200
[2025-06-30T05:36:46.146+0000] {logging_mixin.py:188} INFO - CODE ::  200
[2025-06-30T05:36:46.425+0000] {logging_mixin.py:188} INFO - CODE ::  200
[2025-06-30T05:36:46.710+0000] {logging_mixin.py:188} INFO - CODE ::  200
[2025-06-30T05:36:47.067+0000] {logging_mixin.py:188} INFO - CODE ::  200
[2025-06-30T05:36:47.093+0000] {logging_mixin.py:188} INFO - title                  object
price                 float64
availability           object
availability_count      int64
star_rating           float64
description            object
upc                    object
product_type           object
number_of_reviews       int64
image_url              object
book_link              object
category_name          object
dtype: object
[2025-06-30T05:36:47.112+0000] {python.py:237} INFO - Done. Returned value was: None
[2025-06-30T05:36:47.113+0000] {taskinstance.py:441} INFO - ::group::Post task execution logs
[2025-06-30T05:36:47.129+0000] {taskinstance.py:1206} INFO - Marking task as SUCCESS. dag_id=mysql_dag, task_id=scrape_books, run_id=manual__2025-06-30T05:35:43.782939+00:00, execution_date=20250630T053543, start_date=20250630T053546, end_date=20250630T053647
[2025-06-30T05:36:47.172+0000] {local_task_job_runner.py:240} INFO - Task exited with return code 0
[2025-06-30T05:36:47.192+0000] {logging_mixin.py:188} WARNING - /home/***/.local/lib/python3.10/site-packages/***/models/baseoperator.py:1297 AirflowProviderDeprecationWarning: Call to deprecated class MySqlOperator. (Please use `***.providers.common.sql.operators.sql.SQLExecuteQueryOperator`.Also, you can provide `hook_params={'schema': <database>}`.)
[2025-06-30T05:36:47.216+0000] {taskinstance.py:3503} INFO - 1 downstream tasks scheduled from follow-on schedule check
[2025-06-30T05:36:47.223+0000] {local_task_job_runner.py:222} INFO - ::endgroup::
