[2025-06-30T05:00:18.963+0000] {local_task_job_runner.py:120} INFO - ::group::Pre task execution logs
[2025-06-30T05:00:19.185+0000] {taskinstance.py:2076} INFO - Dependencies all met for dep_context=non-requeueable deps ti=<TaskInstance: mysql_dag.scrape_books manual__2025-06-30T05:00:17.347804+00:00 [queued]>
[2025-06-30T05:00:19.201+0000] {taskinstance.py:2076} INFO - Dependencies all met for dep_context=requeueable deps ti=<TaskInstance: mysql_dag.scrape_books manual__2025-06-30T05:00:17.347804+00:00 [queued]>
[2025-06-30T05:00:19.202+0000] {taskinstance.py:2306} INFO - Starting attempt 1 of 2
[2025-06-30T05:00:19.230+0000] {taskinstance.py:2330} INFO - Executing <Task(PythonOperator): scrape_books> on 2025-06-30 05:00:17.347804+00:00
[2025-06-30T05:00:19.240+0000] {standard_task_runner.py:63} INFO - Started process 338 to run task
[2025-06-30T05:00:19.248+0000] {standard_task_runner.py:90} INFO - Running: ['***', 'tasks', 'run', 'mysql_dag', 'scrape_books', 'manual__2025-06-30T05:00:17.347804+00:00', '--job-id', '44', '--raw', '--subdir', 'DAGS_FOLDER/mysql.py', '--cfg-path', '/tmp/tmpxoc7jjdi']
[2025-06-30T05:00:19.255+0000] {standard_task_runner.py:91} INFO - Job 44: Subtask scrape_books
[2025-06-30T05:00:19.293+0000] {logging_mixin.py:188} WARNING - /home/***/.local/lib/python3.10/site-packages/***/settings.py:195 DeprecationWarning: The sql_alchemy_conn option in [core] has been moved to the sql_alchemy_conn option in [database] - the old setting has been used, but please update your config.
[2025-06-30T05:00:19.379+0000] {task_command.py:426} INFO - Running <TaskInstance: mysql_dag.scrape_books manual__2025-06-30T05:00:17.347804+00:00 [running]> on host 76cdd04f4df6
[2025-06-30T05:00:19.554+0000] {taskinstance.py:2648} INFO - Exporting env vars: AIRFLOW_CTX_DAG_OWNER='Karthik' AIRFLOW_CTX_DAG_ID='mysql_dag' AIRFLOW_CTX_TASK_ID='scrape_books' AIRFLOW_CTX_EXECUTION_DATE='2025-06-30T05:00:17.347804+00:00' AIRFLOW_CTX_TRY_NUMBER='1' AIRFLOW_CTX_DAG_RUN_ID='manual__2025-06-30T05:00:17.347804+00:00'
[2025-06-30T05:00:19.556+0000] {taskinstance.py:430} INFO - ::endgroup::
[2025-06-30T05:00:22.146+0000] {logging_mixin.py:188} INFO - CODE ::  200
[2025-06-30T05:00:22.199+0000] {logging_mixin.py:188} INFO - category ::  Mystery
[2025-06-30T05:00:22.200+0000] {logging_mixin.py:188} INFO - cat_pg_link ::  https://books.toscrape.com/catalogue/category/books/mystery_3/index.html
[2025-06-30T05:00:22.471+0000] {logging_mixin.py:188} INFO - CODE ::  200
[2025-06-30T05:00:22.518+0000] {logging_mixin.py:188} INFO - blocks ::  20
[2025-06-30T05:00:22.784+0000] {logging_mixin.py:188} INFO - CODE ::  200
[2025-06-30T05:00:23.171+0000] {logging_mixin.py:188} INFO - CODE ::  200
[2025-06-30T05:00:23.479+0000] {logging_mixin.py:188} INFO - CODE ::  200
[2025-06-30T05:00:23.765+0000] {logging_mixin.py:188} INFO - CODE ::  200
[2025-06-30T05:00:24.049+0000] {logging_mixin.py:188} INFO - CODE ::  200
[2025-06-30T05:00:24.341+0000] {logging_mixin.py:188} INFO - CODE ::  200
[2025-06-30T05:00:24.664+0000] {logging_mixin.py:188} INFO - CODE ::  200
[2025-06-30T05:00:24.979+0000] {logging_mixin.py:188} INFO - CODE ::  200
[2025-06-30T05:00:25.265+0000] {logging_mixin.py:188} INFO - CODE ::  200
[2025-06-30T05:00:25.629+0000] {logging_mixin.py:188} INFO - CODE ::  200
[2025-06-30T05:00:25.939+0000] {logging_mixin.py:188} INFO - CODE ::  200
[2025-06-30T05:00:26.248+0000] {logging_mixin.py:188} INFO - CODE ::  200
[2025-06-30T05:00:26.550+0000] {logging_mixin.py:188} INFO - CODE ::  200
[2025-06-30T05:00:26.859+0000] {logging_mixin.py:188} INFO - CODE ::  200
[2025-06-30T05:00:27.165+0000] {logging_mixin.py:188} INFO - CODE ::  200
[2025-06-30T05:00:27.472+0000] {logging_mixin.py:188} INFO - CODE ::  200
[2025-06-30T05:00:27.779+0000] {logging_mixin.py:188} INFO - CODE ::  200
[2025-06-30T05:00:28.087+0000] {logging_mixin.py:188} INFO - CODE ::  200
[2025-06-30T05:00:28.375+0000] {logging_mixin.py:188} INFO - CODE ::  200
[2025-06-30T05:00:28.700+0000] {logging_mixin.py:188} INFO - CODE ::  200
[2025-06-30T05:00:28.723+0000] {logging_mixin.py:188} INFO - cat_pg_link ::  https://books.toscrape.com/catalogue/category/books/mystery_3/page-2.html
[2025-06-30T05:00:29.013+0000] {logging_mixin.py:188} INFO - CODE ::  200
[2025-06-30T05:00:29.044+0000] {logging_mixin.py:188} INFO - blocks ::  12
[2025-06-30T05:00:29.414+0000] {logging_mixin.py:188} INFO - CODE ::  200
[2025-06-30T05:00:29.725+0000] {logging_mixin.py:188} INFO - CODE ::  200
[2025-06-30T05:00:30.031+0000] {logging_mixin.py:188} INFO - CODE ::  200
[2025-06-30T05:00:30.338+0000] {logging_mixin.py:188} INFO - CODE ::  200
[2025-06-30T05:00:30.645+0000] {logging_mixin.py:188} INFO - CODE ::  200
[2025-06-30T05:00:30.955+0000] {logging_mixin.py:188} INFO - CODE ::  200
[2025-06-30T05:00:31.261+0000] {logging_mixin.py:188} INFO - CODE ::  200
[2025-06-30T05:00:31.565+0000] {logging_mixin.py:188} INFO - CODE ::  200
[2025-06-30T05:00:31.879+0000] {logging_mixin.py:188} INFO - CODE ::  200
[2025-06-30T05:00:32.183+0000] {logging_mixin.py:188} INFO - CODE ::  200
[2025-06-30T05:00:32.465+0000] {logging_mixin.py:188} INFO - CODE ::  200
[2025-06-30T05:00:32.797+0000] {logging_mixin.py:188} INFO - CODE ::  200
[2025-06-30T05:00:32.829+0000] {logging_mixin.py:188} INFO - category ::  Philosophy
[2025-06-30T05:00:32.830+0000] {logging_mixin.py:188} INFO - cat_pg_link ::  https://books.toscrape.com/catalogue/category/books/philosophy_7/index.html
[2025-06-30T05:00:33.100+0000] {logging_mixin.py:188} INFO - CODE ::  200
[2025-06-30T05:00:33.131+0000] {logging_mixin.py:188} INFO - blocks ::  11
[2025-06-30T05:00:33.429+0000] {logging_mixin.py:188} INFO - CODE ::  200
[2025-06-30T05:00:33.823+0000] {logging_mixin.py:188} INFO - CODE ::  200
[2025-06-30T05:00:34.128+0000] {logging_mixin.py:188} INFO - CODE ::  200
[2025-06-30T05:00:34.449+0000] {logging_mixin.py:188} INFO - CODE ::  200
[2025-06-30T05:00:34.845+0000] {logging_mixin.py:188} INFO - CODE ::  200
[2025-06-30T05:00:35.152+0000] {logging_mixin.py:188} INFO - CODE ::  200
[2025-06-30T05:00:35.458+0000] {logging_mixin.py:188} INFO - CODE ::  200
[2025-06-30T05:00:35.768+0000] {logging_mixin.py:188} INFO - CODE ::  200
[2025-06-30T05:00:36.072+0000] {logging_mixin.py:188} INFO - CODE ::  200
[2025-06-30T05:00:36.380+0000] {logging_mixin.py:188} INFO - CODE ::  200
[2025-06-30T05:00:36.689+0000] {logging_mixin.py:188} INFO - CODE ::  200
[2025-06-30T05:00:36.714+0000] {logging_mixin.py:188} INFO - category ::  Fantasy
[2025-06-30T05:00:36.715+0000] {logging_mixin.py:188} INFO - cat_pg_link ::  https://books.toscrape.com/catalogue/category/books/fantasy_19/index.html
[2025-06-30T05:00:36.987+0000] {logging_mixin.py:188} INFO - CODE ::  200
[2025-06-30T05:00:37.035+0000] {logging_mixin.py:188} INFO - blocks ::  20
[2025-06-30T05:00:37.407+0000] {logging_mixin.py:188} INFO - CODE ::  200
[2025-06-30T05:00:37.814+0000] {logging_mixin.py:188} INFO - CODE ::  200
[2025-06-30T05:00:38.106+0000] {logging_mixin.py:188} INFO - CODE ::  200
[2025-06-30T05:00:38.428+0000] {logging_mixin.py:188} INFO - CODE ::  200
[2025-06-30T05:00:38.735+0000] {logging_mixin.py:188} INFO - CODE ::  200
[2025-06-30T05:00:39.032+0000] {logging_mixin.py:188} INFO - CODE ::  200
[2025-06-30T05:00:39.323+0000] {logging_mixin.py:188} INFO - CODE ::  200
[2025-06-30T05:00:39.612+0000] {logging_mixin.py:188} INFO - CODE ::  200
[2025-06-30T05:00:39.964+0000] {logging_mixin.py:188} INFO - CODE ::  200
[2025-06-30T05:00:40.274+0000] {logging_mixin.py:188} INFO - CODE ::  200
[2025-06-30T05:00:40.564+0000] {logging_mixin.py:188} INFO - CODE ::  200
[2025-06-30T05:00:40.854+0000] {logging_mixin.py:188} INFO - CODE ::  200
[2025-06-30T05:00:41.193+0000] {logging_mixin.py:188} INFO - CODE ::  200
[2025-06-30T05:00:41.497+0000] {logging_mixin.py:188} INFO - CODE ::  200
[2025-06-30T05:00:41.806+0000] {logging_mixin.py:188} INFO - CODE ::  200
[2025-06-30T05:00:42.112+0000] {logging_mixin.py:188} INFO - CODE ::  200
[2025-06-30T05:00:42.418+0000] {logging_mixin.py:188} INFO - CODE ::  200
[2025-06-30T05:00:42.725+0000] {logging_mixin.py:188} INFO - CODE ::  200
[2025-06-30T05:00:43.044+0000] {logging_mixin.py:188} INFO - CODE ::  200
[2025-06-30T05:00:43.325+0000] {logging_mixin.py:188} INFO - CODE ::  200
[2025-06-30T05:00:43.343+0000] {logging_mixin.py:188} INFO - cat_pg_link ::  https://books.toscrape.com/catalogue/category/books/fantasy_19/page-2.html
[2025-06-30T05:00:43.657+0000] {logging_mixin.py:188} INFO - CODE ::  200
[2025-06-30T05:00:43.696+0000] {logging_mixin.py:188} INFO - blocks ::  20
[2025-06-30T05:00:43.982+0000] {logging_mixin.py:188} INFO - CODE ::  200
[2025-06-30T05:00:44.367+0000] {logging_mixin.py:188} INFO - CODE ::  200
[2025-06-30T05:00:44.676+0000] {logging_mixin.py:188} INFO - CODE ::  200
[2025-06-30T05:00:44.959+0000] {logging_mixin.py:188} INFO - CODE ::  200
[2025-06-30T05:00:45.241+0000] {logging_mixin.py:188} INFO - CODE ::  200
[2025-06-30T05:00:45.617+0000] {logging_mixin.py:188} INFO - CODE ::  200
[2025-06-30T05:00:45.900+0000] {logging_mixin.py:188} INFO - CODE ::  200
[2025-06-30T05:00:46.180+0000] {logging_mixin.py:188} INFO - CODE ::  200
[2025-06-30T05:00:46.440+0000] {logging_mixin.py:188} INFO - CODE ::  200
[2025-06-30T05:00:46.746+0000] {logging_mixin.py:188} INFO - CODE ::  200
[2025-06-30T05:00:47.026+0000] {logging_mixin.py:188} INFO - CODE ::  200
[2025-06-30T05:00:47.308+0000] {logging_mixin.py:188} INFO - CODE ::  200
[2025-06-30T05:00:47.588+0000] {logging_mixin.py:188} INFO - CODE ::  200
[2025-06-30T05:00:47.890+0000] {logging_mixin.py:188} INFO - CODE ::  200
[2025-06-30T05:00:48.245+0000] {logging_mixin.py:188} INFO - CODE ::  200
[2025-06-30T05:00:48.529+0000] {logging_mixin.py:188} INFO - CODE ::  200
[2025-06-30T05:00:48.808+0000] {logging_mixin.py:188} INFO - CODE ::  200
[2025-06-30T05:00:49.091+0000] {logging_mixin.py:188} INFO - CODE ::  200
[2025-06-30T05:00:49.465+0000] {logging_mixin.py:188} INFO - CODE ::  200
[2025-06-30T05:00:49.749+0000] {logging_mixin.py:188} INFO - CODE ::  200
[2025-06-30T05:00:49.770+0000] {logging_mixin.py:188} INFO - cat_pg_link ::  https://books.toscrape.com/catalogue/category/books/fantasy_19/page-3.html
[2025-06-30T05:00:50.031+0000] {logging_mixin.py:188} INFO - CODE ::  200
[2025-06-30T05:00:50.057+0000] {logging_mixin.py:188} INFO - blocks ::  8
[2025-06-30T05:00:50.405+0000] {logging_mixin.py:188} INFO - CODE ::  200
[2025-06-30T05:00:50.686+0000] {logging_mixin.py:188} INFO - CODE ::  200
[2025-06-30T05:00:50.965+0000] {logging_mixin.py:188} INFO - CODE ::  200
[2025-06-30T05:00:51.530+0000] {logging_mixin.py:188} INFO - CODE ::  200
[2025-06-30T05:00:04.723+0000] {logging_mixin.py:188} INFO - CODE ::  200
[2025-06-30T05:00:52.755+0000] {logging_mixin.py:188} INFO - CODE ::  200
[2025-06-30T05:00:53.042+0000] {logging_mixin.py:188} INFO - CODE ::  200
[2025-06-30T05:00:53.368+0000] {logging_mixin.py:188} INFO - CODE ::  200
[2025-06-30T05:00:53.391+0000] {logging_mixin.py:188} INFO - category ::  Poetry
[2025-06-30T05:00:53.392+0000] {logging_mixin.py:188} INFO - cat_pg_link ::  https://books.toscrape.com/catalogue/category/books/poetry_23/index.html
[2025-06-30T05:00:53.680+0000] {logging_mixin.py:188} INFO - CODE ::  200
[2025-06-30T05:00:53.715+0000] {logging_mixin.py:188} INFO - blocks ::  19
[2025-06-30T05:00:54.004+0000] {logging_mixin.py:188} INFO - CODE ::  200
[2025-06-30T05:00:54.281+0000] {logging_mixin.py:188} INFO - CODE ::  200
[2025-06-30T05:00:54.567+0000] {logging_mixin.py:188} INFO - CODE ::  200
[2025-06-30T05:00:54.903+0000] {logging_mixin.py:188} INFO - CODE ::  200
[2025-06-30T05:00:55.208+0000] {logging_mixin.py:188} INFO - CODE ::  200
[2025-06-30T05:00:55.518+0000] {logging_mixin.py:188} INFO - CODE ::  200
[2025-06-30T05:00:55.806+0000] {logging_mixin.py:188} INFO - CODE ::  200
[2025-06-30T05:00:56.133+0000] {logging_mixin.py:188} INFO - CODE ::  200
[2025-06-30T05:00:56.437+0000] {logging_mixin.py:188} INFO - CODE ::  200
[2025-06-30T05:00:56.747+0000] {logging_mixin.py:188} INFO - CODE ::  200
[2025-06-30T05:00:57.053+0000] {logging_mixin.py:188} INFO - CODE ::  200
[2025-06-30T05:00:57.364+0000] {logging_mixin.py:188} INFO - CODE ::  200
[2025-06-30T05:00:57.767+0000] {logging_mixin.py:188} INFO - CODE ::  200
[2025-06-30T05:00:58.052+0000] {logging_mixin.py:188} INFO - CODE ::  200
[2025-06-30T05:00:58.340+0000] {logging_mixin.py:188} INFO - CODE ::  200
[2025-06-30T05:00:58.690+0000] {logging_mixin.py:188} INFO - CODE ::  200
[2025-06-30T05:00:58.998+0000] {logging_mixin.py:188} INFO - CODE ::  200
[2025-06-30T05:00:59.315+0000] {logging_mixin.py:188} INFO - CODE ::  200
[2025-06-30T05:00:59.612+0000] {logging_mixin.py:188} INFO - CODE ::  200
[2025-06-30T05:00:59.636+0000] {logging_mixin.py:188} INFO - category ::  Psychology
[2025-06-30T05:00:59.638+0000] {logging_mixin.py:188} INFO - cat_pg_link ::  https://books.toscrape.com/catalogue/category/books/psychology_26/index.html
[2025-06-30T05:00:59.925+0000] {logging_mixin.py:188} INFO - CODE ::  200
[2025-06-30T05:00:59.952+0000] {logging_mixin.py:188} INFO - blocks ::  7
[2025-06-30T05:01:00.331+0000] {logging_mixin.py:188} INFO - CODE ::  200
[2025-06-30T05:01:00.636+0000] {logging_mixin.py:188} INFO - CODE ::  200
[2025-06-30T05:01:00.944+0000] {logging_mixin.py:188} INFO - CODE ::  200
[2025-06-30T05:01:01.251+0000] {logging_mixin.py:188} INFO - CODE ::  200
[2025-06-30T05:01:01.539+0000] {logging_mixin.py:188} INFO - CODE ::  200
[2025-06-30T05:01:01.866+0000] {logging_mixin.py:188} INFO - CODE ::  200
[2025-06-30T05:01:02.172+0000] {logging_mixin.py:188} INFO - CODE ::  200
[2025-06-30T05:01:02.194+0000] {logging_mixin.py:188} INFO - category ::  Autobiography
[2025-06-30T05:01:02.195+0000] {logging_mixin.py:188} INFO - cat_pg_link ::  https://books.toscrape.com/catalogue/category/books/autobiography_27/index.html
[2025-06-30T05:01:02.483+0000] {logging_mixin.py:188} INFO - CODE ::  200
[2025-06-30T05:01:02.513+0000] {logging_mixin.py:188} INFO - blocks ::  9
[2025-06-30T05:01:02.889+0000] {logging_mixin.py:188} INFO - CODE ::  200
[2025-06-30T05:01:03.197+0000] {logging_mixin.py:188} INFO - CODE ::  200
[2025-06-30T05:01:03.505+0000] {logging_mixin.py:188} INFO - CODE ::  200
[2025-06-30T05:01:03.815+0000] {logging_mixin.py:188} INFO - CODE ::  200
[2025-06-30T05:01:04.117+0000] {logging_mixin.py:188} INFO - CODE ::  200
[2025-06-30T05:01:04.425+0000] {logging_mixin.py:188} INFO - CODE ::  200
[2025-06-30T05:01:04.732+0000] {logging_mixin.py:188} INFO - CODE ::  200
[2025-06-30T05:01:05.042+0000] {logging_mixin.py:188} INFO - CODE ::  200
[2025-06-30T05:01:05.348+0000] {logging_mixin.py:188} INFO - CODE ::  200
[2025-06-30T05:01:05.373+0000] {logging_mixin.py:188} INFO - category ::  History
[2025-06-30T05:01:05.375+0000] {logging_mixin.py:188} INFO - cat_pg_link ::  https://books.toscrape.com/catalogue/category/books/history_32/index.html
[2025-06-30T05:01:05.764+0000] {logging_mixin.py:188} INFO - CODE ::  200
[2025-06-30T05:01:05.801+0000] {logging_mixin.py:188} INFO - blocks ::  18
[2025-06-30T05:01:06.166+0000] {logging_mixin.py:188} INFO - CODE ::  200
[2025-06-30T05:01:06.472+0000] {logging_mixin.py:188} INFO - CODE ::  200
[2025-06-30T05:01:06.781+0000] {logging_mixin.py:188} INFO - CODE ::  200
[2025-06-30T05:01:07.087+0000] {logging_mixin.py:188} INFO - CODE ::  200
[2025-06-30T05:01:07.368+0000] {logging_mixin.py:188} INFO - CODE ::  200
[2025-06-30T05:01:07.650+0000] {logging_mixin.py:188} INFO - CODE ::  200
[2025-06-30T05:01:08.011+0000] {logging_mixin.py:188} INFO - CODE ::  200
[2025-06-30T05:01:08.316+0000] {logging_mixin.py:188} INFO - CODE ::  200
[2025-06-30T05:01:08.602+0000] {logging_mixin.py:188} INFO - CODE ::  200
[2025-06-30T05:01:08.890+0000] {logging_mixin.py:188} INFO - CODE ::  200
[2025-06-30T05:01:09.174+0000] {logging_mixin.py:188} INFO - CODE ::  200
[2025-06-30T05:01:09.457+0000] {logging_mixin.py:188} INFO - CODE ::  200
[2025-06-30T05:01:09.724+0000] {logging_mixin.py:188} INFO - CODE ::  200
[2025-06-30T05:01:09.990+0000] {logging_mixin.py:188} INFO - CODE ::  200
[2025-06-30T05:01:10.254+0000] {logging_mixin.py:188} INFO - CODE ::  200
[2025-06-30T05:01:10.562+0000] {logging_mixin.py:188} INFO - CODE ::  200
[2025-06-30T05:01:10.849+0000] {logging_mixin.py:188} INFO - CODE ::  200
[2025-06-30T05:01:11.126+0000] {logging_mixin.py:188} INFO - CODE ::  200
[2025-06-30T05:01:11.147+0000] {logging_mixin.py:188} INFO - category ::  Biography
[2025-06-30T05:01:11.149+0000] {logging_mixin.py:188} INFO - cat_pg_link ::  https://books.toscrape.com/catalogue/category/books/biography_36/index.html
[2025-06-30T05:01:11.401+0000] {logging_mixin.py:188} INFO - CODE ::  200
[2025-06-30T05:01:11.422+0000] {logging_mixin.py:188} INFO - blocks ::  5
[2025-06-30T05:01:11.692+0000] {logging_mixin.py:188} INFO - CODE ::  200
[2025-06-30T05:01:11.973+0000] {logging_mixin.py:188} INFO - CODE ::  200
[2025-06-30T05:01:12.256+0000] {logging_mixin.py:188} INFO - CODE ::  200
[2025-06-30T05:01:12.538+0000] {logging_mixin.py:188} INFO - CODE ::  200
[2025-06-30T05:01:12.886+0000] {logging_mixin.py:188} INFO - CODE ::  200
[2025-06-30T05:01:12.898+0000] {logging_mixin.py:188} INFO - category ::  Contemporary
[2025-06-30T05:01:12.899+0000] {logging_mixin.py:188} INFO - cat_pg_link ::  https://books.toscrape.com/catalogue/category/books/contemporary_38/index.html
[2025-06-30T05:01:13.194+0000] {logging_mixin.py:188} INFO - CODE ::  200
[2025-06-30T05:01:13.211+0000] {logging_mixin.py:188} INFO - blocks ::  3
[2025-06-30T05:01:13.475+0000] {logging_mixin.py:188} INFO - CODE ::  200
[2025-06-30T05:01:13.736+0000] {logging_mixin.py:188} INFO - CODE ::  200
[2025-06-30T05:01:14.036+0000] {logging_mixin.py:188} INFO - CODE ::  200
[2025-06-30T05:01:14.062+0000] {logging_mixin.py:188} INFO - category ::  Spirituality
[2025-06-30T05:01:14.064+0000] {logging_mixin.py:188} INFO - cat_pg_link ::  https://books.toscrape.com/catalogue/category/books/spirituality_39/index.html
[2025-06-30T05:01:14.413+0000] {logging_mixin.py:188} INFO - CODE ::  200
[2025-06-30T05:01:14.435+0000] {logging_mixin.py:188} INFO - blocks ::  6
[2025-06-30T05:01:14.693+0000] {logging_mixin.py:188} INFO - CODE ::  200
[2025-06-30T05:01:14.974+0000] {logging_mixin.py:188} INFO - CODE ::  200
[2025-06-30T05:01:15.261+0000] {logging_mixin.py:188} INFO - CODE ::  200
[2025-06-30T05:01:15.542+0000] {logging_mixin.py:188} INFO - CODE ::  200
[2025-06-30T05:01:15.820+0000] {logging_mixin.py:188} INFO - CODE ::  200
[2025-06-30T05:01:16.106+0000] {logging_mixin.py:188} INFO - CODE ::  200
[2025-06-30T05:01:16.135+0000] {logging_mixin.py:188} INFO - title                  object
price                 float64
availability           object
availability_count      int64
star_rating           float64
description            object
upc                    object
product_type           object
number_of_reviews       int64
image_url              object
book_link              object
category_name          object
dtype: object
[2025-06-30T05:01:16.155+0000] {python.py:237} INFO - Done. Returned value was: None
[2025-06-30T05:01:16.157+0000] {taskinstance.py:441} INFO - ::group::Post task execution logs
[2025-06-30T05:01:16.175+0000] {taskinstance.py:1206} INFO - Marking task as SUCCESS. dag_id=mysql_dag, task_id=scrape_books, run_id=manual__2025-06-30T05:00:17.347804+00:00, execution_date=20250630T050017, start_date=20250630T050019, end_date=20250630T050116
[2025-06-30T05:01:16.211+0000] {local_task_job_runner.py:240} INFO - Task exited with return code 0
[2025-06-30T05:01:16.223+0000] {logging_mixin.py:188} WARNING - /home/***/.local/lib/python3.10/site-packages/***/models/baseoperator.py:1297 AirflowProviderDeprecationWarning: Call to deprecated class MySqlOperator. (Please use `***.providers.common.sql.operators.sql.SQLExecuteQueryOperator`.Also, you can provide `hook_params={'schema': <database>}`.)
[2025-06-30T05:01:16.240+0000] {taskinstance.py:3503} INFO - 1 downstream tasks scheduled from follow-on schedule check
[2025-06-30T05:01:16.246+0000] {local_task_job_runner.py:222} INFO - ::endgroup::
