[2025-07-04T03:50:50.866+0000] {local_task_job_runner.py:120} INFO - ::group::Pre task execution logs
[2025-07-04T03:50:51.074+0000] {taskinstance.py:2076} INFO - Dependencies all met for dep_context=non-requeueable deps ti=<TaskInstance: products_prices_dag.ETL_group.scrape_products scheduled__2025-07-03T00:00:00+00:00 [queued]>
[2025-07-04T03:50:51.086+0000] {taskinstance.py:2076} INFO - Dependencies all met for dep_context=requeueable deps ti=<TaskInstance: products_prices_dag.ETL_group.scrape_products scheduled__2025-07-03T00:00:00+00:00 [queued]>
[2025-07-04T03:50:51.088+0000] {taskinstance.py:2306} INFO - Starting attempt 1 of 3
[2025-07-04T03:50:51.115+0000] {taskinstance.py:2330} INFO - Executing <Task(PythonOperator): ETL_group.scrape_products> on 2025-07-03 00:00:00+00:00
[2025-07-04T03:50:51.123+0000] {standard_task_runner.py:63} INFO - Started process 1337 to run task
[2025-07-04T03:50:51.128+0000] {standard_task_runner.py:90} INFO - Running: ['***', 'tasks', 'run', 'products_prices_dag', 'ETL_group.scrape_products', 'scheduled__2025-07-03T00:00:00+00:00', '--job-id', '167', '--raw', '--subdir', 'DAGS_FOLDER/products_prices_dag.py', '--cfg-path', '/tmp/tmpyvtms8lq']
[2025-07-04T03:50:51.132+0000] {standard_task_runner.py:91} INFO - Job 167: Subtask ETL_group.scrape_products
[2025-07-04T03:50:51.160+0000] {logging_mixin.py:188} WARNING - /home/***/.local/lib/python3.10/site-packages/***/settings.py:195 DeprecationWarning: The sql_alchemy_conn option in [core] has been moved to the sql_alchemy_conn option in [database] - the old setting has been used, but please update your config.
[2025-07-04T03:50:51.235+0000] {task_command.py:426} INFO - Running <TaskInstance: products_prices_dag.ETL_group.scrape_products scheduled__2025-07-03T00:00:00+00:00 [running]> on host e43ce2a1e7a4
[2025-07-04T03:50:51.360+0000] {taskinstance.py:2648} INFO - Exporting env vars: AIRFLOW_CTX_DAG_OWNER='karthik' AIRFLOW_CTX_DAG_ID='products_prices_dag' AIRFLOW_CTX_TASK_ID='ETL_group.scrape_products' AIRFLOW_CTX_EXECUTION_DATE='2025-07-03T00:00:00+00:00' AIRFLOW_CTX_TRY_NUMBER='1' AIRFLOW_CTX_DAG_RUN_ID='scheduled__2025-07-03T00:00:00+00:00'
[2025-07-04T03:50:51.362+0000] {taskinstance.py:430} INFO - ::endgroup::
[2025-07-04T03:50:52.329+0000] {get_products.py:19} INFO - 200
[2025-07-04T03:50:52.372+0000] {get_products.py:33} INFO - [Errno 13] Permission denied: '/opt/airflow/dags/scripts/fakestoreapi/raw_output.csv'
[2025-07-04T03:50:52.374+0000] {python.py:237} INFO - Done. Returned value was: None
[2025-07-04T03:50:52.375+0000] {taskinstance.py:441} INFO - ::group::Post task execution logs
[2025-07-04T03:50:52.386+0000] {taskinstance.py:1206} INFO - Marking task as SUCCESS. dag_id=products_prices_dag, task_id=ETL_group.scrape_products, run_id=scheduled__2025-07-03T00:00:00+00:00, execution_date=20250703T000000, start_date=20250704T035051, end_date=20250704T035052
[2025-07-04T03:50:52.430+0000] {local_task_job_runner.py:240} INFO - Task exited with return code 0
[2025-07-04T03:50:52.467+0000] {taskinstance.py:3503} INFO - 1 downstream tasks scheduled from follow-on schedule check
[2025-07-04T03:50:52.475+0000] {local_task_job_runner.py:222} INFO - ::endgroup::
