[2025-07-04T03:51:48.160+0000] {local_task_job_runner.py:120} INFO - ::group::Pre task execution logs
[2025-07-04T03:51:48.403+0000] {taskinstance.py:2076} INFO - Dependencies all met for dep_context=non-requeueable deps ti=<TaskInstance: products_prices_dag.ETL_group.scrape_products scheduled__2025-07-03T00:00:00+00:00 [queued]>
[2025-07-04T03:51:48.421+0000] {taskinstance.py:2076} INFO - Dependencies all met for dep_context=requeueable deps ti=<TaskInstance: products_prices_dag.ETL_group.scrape_products scheduled__2025-07-03T00:00:00+00:00 [queued]>
[2025-07-04T03:51:48.423+0000] {taskinstance.py:2306} INFO - Starting attempt 2 of 4
[2025-07-04T03:51:48.453+0000] {taskinstance.py:2330} INFO - Executing <Task(PythonOperator): ETL_group.scrape_products> on 2025-07-03 00:00:00+00:00
[2025-07-04T03:51:48.464+0000] {standard_task_runner.py:63} INFO - Started process 1371 to run task
[2025-07-04T03:51:48.473+0000] {standard_task_runner.py:90} INFO - Running: ['***', 'tasks', 'run', 'products_prices_dag', 'ETL_group.scrape_products', 'scheduled__2025-07-03T00:00:00+00:00', '--job-id', '169', '--raw', '--subdir', 'DAGS_FOLDER/products_prices_dag.py', '--cfg-path', '/tmp/tmpvnzrdwu1']
[2025-07-04T03:51:48.482+0000] {standard_task_runner.py:91} INFO - Job 169: Subtask ETL_group.scrape_products
[2025-07-04T03:51:48.550+0000] {logging_mixin.py:188} WARNING - /home/***/.local/lib/python3.10/site-packages/***/settings.py:195 DeprecationWarning: The sql_alchemy_conn option in [core] has been moved to the sql_alchemy_conn option in [database] - the old setting has been used, but please update your config.
[2025-07-04T03:51:48.650+0000] {task_command.py:426} INFO - Running <TaskInstance: products_prices_dag.ETL_group.scrape_products scheduled__2025-07-03T00:00:00+00:00 [running]> on host e43ce2a1e7a4
[2025-07-04T03:51:48.853+0000] {taskinstance.py:2648} INFO - Exporting env vars: AIRFLOW_CTX_DAG_OWNER='karthik' AIRFLOW_CTX_DAG_ID='products_prices_dag' AIRFLOW_CTX_TASK_ID='ETL_group.scrape_products' AIRFLOW_CTX_EXECUTION_DATE='2025-07-03T00:00:00+00:00' AIRFLOW_CTX_TRY_NUMBER='2' AIRFLOW_CTX_DAG_RUN_ID='scheduled__2025-07-03T00:00:00+00:00'
[2025-07-04T03:51:48.856+0000] {taskinstance.py:430} INFO - ::endgroup::
[2025-07-04T03:51:49.879+0000] {get_products.py:19} INFO - 200
[2025-07-04T03:51:49.926+0000] {get_products.py:30} INFO - /opt/***
[2025-07-04T03:51:49.930+0000] {python.py:237} INFO - Done. Returned value was: None
[2025-07-04T03:51:49.932+0000] {taskinstance.py:441} INFO - ::group::Post task execution logs
[2025-07-04T03:51:49.949+0000] {taskinstance.py:1206} INFO - Marking task as SUCCESS. dag_id=products_prices_dag, task_id=ETL_group.scrape_products, run_id=scheduled__2025-07-03T00:00:00+00:00, execution_date=20250703T000000, start_date=20250704T035148, end_date=20250704T035149
[2025-07-04T03:51:50.021+0000] {local_task_job_runner.py:240} INFO - Task exited with return code 0
[2025-07-04T03:51:50.066+0000] {taskinstance.py:3503} INFO - 1 downstream tasks scheduled from follow-on schedule check
[2025-07-04T03:51:50.075+0000] {local_task_job_runner.py:222} INFO - ::endgroup::
