[2025-07-04T04:29:06.835+0000] {local_task_job_runner.py:120} INFO - ::group::Pre task execution logs
[2025-07-04T04:29:07.048+0000] {taskinstance.py:2076} INFO - Dependencies all met for dep_context=non-requeueable deps ti=<TaskInstance: products_prices_dag.ETL_group.scrape_products scheduled__2025-07-03T00:00:00+00:00 [queued]>
[2025-07-04T04:29:07.058+0000] {taskinstance.py:2076} INFO - Dependencies all met for dep_context=requeueable deps ti=<TaskInstance: products_prices_dag.ETL_group.scrape_products scheduled__2025-07-03T00:00:00+00:00 [queued]>
[2025-07-04T04:29:07.059+0000] {taskinstance.py:2306} INFO - Starting attempt 6 of 8
[2025-07-04T04:29:07.081+0000] {taskinstance.py:2330} INFO - Executing <Task(PythonOperator): ETL_group.scrape_products> on 2025-07-03 00:00:00+00:00
[2025-07-04T04:29:07.087+0000] {standard_task_runner.py:63} INFO - Started process 2661 to run task
[2025-07-04T04:29:07.093+0000] {standard_task_runner.py:90} INFO - Running: ['***', 'tasks', 'run', 'products_prices_dag', 'ETL_group.scrape_products', 'scheduled__2025-07-03T00:00:00+00:00', '--job-id', '197', '--raw', '--subdir', 'DAGS_FOLDER/products_prices_dag.py', '--cfg-path', '/tmp/tmperkfamvc']
[2025-07-04T04:29:07.106+0000] {standard_task_runner.py:91} INFO - Job 197: Subtask ETL_group.scrape_products
[2025-07-04T04:29:07.137+0000] {logging_mixin.py:188} WARNING - /home/***/.local/lib/python3.10/site-packages/***/settings.py:195 DeprecationWarning: The sql_alchemy_conn option in [core] has been moved to the sql_alchemy_conn option in [database] - the old setting has been used, but please update your config.
[2025-07-04T04:29:07.196+0000] {task_command.py:426} INFO - Running <TaskInstance: products_prices_dag.ETL_group.scrape_products scheduled__2025-07-03T00:00:00+00:00 [running]> on host e43ce2a1e7a4
[2025-07-04T04:29:07.317+0000] {taskinstance.py:2648} INFO - Exporting env vars: AIRFLOW_CTX_DAG_OWNER='karthik' AIRFLOW_CTX_DAG_ID='products_prices_dag' AIRFLOW_CTX_TASK_ID='ETL_group.scrape_products' AIRFLOW_CTX_EXECUTION_DATE='2025-07-03T00:00:00+00:00' AIRFLOW_CTX_TRY_NUMBER='6' AIRFLOW_CTX_DAG_RUN_ID='scheduled__2025-07-03T00:00:00+00:00'
[2025-07-04T04:29:07.318+0000] {taskinstance.py:430} INFO - ::endgroup::
[2025-07-04T04:29:07.788+0000] {get_products.py:19} INFO - 200
[2025-07-04T04:29:07.845+0000] {get_products.py:30} INFO - /opt/***
[2025-07-04T04:29:07.849+0000] {python.py:237} INFO - Done. Returned value was: None
[2025-07-04T04:29:07.850+0000] {taskinstance.py:441} INFO - ::group::Post task execution logs
[2025-07-04T04:29:07.868+0000] {taskinstance.py:1206} INFO - Marking task as SUCCESS. dag_id=products_prices_dag, task_id=ETL_group.scrape_products, run_id=scheduled__2025-07-03T00:00:00+00:00, execution_date=20250703T000000, start_date=20250704T042907, end_date=20250704T042907
[2025-07-04T04:29:07.951+0000] {local_task_job_runner.py:240} INFO - Task exited with return code 0
[2025-07-04T04:29:07.976+0000] {logging_mixin.py:188} WARNING - /home/***/.local/lib/python3.10/site-packages/***/models/baseoperator.py:1297 AirflowProviderDeprecationWarning: Call to deprecated class MySqlOperator. (Please use `***.providers.common.sql.operators.sql.SQLExecuteQueryOperator`.Also, you can provide `hook_params={'schema': <database>}`.)
[2025-07-04T04:29:08.000+0000] {taskinstance.py:3503} INFO - 1 downstream tasks scheduled from follow-on schedule check
[2025-07-04T04:29:08.009+0000] {local_task_job_runner.py:222} INFO - ::endgroup::
