[2025-07-04T04:05:00.736+0000] {local_task_job_runner.py:120} INFO - ::group::Pre task execution logs
[2025-07-04T04:05:00.924+0000] {taskinstance.py:2076} INFO - Dependencies all met for dep_context=non-requeueable deps ti=<TaskInstance: products_prices_dag.ETL_group.scrape_products scheduled__2025-07-03T00:00:00+00:00 [queued]>
[2025-07-04T04:05:00.937+0000] {taskinstance.py:2076} INFO - Dependencies all met for dep_context=requeueable deps ti=<TaskInstance: products_prices_dag.ETL_group.scrape_products scheduled__2025-07-03T00:00:00+00:00 [queued]>
[2025-07-04T04:05:00.938+0000] {taskinstance.py:2306} INFO - Starting attempt 4 of 6
[2025-07-04T04:05:00.958+0000] {taskinstance.py:2330} INFO - Executing <Task(PythonOperator): ETL_group.scrape_products> on 2025-07-03 00:00:00+00:00
[2025-07-04T04:05:00.964+0000] {standard_task_runner.py:63} INFO - Started process 1838 to run task
[2025-07-04T04:05:00.969+0000] {standard_task_runner.py:90} INFO - Running: ['***', 'tasks', 'run', 'products_prices_dag', 'ETL_group.scrape_products', 'scheduled__2025-07-03T00:00:00+00:00', '--job-id', '183', '--raw', '--subdir', 'DAGS_FOLDER/products_prices_dag.py', '--cfg-path', '/tmp/tmpnw9dqxg4']
[2025-07-04T04:05:00.973+0000] {standard_task_runner.py:91} INFO - Job 183: Subtask ETL_group.scrape_products
[2025-07-04T04:05:01.001+0000] {logging_mixin.py:188} WARNING - /home/***/.local/lib/python3.10/site-packages/***/settings.py:195 DeprecationWarning: The sql_alchemy_conn option in [core] has been moved to the sql_alchemy_conn option in [database] - the old setting has been used, but please update your config.
[2025-07-04T04:05:01.088+0000] {task_command.py:426} INFO - Running <TaskInstance: products_prices_dag.ETL_group.scrape_products scheduled__2025-07-03T00:00:00+00:00 [running]> on host e43ce2a1e7a4
[2025-07-04T04:05:01.275+0000] {taskinstance.py:2648} INFO - Exporting env vars: AIRFLOW_CTX_DAG_OWNER='karthik' AIRFLOW_CTX_DAG_ID='products_prices_dag' AIRFLOW_CTX_TASK_ID='ETL_group.scrape_products' AIRFLOW_CTX_EXECUTION_DATE='2025-07-03T00:00:00+00:00' AIRFLOW_CTX_TRY_NUMBER='4' AIRFLOW_CTX_DAG_RUN_ID='scheduled__2025-07-03T00:00:00+00:00'
[2025-07-04T04:05:01.277+0000] {taskinstance.py:430} INFO - ::endgroup::
[2025-07-04T04:05:02.336+0000] {get_products.py:19} INFO - 200
[2025-07-04T04:05:02.379+0000] {get_products.py:33} INFO - [Errno 13] Permission denied: '/opt/airflow/dags/scripts/fakestoreapi/raw_output.csv'
[2025-07-04T04:05:02.382+0000] {python.py:237} INFO - Done. Returned value was: None
[2025-07-04T04:05:02.383+0000] {taskinstance.py:441} INFO - ::group::Post task execution logs
[2025-07-04T04:05:02.399+0000] {taskinstance.py:1206} INFO - Marking task as SUCCESS. dag_id=products_prices_dag, task_id=ETL_group.scrape_products, run_id=scheduled__2025-07-03T00:00:00+00:00, execution_date=20250703T000000, start_date=20250704T040500, end_date=20250704T040502
[2025-07-04T04:05:02.470+0000] {local_task_job_runner.py:240} INFO - Task exited with return code 0
[2025-07-04T04:04:13.644+0000] {taskinstance.py:3503} INFO - 0 downstream tasks scheduled from follow-on schedule check
[2025-07-04T04:04:13.648+0000] {local_task_job_runner.py:222} INFO - ::endgroup::
