[2025-06-30T04:52:32.771+0000] {local_task_job_runner.py:120} INFO - ::group::Pre task execution logs
[2025-06-30T04:52:33.050+0000] {taskinstance.py:2076} INFO - Dependencies all met for dep_context=non-requeueable deps ti=<TaskInstance: mysql_dag.scrape_books manual__2025-06-30T04:52:30.873737+00:00 [queued]>
[2025-06-30T04:52:33.072+0000] {taskinstance.py:2076} INFO - Dependencies all met for dep_context=requeueable deps ti=<TaskInstance: mysql_dag.scrape_books manual__2025-06-30T04:52:30.873737+00:00 [queued]>
[2025-06-30T04:52:33.074+0000] {taskinstance.py:2306} INFO - Starting attempt 1 of 2
[2025-06-30T04:52:33.128+0000] {taskinstance.py:2330} INFO - Executing <Task(PythonOperator): scrape_books> on 2025-06-30 04:52:30.873737+00:00
[2025-06-30T04:52:33.139+0000] {standard_task_runner.py:63} INFO - Started process 230 to run task
[2025-06-30T04:52:33.144+0000] {standard_task_runner.py:90} INFO - Running: ['***', 'tasks', 'run', 'mysql_dag', 'scrape_books', 'manual__2025-06-30T04:52:30.873737+00:00', '--job-id', '38', '--raw', '--subdir', 'DAGS_FOLDER/mysql.py', '--cfg-path', '/tmp/tmpankl_reb']
[2025-06-30T04:52:33.148+0000] {standard_task_runner.py:91} INFO - Job 38: Subtask scrape_books
[2025-06-30T04:52:33.188+0000] {logging_mixin.py:188} WARNING - /home/***/.local/lib/python3.10/site-packages/***/settings.py:195 DeprecationWarning: The sql_alchemy_conn option in [core] has been moved to the sql_alchemy_conn option in [database] - the old setting has been used, but please update your config.
[2025-06-30T04:52:33.281+0000] {task_command.py:426} INFO - Running <TaskInstance: mysql_dag.scrape_books manual__2025-06-30T04:52:30.873737+00:00 [running]> on host 76cdd04f4df6
[2025-06-30T04:52:33.430+0000] {taskinstance.py:2648} INFO - Exporting env vars: AIRFLOW_CTX_DAG_OWNER='Karthik' AIRFLOW_CTX_DAG_ID='mysql_dag' AIRFLOW_CTX_TASK_ID='scrape_books' AIRFLOW_CTX_EXECUTION_DATE='2025-06-30T04:52:30.873737+00:00' AIRFLOW_CTX_TRY_NUMBER='1' AIRFLOW_CTX_DAG_RUN_ID='manual__2025-06-30T04:52:30.873737+00:00'
[2025-06-30T04:52:33.433+0000] {taskinstance.py:430} INFO - ::endgroup::
[2025-06-30T04:52:35.357+0000] {logging_mixin.py:188} INFO - CODE ::  200
[2025-06-30T04:52:35.443+0000] {logging_mixin.py:188} INFO - main error :  [Errno 2] No such file or directory: 'Cache/home_page.html'
[2025-06-30T04:52:35.447+0000] {python.py:237} INFO - Done. Returned value was: None
[2025-06-30T04:52:35.449+0000] {taskinstance.py:441} INFO - ::group::Post task execution logs
[2025-06-30T04:52:35.476+0000] {taskinstance.py:1206} INFO - Marking task as SUCCESS. dag_id=mysql_dag, task_id=scrape_books, run_id=manual__2025-06-30T04:52:30.873737+00:00, execution_date=20250630T045230, start_date=20250630T045233, end_date=20250630T045235
[2025-06-30T04:52:35.536+0000] {local_task_job_runner.py:240} INFO - Task exited with return code 0
[2025-06-30T04:52:35.564+0000] {logging_mixin.py:188} WARNING - /home/***/.local/lib/python3.10/site-packages/***/models/baseoperator.py:1297 AirflowProviderDeprecationWarning: Call to deprecated class MySqlOperator. (Please use `***.providers.common.sql.operators.sql.SQLExecuteQueryOperator`.Also, you can provide `hook_params={'schema': <database>}`.)
[2025-06-30T04:52:35.591+0000] {taskinstance.py:3503} INFO - 1 downstream tasks scheduled from follow-on schedule check
[2025-06-30T04:52:35.596+0000] {local_task_job_runner.py:222} INFO - ::endgroup::
