[2025-07-03T05:15:47.780+0000] {local_task_job_runner.py:120} INFO - ::group::Pre task execution logs
[2025-07-03T05:15:47.820+0000] {taskinstance.py:2076} INFO - Dependencies all met for dep_context=non-requeueable deps ti=<TaskInstance: products_prices_dag.create_table_t manual__2025-07-03T05:14:40.900721+00:00 [queued]>
[2025-07-03T05:15:47.830+0000] {taskinstance.py:2076} INFO - Dependencies all met for dep_context=requeueable deps ti=<TaskInstance: products_prices_dag.create_table_t manual__2025-07-03T05:14:40.900721+00:00 [queued]>
[2025-07-03T05:15:47.832+0000] {taskinstance.py:2306} INFO - Starting attempt 2 of 4
[2025-07-03T05:15:47.851+0000] {taskinstance.py:2330} INFO - Executing <Task(MySqlOperator): create_table_t> on 2025-07-03 05:14:40.900721+00:00
[2025-07-03T05:15:47.858+0000] {standard_task_runner.py:63} INFO - Started process 1910 to run task
[2025-07-03T05:15:47.863+0000] {standard_task_runner.py:90} INFO - Running: ['***', 'tasks', 'run', 'products_prices_dag', 'create_table_t', 'manual__2025-07-03T05:14:40.900721+00:00', '--job-id', '126', '--raw', '--subdir', 'DAGS_FOLDER/products_prices_dag.py', '--cfg-path', '/tmp/tmpf_tojbef']
[2025-07-03T05:15:47.867+0000] {standard_task_runner.py:91} INFO - Job 126: Subtask create_table_t
[2025-07-03T05:15:47.893+0000] {logging_mixin.py:188} WARNING - /home/***/.local/lib/python3.10/site-packages/***/settings.py:195 DeprecationWarning: The sql_alchemy_conn option in [core] has been moved to the sql_alchemy_conn option in [database] - the old setting has been used, but please update your config.
[2025-07-03T05:15:47.961+0000] {task_command.py:426} INFO - Running <TaskInstance: products_prices_dag.create_table_t manual__2025-07-03T05:14:40.900721+00:00 [running]> on host 2863529924cf
[2025-07-03T05:15:48.275+0000] {taskinstance.py:2648} INFO - Exporting env vars: AIRFLOW_CTX_DAG_OWNER='karthik' AIRFLOW_CTX_DAG_ID='products_prices_dag' AIRFLOW_CTX_TASK_ID='create_table_t' AIRFLOW_CTX_EXECUTION_DATE='2025-07-03T05:14:40.900721+00:00' AIRFLOW_CTX_TRY_NUMBER='2' AIRFLOW_CTX_DAG_RUN_ID='manual__2025-07-03T05:14:40.900721+00:00'
[2025-07-03T05:15:48.277+0000] {taskinstance.py:430} INFO - ::endgroup::
[2025-07-03T05:15:48.290+0000] {sql.py:276} INFO - Executing: 
            CREATE TABLE IF NOT EXISTS products_table (
                product_id INT NOT NULL,
                product_name VARCHAR(200) NOT NULL,
                price DECIMAL(10, 2) NOT NULL,
                category VARCHAR(50) NOT NULL,
                description TEXT NOT NULL,
                image_link VARCHAR(200) NOT NULL,
                rating DECIMAL(10, 2) NOT NULL,
                rating_count INT NOT NULL,
                date TIMESTAMP DEFAULT CURRENT_TIMESTAMP,
                PRIMARY KEY (product_id, date)
            );
        
[2025-07-03T05:15:48.302+0000] {base.py:84} INFO - Using connection ID 'mysql_conn' for task execution.
[2025-07-03T05:15:48.313+0000] {base.py:84} INFO - Using connection ID 'mysql_conn' for task execution.
[2025-07-03T05:15:48.342+0000] {sql.py:487} INFO - Running statement: 
            CREATE TABLE IF NOT EXISTS products_table (
                product_id INT NOT NULL,
                product_name VARCHAR(200) NOT NULL,
                price DECIMAL(10, 2) NOT NULL,
                category VARCHAR(50) NOT NULL,
                description TEXT NOT NULL,
                image_link VARCHAR(200) NOT NULL,
                rating DECIMAL(10, 2) NOT NULL,
                rating_count INT NOT NULL,
                date TIMESTAMP DEFAULT CURRENT_TIMESTAMP,
                PRIMARY KEY (product_id, date)
            );
        , parameters: None
[2025-07-03T05:15:48.351+0000] {sql.py:496} INFO - Rows affected: 0
[2025-07-03T05:15:48.357+0000] {taskinstance.py:441} INFO - ::group::Post task execution logs
[2025-07-03T05:15:48.369+0000] {taskinstance.py:1206} INFO - Marking task as SUCCESS. dag_id=products_prices_dag, task_id=create_table_t, run_id=manual__2025-07-03T05:14:40.900721+00:00, execution_date=20250703T051440, start_date=20250703T051547, end_date=20250703T051548
[2025-07-03T05:15:48.399+0000] {local_task_job_runner.py:240} INFO - Task exited with return code 0
[2025-07-03T05:15:48.422+0000] {taskinstance.py:3503} INFO - 0 downstream tasks scheduled from follow-on schedule check
[2025-07-03T05:15:48.426+0000] {local_task_job_runner.py:222} INFO - ::endgroup::
