[2025-07-03T05:35:00.332+0000] {local_task_job_runner.py:120} INFO - ::group::Pre task execution logs
[2025-07-03T05:35:00.367+0000] {taskinstance.py:2076} INFO - Dependencies all met for dep_context=non-requeueable deps ti=<TaskInstance: products_prices_dag.create_table_t manual__2025-07-03T05:14:40.900721+00:00 [queued]>
[2025-07-03T05:35:00.379+0000] {taskinstance.py:2076} INFO - Dependencies all met for dep_context=requeueable deps ti=<TaskInstance: products_prices_dag.create_table_t manual__2025-07-03T05:14:40.900721+00:00 [queued]>
[2025-07-03T05:35:00.380+0000] {taskinstance.py:2306} INFO - Starting attempt 7 of 9
[2025-07-03T05:35:00.410+0000] {taskinstance.py:2330} INFO - Executing <Task(MySqlOperator): create_table_t> on 2025-07-03 05:14:40.900721+00:00
[2025-07-03T05:35:00.416+0000] {standard_task_runner.py:63} INFO - Started process 2616 to run task
[2025-07-03T05:35:00.422+0000] {standard_task_runner.py:90} INFO - Running: ['***', 'tasks', 'run', 'products_prices_dag', 'create_table_t', 'manual__2025-07-03T05:14:40.900721+00:00', '--job-id', '137', '--raw', '--subdir', 'DAGS_FOLDER/products_prices_dag.py', '--cfg-path', '/tmp/tmp2zthc7z_']
[2025-07-03T05:35:00.428+0000] {standard_task_runner.py:91} INFO - Job 137: Subtask create_table_t
[2025-07-03T05:35:00.451+0000] {logging_mixin.py:188} WARNING - /home/***/.local/lib/python3.10/site-packages/***/settings.py:195 DeprecationWarning: The sql_alchemy_conn option in [core] has been moved to the sql_alchemy_conn option in [database] - the old setting has been used, but please update your config.
[2025-07-03T05:35:00.520+0000] {task_command.py:426} INFO - Running <TaskInstance: products_prices_dag.create_table_t manual__2025-07-03T05:14:40.900721+00:00 [running]> on host 2863529924cf
[2025-07-03T05:35:00.854+0000] {taskinstance.py:2648} INFO - Exporting env vars: AIRFLOW_CTX_DAG_OWNER='karthik' AIRFLOW_CTX_DAG_ID='products_prices_dag' AIRFLOW_CTX_TASK_ID='create_table_t' AIRFLOW_CTX_EXECUTION_DATE='2025-07-03T05:14:40.900721+00:00' AIRFLOW_CTX_TRY_NUMBER='7' AIRFLOW_CTX_DAG_RUN_ID='manual__2025-07-03T05:14:40.900721+00:00'
[2025-07-03T05:35:00.856+0000] {taskinstance.py:430} INFO - ::endgroup::
[2025-07-03T05:35:00.869+0000] {sql.py:276} INFO - Executing: 
            CREATE TABLE IF NOT EXISTS products_table (
                product_id INT NOT NULL,
                product_name VARCHAR(200) NOT NULL,
                price DECIMAL(10, 2) NOT NULL,
                category VARCHAR(50) NOT NULL,
                description TEXT NOT NULL,
                image_link VARCHAR(200) NOT NULL,
                rating DECIMAL(10, 2) NOT NULL,
                rating_count INT NOT NULL,
                date TIMESTAMP DEFAULT CURRENT_TIMESTAMP,
                PRIMARY KEY (product_id, date)
            );
        
[2025-07-03T05:35:00.881+0000] {base.py:84} INFO - Using connection ID 'mysql_conn' for task execution.
[2025-07-03T05:35:00.891+0000] {base.py:84} INFO - Using connection ID 'mysql_conn' for task execution.
[2025-07-03T05:35:00.921+0000] {sql.py:487} INFO - Running statement: 
            CREATE TABLE IF NOT EXISTS products_table (
                product_id INT NOT NULL,
                product_name VARCHAR(200) NOT NULL,
                price DECIMAL(10, 2) NOT NULL,
                category VARCHAR(50) NOT NULL,
                description TEXT NOT NULL,
                image_link VARCHAR(200) NOT NULL,
                rating DECIMAL(10, 2) NOT NULL,
                rating_count INT NOT NULL,
                date TIMESTAMP DEFAULT CURRENT_TIMESTAMP,
                PRIMARY KEY (product_id, date)
            );
        , parameters: None
[2025-07-03T05:35:00.936+0000] {sql.py:496} INFO - Rows affected: 0
[2025-07-03T05:35:00.940+0000] {taskinstance.py:441} INFO - ::group::Post task execution logs
[2025-07-03T05:35:00.952+0000] {taskinstance.py:1206} INFO - Marking task as SUCCESS. dag_id=products_prices_dag, task_id=create_table_t, run_id=manual__2025-07-03T05:14:40.900721+00:00, execution_date=20250703T051440, start_date=20250703T053500, end_date=20250703T053500
[2025-07-03T05:35:00.997+0000] {local_task_job_runner.py:240} INFO - Task exited with return code 0
[2025-07-03T05:35:01.013+0000] {logging_mixin.py:188} WARNING - /home/***/.local/lib/python3.10/site-packages/***/models/baseoperator.py:1297 AirflowProviderDeprecationWarning: Call to deprecated class MySqlOperator. (Please use `***.providers.common.sql.operators.sql.SQLExecuteQueryOperator`.Also, you can provide `hook_params={'schema': <database>}`.)
[2025-07-03T05:35:01.021+0000] {taskinstance.py:3503} INFO - 0 downstream tasks scheduled from follow-on schedule check
[2025-07-03T05:35:01.027+0000] {local_task_job_runner.py:222} INFO - ::endgroup::
