[2025-07-02T11:03:13.515+0000] {local_task_job_runner.py:120} INFO - ::group::Pre task execution logs
[2025-07-02T11:03:13.556+0000] {taskinstance.py:2076} INFO - Dependencies all met for dep_context=non-requeueable deps ti=<TaskInstance: mysql_dag.scrape_books scheduled__2025-07-01T00:00:00+00:00 [queued]>
[2025-07-02T11:03:13.570+0000] {taskinstance.py:2076} INFO - Dependencies all met for dep_context=requeueable deps ti=<TaskInstance: mysql_dag.scrape_books scheduled__2025-07-01T00:00:00+00:00 [queued]>
[2025-07-02T11:03:13.571+0000] {taskinstance.py:2306} INFO - Starting attempt 1 of 2
[2025-07-02T11:03:13.594+0000] {taskinstance.py:2330} INFO - Executing <Task(PythonOperator): scrape_books> on 2025-07-01 00:00:00+00:00
[2025-07-02T11:03:13.604+0000] {standard_task_runner.py:63} INFO - Started process 190 to run task
[2025-07-02T11:03:13.610+0000] {standard_task_runner.py:90} INFO - Running: ['***', 'tasks', 'run', 'mysql_dag', 'scrape_books', 'scheduled__2025-07-01T00:00:00+00:00', '--job-id', '90', '--raw', '--subdir', 'DAGS_FOLDER/mysql.py', '--cfg-path', '/tmp/tmpa0k_kgxn']
[2025-07-02T11:03:13.615+0000] {standard_task_runner.py:91} INFO - Job 90: Subtask scrape_books
[2025-07-02T11:03:13.652+0000] {logging_mixin.py:188} WARNING - /home/***/.local/lib/python3.10/site-packages/***/settings.py:195 DeprecationWarning: The sql_alchemy_conn option in [core] has been moved to the sql_alchemy_conn option in [database] - the old setting has been used, but please update your config.
[2025-07-02T11:03:13.791+0000] {task_command.py:426} INFO - Running <TaskInstance: mysql_dag.scrape_books scheduled__2025-07-01T00:00:00+00:00 [running]> on host 76fc2b11611c
[2025-07-02T11:03:13.960+0000] {taskinstance.py:2648} INFO - Exporting env vars: AIRFLOW_CTX_DAG_OWNER='Karthik' AIRFLOW_CTX_DAG_ID='mysql_dag' AIRFLOW_CTX_TASK_ID='scrape_books' AIRFLOW_CTX_EXECUTION_DATE='2025-07-01T00:00:00+00:00' AIRFLOW_CTX_TRY_NUMBER='1' AIRFLOW_CTX_DAG_RUN_ID='scheduled__2025-07-01T00:00:00+00:00'
[2025-07-02T11:03:13.962+0000] {taskinstance.py:430} INFO - ::endgroup::
[2025-07-02T11:03:15.849+0000] {logging_mixin.py:188} INFO - CODE ::  200
[2025-07-02T11:03:15.890+0000] {logging_mixin.py:188} INFO - category ::  Mystery
[2025-07-02T11:03:15.891+0000] {logging_mixin.py:188} INFO - cat_pg_link ::  https://books.toscrape.com/catalogue/category/books/mystery_3/index.html
[2025-07-02T11:03:16.263+0000] {logging_mixin.py:188} INFO - CODE ::  200
[2025-07-02T11:03:16.294+0000] {logging_mixin.py:188} INFO - blocks ::  20
[2025-07-02T11:03:16.665+0000] {logging_mixin.py:188} INFO - CODE ::  200
[2025-07-02T11:03:16.943+0000] {logging_mixin.py:188} INFO - CODE ::  200
[2025-07-02T11:03:17.229+0000] {logging_mixin.py:188} INFO - CODE ::  200
[2025-07-02T11:03:17.528+0000] {logging_mixin.py:188} INFO - CODE ::  200
[2025-07-02T11:03:17.819+0000] {logging_mixin.py:188} INFO - CODE ::  200
[2025-07-02T11:03:18.114+0000] {logging_mixin.py:188} INFO - CODE ::  200
[2025-07-02T11:03:18.399+0000] {logging_mixin.py:188} INFO - CODE ::  200
[2025-07-02T11:03:18.683+0000] {logging_mixin.py:188} INFO - CODE ::  200
[2025-07-02T11:03:18.965+0000] {logging_mixin.py:188} INFO - CODE ::  200
[2025-07-02T11:03:19.257+0000] {logging_mixin.py:188} INFO - CODE ::  200
[2025-07-02T11:03:19.548+0000] {logging_mixin.py:188} INFO - CODE ::  200
[2025-07-02T11:03:19.842+0000] {logging_mixin.py:188} INFO - CODE ::  200
[2025-07-02T11:03:20.152+0000] {logging_mixin.py:188} INFO - CODE ::  200
[2025-07-02T11:03:20.455+0000] {logging_mixin.py:188} INFO - CODE ::  200
[2025-07-02T11:03:20.764+0000] {logging_mixin.py:188} INFO - CODE ::  200
[2025-07-02T11:03:21.074+0000] {logging_mixin.py:188} INFO - CODE ::  200
[2025-07-02T11:03:21.344+0000] {logging_mixin.py:188} INFO - CODE ::  200
[2025-07-02T11:03:21.641+0000] {logging_mixin.py:188} INFO - CODE ::  200
[2025-07-02T11:03:21.932+0000] {logging_mixin.py:188} INFO - CODE ::  200
[2025-07-02T11:03:22.266+0000] {logging_mixin.py:188} INFO - CODE ::  200
[2025-07-02T11:03:22.292+0000] {logging_mixin.py:188} INFO - cat_pg_link ::  https://books.toscrape.com/catalogue/category/books/mystery_3/page-2.html
[2025-07-02T11:03:22.574+0000] {logging_mixin.py:188} INFO - CODE ::  200
[2025-07-02T11:03:22.595+0000] {logging_mixin.py:188} INFO - blocks ::  12
[2025-07-02T11:03:22.879+0000] {logging_mixin.py:188} INFO - CODE ::  200
[2025-07-02T11:03:23.194+0000] {logging_mixin.py:188} INFO - CODE ::  200
[2025-07-02T11:03:23.599+0000] {logging_mixin.py:188} INFO - CODE ::  200
[2025-07-02T11:03:23.906+0000] {logging_mixin.py:188} INFO - CODE ::  200
[2025-07-02T11:03:24.213+0000] {logging_mixin.py:188} INFO - CODE ::  200
[2025-07-02T11:03:24.507+0000] {logging_mixin.py:188} INFO - CODE ::  200
[2025-07-02T11:03:24.789+0000] {logging_mixin.py:188} INFO - CODE ::  200
[2025-07-02T11:03:25.084+0000] {logging_mixin.py:188} INFO - CODE ::  200
[2025-07-02T11:03:25.448+0000] {logging_mixin.py:188} INFO - CODE ::  200
[2025-07-02T11:03:25.748+0000] {logging_mixin.py:188} INFO - CODE ::  200
[2025-07-02T11:03:26.057+0000] {logging_mixin.py:188} INFO - CODE ::  200
[2025-07-02T11:03:26.350+0000] {logging_mixin.py:188} INFO - CODE ::  200
[2025-07-02T11:03:26.376+0000] {logging_mixin.py:188} INFO - category ::  Philosophy
[2025-07-02T11:03:26.377+0000] {logging_mixin.py:188} INFO - cat_pg_link ::  https://books.toscrape.com/catalogue/category/books/philosophy_7/index.html
[2025-07-02T11:03:26.655+0000] {logging_mixin.py:188} INFO - CODE ::  200
[2025-07-02T11:03:26.671+0000] {logging_mixin.py:188} INFO - blocks ::  11
[2025-07-02T11:03:26.942+0000] {logging_mixin.py:188} INFO - CODE ::  200
[2025-07-02T11:03:27.283+0000] {logging_mixin.py:188} INFO - CODE ::  200
[2025-07-02T11:03:27.591+0000] {logging_mixin.py:188} INFO - CODE ::  200
[2025-07-02T11:03:27.905+0000] {logging_mixin.py:188} INFO - CODE ::  200
[2025-07-02T11:03:28.200+0000] {logging_mixin.py:188} INFO - CODE ::  200
[2025-07-02T11:03:28.493+0000] {logging_mixin.py:188} INFO - CODE ::  200
[2025-07-02T11:03:28.779+0000] {logging_mixin.py:188} INFO - CODE ::  200
[2025-07-02T11:03:29.065+0000] {logging_mixin.py:188} INFO - CODE ::  200
[2025-07-02T11:03:29.439+0000] {logging_mixin.py:188} INFO - CODE ::  200
[2025-07-02T11:03:29.846+0000] {logging_mixin.py:188} INFO - CODE ::  200
[2025-07-02T11:03:30.130+0000] {logging_mixin.py:188} INFO - CODE ::  200
[2025-07-02T11:03:30.153+0000] {logging_mixin.py:188} INFO - category ::  Fantasy
[2025-07-02T11:03:30.154+0000] {logging_mixin.py:188} INFO - cat_pg_link ::  https://books.toscrape.com/catalogue/category/books/fantasy_19/index.html
[2025-07-02T11:03:30.434+0000] {logging_mixin.py:188} INFO - CODE ::  200
[2025-07-02T11:03:30.464+0000] {logging_mixin.py:188} INFO - blocks ::  20
[2025-07-02T11:03:30.767+0000] {logging_mixin.py:188} INFO - CODE ::  200
[2025-07-02T11:03:31.178+0000] {logging_mixin.py:188} INFO - CODE ::  200
[2025-07-02T11:03:31.536+0000] {logging_mixin.py:188} INFO - CODE ::  200
[2025-07-02T11:03:31.832+0000] {logging_mixin.py:188} INFO - CODE ::  200
[2025-07-02T11:03:32.129+0000] {logging_mixin.py:188} INFO - CODE ::  200
[2025-07-02T11:03:32.424+0000] {logging_mixin.py:188} INFO - CODE ::  200
[2025-07-02T11:03:32.722+0000] {logging_mixin.py:188} INFO - CODE ::  200
[2025-07-02T11:03:33.110+0000] {logging_mixin.py:188} INFO - CODE ::  200
[2025-07-02T11:03:33.407+0000] {logging_mixin.py:188} INFO - CODE ::  200
[2025-07-02T11:03:33.703+0000] {logging_mixin.py:188} INFO - CODE ::  200
[2025-07-02T11:03:33.996+0000] {logging_mixin.py:188} INFO - CODE ::  200
[2025-07-02T11:03:34.354+0000] {logging_mixin.py:188} INFO - CODE ::  200
[2025-07-02T11:03:34.732+0000] {logging_mixin.py:188} INFO - CODE ::  200
[2025-07-02T11:03:35.025+0000] {logging_mixin.py:188} INFO - CODE ::  200
[2025-07-02T11:03:35.371+0000] {logging_mixin.py:188} INFO - CODE ::  200
[2025-07-02T11:03:35.680+0000] {logging_mixin.py:188} INFO - CODE ::  200
[2025-07-02T11:03:36.098+0000] {logging_mixin.py:188} INFO - CODE ::  200
[2025-07-02T11:03:36.408+0000] {logging_mixin.py:188} INFO - CODE ::  200
[2025-07-02T11:03:36.806+0000] {logging_mixin.py:188} INFO - CODE ::  200
[2025-07-02T11:03:37.219+0000] {logging_mixin.py:188} INFO - CODE ::  200
[2025-07-02T11:03:37.243+0000] {logging_mixin.py:188} INFO - cat_pg_link ::  https://books.toscrape.com/catalogue/category/books/fantasy_19/page-2.html
[2025-07-02T11:02:48.181+0000] {logging_mixin.py:188} INFO - CODE ::  200
[2025-07-02T11:02:48.211+0000] {logging_mixin.py:188} INFO - blocks ::  20
[2025-07-02T11:03:37.909+0000] {logging_mixin.py:188} INFO - CODE ::  200
[2025-07-02T11:03:38.211+0000] {logging_mixin.py:188} INFO - CODE ::  200
[2025-07-02T11:03:38.497+0000] {logging_mixin.py:188} INFO - CODE ::  200
[2025-07-02T11:03:38.855+0000] {logging_mixin.py:188} INFO - CODE ::  200
[2025-07-02T11:03:39.261+0000] {logging_mixin.py:188} INFO - CODE ::  200
[2025-07-02T11:03:39.558+0000] {logging_mixin.py:188} INFO - CODE ::  200
[2025-07-02T11:03:40.080+0000] {logging_mixin.py:188} INFO - CODE ::  200
[2025-07-02T11:03:40.386+0000] {logging_mixin.py:188} INFO - CODE ::  200
[2025-07-02T11:03:40.693+0000] {logging_mixin.py:188} INFO - CODE ::  200
[2025-07-02T11:03:40.988+0000] {logging_mixin.py:188} INFO - CODE ::  200
[2025-07-02T11:03:41.283+0000] {logging_mixin.py:188} INFO - CODE ::  200
[2025-07-02T11:03:41.583+0000] {logging_mixin.py:188} INFO - CODE ::  200
[2025-07-02T11:03:41.879+0000] {logging_mixin.py:188} INFO - CODE ::  200
[2025-07-02T11:03:42.171+0000] {logging_mixin.py:188} INFO - CODE ::  200
[2025-07-02T11:03:42.452+0000] {logging_mixin.py:188} INFO - CODE ::  200
[2025-07-02T11:03:42.747+0000] {logging_mixin.py:188} INFO - CODE ::  200
[2025-07-02T11:03:43.068+0000] {logging_mixin.py:188} INFO - CODE ::  200
[2025-07-02T11:03:44.277+0000] {logging_mixin.py:188} INFO - CODE ::  200
[2025-07-02T11:03:44.629+0000] {logging_mixin.py:188} INFO - CODE ::  200
[2025-07-02T11:03:44.991+0000] {logging_mixin.py:188} INFO - CODE ::  200
[2025-07-02T11:03:45.003+0000] {logging_mixin.py:188} INFO - cat_pg_link ::  https://books.toscrape.com/catalogue/category/books/fantasy_19/page-3.html
[2025-07-02T11:03:45.324+0000] {logging_mixin.py:188} INFO - CODE ::  200
[2025-07-02T11:03:45.348+0000] {logging_mixin.py:188} INFO - blocks ::  8
[2025-07-02T11:03:45.699+0000] {logging_mixin.py:188} INFO - CODE ::  200
[2025-07-02T11:03:46.031+0000] {logging_mixin.py:188} INFO - CODE ::  200
[2025-07-02T11:03:46.368+0000] {logging_mixin.py:188} INFO - CODE ::  200
[2025-07-02T11:03:46.687+0000] {logging_mixin.py:188} INFO - CODE ::  200
[2025-07-02T11:03:47.423+0000] {logging_mixin.py:188} INFO - CODE ::  200
[2025-07-02T11:03:47.748+0000] {logging_mixin.py:188} INFO - CODE ::  200
[2025-07-02T11:03:48.079+0000] {logging_mixin.py:188} INFO - CODE ::  200
[2025-07-02T11:03:48.397+0000] {logging_mixin.py:188} INFO - CODE ::  200
[2025-07-02T11:03:48.411+0000] {logging_mixin.py:188} INFO - category ::  Poetry
[2025-07-02T11:03:48.412+0000] {logging_mixin.py:188} INFO - cat_pg_link ::  https://books.toscrape.com/catalogue/category/books/poetry_23/index.html
[2025-07-02T11:03:48.724+0000] {logging_mixin.py:188} INFO - CODE ::  200
[2025-07-02T11:03:48.749+0000] {logging_mixin.py:188} INFO - blocks ::  19
[2025-07-02T11:03:49.056+0000] {logging_mixin.py:188} INFO - CODE ::  200
[2025-07-02T11:03:49.758+0000] {logging_mixin.py:188} INFO - CODE ::  200
[2025-07-02T11:03:50.118+0000] {logging_mixin.py:188} INFO - CODE ::  200
[2025-07-02T11:03:50.456+0000] {logging_mixin.py:188} INFO - CODE ::  200
[2025-07-02T11:03:50.781+0000] {logging_mixin.py:188} INFO - CODE ::  200
[2025-07-02T11:03:51.510+0000] {logging_mixin.py:188} INFO - CODE ::  200
[2025-07-02T11:03:51.832+0000] {logging_mixin.py:188} INFO - CODE ::  200
[2025-07-02T11:03:52.166+0000] {logging_mixin.py:188} INFO - CODE ::  200
[2025-07-02T11:03:52.494+0000] {logging_mixin.py:188} INFO - CODE ::  200
[2025-07-02T11:03:52.822+0000] {logging_mixin.py:188} INFO - CODE ::  200
[2025-07-02T11:03:53.155+0000] {logging_mixin.py:188} INFO - CODE ::  200
[2025-07-02T11:03:53.477+0000] {logging_mixin.py:188} INFO - CODE ::  200
[2025-07-02T11:03:53.815+0000] {logging_mixin.py:188} INFO - CODE ::  200
[2025-07-02T11:03:54.213+0000] {logging_mixin.py:188} INFO - CODE ::  200
[2025-07-02T11:03:54.541+0000] {logging_mixin.py:188} INFO - CODE ::  200
[2025-07-02T11:03:54.866+0000] {logging_mixin.py:188} INFO - CODE ::  200
[2025-07-02T11:03:55.222+0000] {logging_mixin.py:188} INFO - CODE ::  200
[2025-07-02T11:03:55.645+0000] {logging_mixin.py:188} INFO - CODE ::  200
[2025-07-02T11:03:56.056+0000] {logging_mixin.py:188} INFO - CODE ::  200
[2025-07-02T11:03:56.078+0000] {logging_mixin.py:188} INFO - category ::  Psychology
[2025-07-02T11:03:56.079+0000] {logging_mixin.py:188} INFO - cat_pg_link ::  https://books.toscrape.com/catalogue/category/books/psychology_26/index.html
[2025-07-02T11:03:56.389+0000] {logging_mixin.py:188} INFO - CODE ::  200
[2025-07-02T11:03:56.422+0000] {logging_mixin.py:188} INFO - blocks ::  7
[2025-07-02T11:03:56.735+0000] {logging_mixin.py:188} INFO - CODE ::  200
[2025-07-02T11:03:57.187+0000] {logging_mixin.py:188} INFO - CODE ::  200
[2025-07-02T11:03:57.523+0000] {logging_mixin.py:188} INFO - CODE ::  200
[2025-07-02T11:03:57.884+0000] {logging_mixin.py:188} INFO - CODE ::  200
[2025-07-02T11:03:58.310+0000] {logging_mixin.py:188} INFO - CODE ::  200
[2025-07-02T11:03:58.643+0000] {logging_mixin.py:188} INFO - CODE ::  200
[2025-07-02T11:03:59.026+0000] {logging_mixin.py:188} INFO - CODE ::  200
[2025-07-02T11:03:59.042+0000] {logging_mixin.py:188} INFO - category ::  Autobiography
[2025-07-02T11:03:59.043+0000] {logging_mixin.py:188} INFO - cat_pg_link ::  https://books.toscrape.com/catalogue/category/books/autobiography_27/index.html
[2025-07-02T11:03:59.359+0000] {logging_mixin.py:188} INFO - CODE ::  200
[2025-07-02T11:03:59.388+0000] {logging_mixin.py:188} INFO - blocks ::  9
[2025-07-02T11:03:59.744+0000] {logging_mixin.py:188} INFO - CODE ::  200
[2025-07-02T11:04:00.076+0000] {logging_mixin.py:188} INFO - CODE ::  200
[2025-07-02T11:04:00.398+0000] {logging_mixin.py:188} INFO - CODE ::  200
[2025-07-02T11:04:00.769+0000] {logging_mixin.py:188} INFO - CODE ::  200
[2025-07-02T11:04:01.138+0000] {logging_mixin.py:188} INFO - CODE ::  200
[2025-07-02T11:04:01.461+0000] {logging_mixin.py:188} INFO - CODE ::  200
[2025-07-02T11:04:01.849+0000] {logging_mixin.py:188} INFO - CODE ::  200
[2025-07-02T11:04:02.185+0000] {logging_mixin.py:188} INFO - CODE ::  200
[2025-07-02T11:04:02.588+0000] {logging_mixin.py:188} INFO - CODE ::  200
[2025-07-02T11:04:02.612+0000] {logging_mixin.py:188} INFO - category ::  History
[2025-07-02T11:04:02.613+0000] {logging_mixin.py:188} INFO - cat_pg_link ::  https://books.toscrape.com/catalogue/category/books/history_32/index.html
[2025-07-02T11:04:02.933+0000] {logging_mixin.py:188} INFO - CODE ::  200
[2025-07-02T11:04:02.965+0000] {logging_mixin.py:188} INFO - blocks ::  18
[2025-07-02T11:04:03.279+0000] {logging_mixin.py:188} INFO - CODE ::  200
[2025-07-02T11:04:03.714+0000] {logging_mixin.py:188} INFO - CODE ::  200
[2025-07-02T11:04:04.040+0000] {logging_mixin.py:188} INFO - CODE ::  200
[2025-07-02T11:04:04.425+0000] {logging_mixin.py:188} INFO - CODE ::  200
[2025-07-02T11:04:04.788+0000] {logging_mixin.py:188} INFO - CODE ::  200
[2025-07-02T11:04:05.659+0000] {logging_mixin.py:188} INFO - CODE ::  200
[2025-07-02T11:04:05.991+0000] {logging_mixin.py:188} INFO - CODE ::  200
[2025-07-02T11:04:06.376+0000] {logging_mixin.py:188} INFO - CODE ::  200
[2025-07-02T11:04:06.708+0000] {logging_mixin.py:188} INFO - CODE ::  200
[2025-07-02T11:04:07.035+0000] {logging_mixin.py:188} INFO - CODE ::  200
[2025-07-02T11:04:07.915+0000] {logging_mixin.py:188} INFO - CODE ::  200
[2025-07-02T11:04:08.259+0000] {logging_mixin.py:188} INFO - CODE ::  200
[2025-07-02T11:04:08.579+0000] {logging_mixin.py:188} INFO - CODE ::  200
[2025-07-02T11:04:08.988+0000] {logging_mixin.py:188} INFO - CODE ::  200
[2025-07-02T11:04:09.331+0000] {logging_mixin.py:188} INFO - CODE ::  200
[2025-07-02T11:04:10.220+0000] {logging_mixin.py:188} INFO - CODE ::  200
[2025-07-02T11:04:10.619+0000] {logging_mixin.py:188} INFO - CODE ::  200
[2025-07-02T11:04:10.935+0000] {logging_mixin.py:188} INFO - CODE ::  200
[2025-07-02T11:04:10.948+0000] {logging_mixin.py:188} INFO - category ::  Biography
[2025-07-02T11:04:10.949+0000] {logging_mixin.py:188} INFO - cat_pg_link ::  https://books.toscrape.com/catalogue/category/books/biography_36/index.html
[2025-07-02T11:04:11.339+0000] {logging_mixin.py:188} INFO - CODE ::  200
[2025-07-02T11:04:11.359+0000] {logging_mixin.py:188} INFO - blocks ::  5
[2025-07-02T11:04:11.757+0000] {logging_mixin.py:188} INFO - CODE ::  200
[2025-07-02T11:04:12.096+0000] {logging_mixin.py:188} INFO - CODE ::  200
[2025-07-02T11:04:12.478+0000] {logging_mixin.py:188} INFO - CODE ::  200
[2025-07-02T11:04:12.817+0000] {logging_mixin.py:188} INFO - CODE ::  200
[2025-07-02T11:04:13.161+0000] {logging_mixin.py:188} INFO - CODE ::  200
[2025-07-02T11:04:13.181+0000] {logging_mixin.py:188} INFO - category ::  Contemporary
[2025-07-02T11:04:13.183+0000] {logging_mixin.py:188} INFO - cat_pg_link ::  https://books.toscrape.com/catalogue/category/books/contemporary_38/index.html
[2025-07-02T11:04:13.498+0000] {logging_mixin.py:188} INFO - CODE ::  200
[2025-07-02T11:04:13.520+0000] {logging_mixin.py:188} INFO - blocks ::  3
[2025-07-02T11:04:13.911+0000] {logging_mixin.py:188} INFO - CODE ::  200
[2025-07-02T11:04:14.313+0000] {logging_mixin.py:188} INFO - CODE ::  200
[2025-07-02T11:04:14.724+0000] {logging_mixin.py:188} INFO - CODE ::  200
[2025-07-02T11:04:14.743+0000] {logging_mixin.py:188} INFO - category ::  Spirituality
[2025-07-02T11:04:14.744+0000] {logging_mixin.py:188} INFO - cat_pg_link ::  https://books.toscrape.com/catalogue/category/books/spirituality_39/index.html
[2025-07-02T11:04:15.134+0000] {logging_mixin.py:188} INFO - CODE ::  200
[2025-07-02T11:04:15.150+0000] {logging_mixin.py:188} INFO - blocks ::  6
[2025-07-02T11:04:15.536+0000] {logging_mixin.py:188} INFO - CODE ::  200
[2025-07-02T11:04:15.951+0000] {logging_mixin.py:188} INFO - CODE ::  200
[2025-07-02T11:04:16.279+0000] {logging_mixin.py:188} INFO - CODE ::  200
[2025-07-02T11:04:16.668+0000] {logging_mixin.py:188} INFO - CODE ::  200
[2025-07-02T11:04:16.996+0000] {logging_mixin.py:188} INFO - CODE ::  200
[2025-07-02T11:04:17.321+0000] {logging_mixin.py:188} INFO - CODE ::  200
[2025-07-02T11:04:17.350+0000] {logging_mixin.py:188} INFO - title                  object
price                 float64
availability           object
availability_count      int64
star_rating           float64
description            object
upc                    object
product_type           object
number_of_reviews       int64
image_url              object
book_link              object
category_name          object
dtype: object
[2025-07-02T11:04:17.370+0000] {python.py:237} INFO - Done. Returned value was: None
[2025-07-02T11:04:17.371+0000] {taskinstance.py:441} INFO - ::group::Post task execution logs
[2025-07-02T11:04:17.382+0000] {taskinstance.py:1206} INFO - Marking task as SUCCESS. dag_id=mysql_dag, task_id=scrape_books, run_id=scheduled__2025-07-01T00:00:00+00:00, execution_date=20250701T000000, start_date=20250702T110313, end_date=20250702T110417
[2025-07-02T11:04:17.448+0000] {local_task_job_runner.py:240} INFO - Task exited with return code 0
[2025-07-02T11:04:17.476+0000] {taskinstance.py:3503} INFO - 0 downstream tasks scheduled from follow-on schedule check
[2025-07-02T11:04:17.508+0000] {local_task_job_runner.py:222} INFO - ::endgroup::
