[2025-07-04T05:33:15.338+0000] {local_task_job_runner.py:120} INFO - ::group::Pre task execution logs
[2025-07-04T05:33:15.373+0000] {taskinstance.py:2076} INFO - Dependencies all met for dep_context=non-requeueable deps ti=<TaskInstance: products_prices_dag.etl_group.fetch_products scheduled__2025-07-03T00:00:00+00:00 [queued]>
[2025-07-04T05:33:15.384+0000] {taskinstance.py:2076} INFO - Dependencies all met for dep_context=requeueable deps ti=<TaskInstance: products_prices_dag.etl_group.fetch_products scheduled__2025-07-03T00:00:00+00:00 [queued]>
[2025-07-04T05:33:15.385+0000] {taskinstance.py:2306} INFO - Starting attempt 1 of 3
[2025-07-04T05:33:15.413+0000] {taskinstance.py:2330} INFO - Executing <Task(PythonOperator): etl_group.fetch_products> on 2025-07-03 00:00:00+00:00
[2025-07-04T05:33:15.421+0000] {standard_task_runner.py:63} INFO - Started process 4708 to run task
[2025-07-04T05:33:15.426+0000] {standard_task_runner.py:90} INFO - Running: ['***', 'tasks', 'run', 'products_prices_dag', 'etl_group.fetch_products', 'scheduled__2025-07-03T00:00:00+00:00', '--job-id', '212', '--raw', '--subdir', 'DAGS_FOLDER/products_prices_dag.py', '--cfg-path', '/tmp/tmporhsqytv']
[2025-07-04T05:33:15.432+0000] {standard_task_runner.py:91} INFO - Job 212: Subtask etl_group.fetch_products
[2025-07-04T05:33:15.455+0000] {logging_mixin.py:188} WARNING - /home/***/.local/lib/python3.10/site-packages/***/settings.py:195 DeprecationWarning: The sql_alchemy_conn option in [core] has been moved to the sql_alchemy_conn option in [database] - the old setting has been used, but please update your config.
[2025-07-04T05:33:15.526+0000] {task_command.py:426} INFO - Running <TaskInstance: products_prices_dag.etl_group.fetch_products scheduled__2025-07-03T00:00:00+00:00 [running]> on host e43ce2a1e7a4
[2025-07-04T05:33:15.629+0000] {taskinstance.py:2648} INFO - Exporting env vars: AIRFLOW_CTX_DAG_OWNER='karthik' AIRFLOW_CTX_DAG_ID='products_prices_dag' AIRFLOW_CTX_TASK_ID='etl_group.fetch_products' AIRFLOW_CTX_EXECUTION_DATE='2025-07-03T00:00:00+00:00' AIRFLOW_CTX_TRY_NUMBER='1' AIRFLOW_CTX_DAG_RUN_ID='scheduled__2025-07-03T00:00:00+00:00'
[2025-07-04T05:33:15.631+0000] {taskinstance.py:430} INFO - ::endgroup::
[2025-07-04T05:33:16.593+0000] {get_products.py:19} INFO - 200
[2025-07-04T05:33:16.661+0000] {get_products.py:30} INFO - /opt/***
[2025-07-04T05:33:16.666+0000] {python.py:237} INFO - Done. Returned value was: None
[2025-07-04T05:33:16.669+0000] {taskinstance.py:441} INFO - ::group::Post task execution logs
[2025-07-04T05:33:16.688+0000] {taskinstance.py:1206} INFO - Marking task as SUCCESS. dag_id=products_prices_dag, task_id=etl_group.fetch_products, run_id=scheduled__2025-07-03T00:00:00+00:00, execution_date=20250703T000000, start_date=20250704T053315, end_date=20250704T053316
[2025-07-04T05:33:16.702+0000] {taskinstance.py:1182} ERROR - Error when executing success_slack_msg callback
Traceback (most recent call last):
  File "/home/airflow/.local/lib/python3.10/site-packages/airflow/models/taskinstance.py", line 1179, in _run_finished_callback
    callback(context)
  File "/opt/airflow/dags/products_prices_dag.py", line 35, in success_slack_msg
    webhook_token=Variable.get("slack_webhook"),
  File "/home/airflow/.local/lib/python3.10/site-packages/airflow/models/variable.py", line 143, in get
    raise KeyError(f"Variable {key} does not exist")
KeyError: 'Variable slack_webhook does not exist'
[2025-07-04T05:33:16.812+0000] {local_task_job_runner.py:240} INFO - Task exited with return code 0
[2025-07-04T05:33:16.838+0000] {logging_mixin.py:188} WARNING - /home/***/.local/lib/python3.10/site-packages/***/models/baseoperator.py:1297 AirflowProviderDeprecationWarning: Call to deprecated class MySqlOperator. (Please use `***.providers.common.sql.operators.sql.SQLExecuteQueryOperator`.Also, you can provide `hook_params={'schema': <database>}`.)
[2025-07-04T05:33:16.868+0000] {taskinstance.py:3503} INFO - 1 downstream tasks scheduled from follow-on schedule check
[2025-07-04T05:33:16.875+0000] {local_task_job_runner.py:222} INFO - ::endgroup::
