[2025-06-30T03:40:40.916+0000] {local_task_job_runner.py:120} INFO - ::group::Pre task execution logs
[2025-06-30T03:40:40.966+0000] {taskinstance.py:2076} INFO - Dependencies all met for dep_context=non-requeueable deps ti=<TaskInstance: mysql_dag.create_table scheduled__2025-06-29T00:00:00+00:00 [queued]>
[2025-06-30T03:40:40.980+0000] {taskinstance.py:2076} INFO - Dependencies all met for dep_context=requeueable deps ti=<TaskInstance: mysql_dag.create_table scheduled__2025-06-29T00:00:00+00:00 [queued]>
[2025-06-30T03:40:40.981+0000] {taskinstance.py:2306} INFO - Starting attempt 1 of 2
[2025-06-30T03:40:41.027+0000] {taskinstance.py:2330} INFO - Executing <Task(MySqlOperator): create_table> on 2025-06-29 00:00:00+00:00
[2025-06-30T03:40:41.033+0000] {standard_task_runner.py:63} INFO - Started process 224 to run task
[2025-06-30T03:40:41.038+0000] {standard_task_runner.py:90} INFO - Running: ['***', 'tasks', 'run', 'mysql_dag', 'create_table', 'scheduled__2025-06-29T00:00:00+00:00', '--job-id', '3', '--raw', '--subdir', 'DAGS_FOLDER/mysql.py', '--cfg-path', '/tmp/tmp28243c_z']
[2025-06-30T03:40:41.041+0000] {standard_task_runner.py:91} INFO - Job 3: Subtask create_table
[2025-06-30T03:40:41.065+0000] {logging_mixin.py:188} WARNING - /home/***/.local/lib/python3.10/site-packages/***/settings.py:195 DeprecationWarning: The sql_alchemy_conn option in [core] has been moved to the sql_alchemy_conn option in [database] - the old setting has been used, but please update your config.
[2025-06-30T03:40:41.154+0000] {task_command.py:426} INFO - Running <TaskInstance: mysql_dag.create_table scheduled__2025-06-29T00:00:00+00:00 [running]> on host 8a42fea10265
[2025-06-30T03:40:41.424+0000] {taskinstance.py:2648} INFO - Exporting env vars: AIRFLOW_CTX_DAG_OWNER='Karthik' AIRFLOW_CTX_DAG_ID='mysql_dag' AIRFLOW_CTX_TASK_ID='create_table' AIRFLOW_CTX_EXECUTION_DATE='2025-06-29T00:00:00+00:00' AIRFLOW_CTX_TRY_NUMBER='1' AIRFLOW_CTX_DAG_RUN_ID='scheduled__2025-06-29T00:00:00+00:00'
[2025-06-30T03:40:41.426+0000] {taskinstance.py:430} INFO - ::endgroup::
[2025-06-30T03:40:41.483+0000] {sql.py:276} INFO - Executing: 
        CREATE TABLE IF NOT EXISTS test_table (
            id INT AUTO_INCREMENT PRIMARY KEY,
            name VARCHAR(255) NOT NULL
        )
        
[2025-06-30T03:40:41.506+0000] {base.py:84} INFO - Using connection ID 'mysql_conn' for task execution.
[2025-06-30T03:40:41.530+0000] {base.py:84} INFO - Using connection ID 'mysql_conn' for task execution.
[2025-06-30T03:40:41.582+0000] {sql.py:487} INFO - Running statement: 
        CREATE TABLE IF NOT EXISTS test_table (
            id INT AUTO_INCREMENT PRIMARY KEY,
            name VARCHAR(255) NOT NULL
        )
        , parameters: None
[2025-06-30T03:40:41.622+0000] {sql.py:496} INFO - Rows affected: 0
[2025-06-30T03:40:41.625+0000] {taskinstance.py:441} INFO - ::group::Post task execution logs
[2025-06-30T03:40:41.637+0000] {taskinstance.py:1206} INFO - Marking task as SUCCESS. dag_id=mysql_dag, task_id=create_table, run_id=scheduled__2025-06-29T00:00:00+00:00, execution_date=20250629T000000, start_date=20250630T034040, end_date=20250630T034041
[2025-06-30T03:40:41.694+0000] {local_task_job_runner.py:240} INFO - Task exited with return code 0
[2025-06-30T03:40:41.721+0000] {logging_mixin.py:188} WARNING - /home/***/.local/lib/python3.10/site-packages/***/models/baseoperator.py:1297 AirflowProviderDeprecationWarning: Call to deprecated class MySqlOperator. (Please use `***.providers.common.sql.operators.sql.SQLExecuteQueryOperator`.Also, you can provide `hook_params={'schema': <database>}`.)
[2025-06-30T03:40:41.745+0000] {taskinstance.py:3503} INFO - 1 downstream tasks scheduled from follow-on schedule check
[2025-06-30T03:40:41.752+0000] {local_task_job_runner.py:222} INFO - ::endgroup::
