[2025-06-30T04:56:05.954+0000] {local_task_job_runner.py:120} INFO - ::group::Pre task execution logs
[2025-06-30T04:56:06.168+0000] {taskinstance.py:2076} INFO - Dependencies all met for dep_context=non-requeueable deps ti=<TaskInstance: mysql_dag.scrape_books manual__2025-06-30T04:56:04.614067+00:00 [queued]>
[2025-06-30T04:56:06.183+0000] {taskinstance.py:2076} INFO - Dependencies all met for dep_context=requeueable deps ti=<TaskInstance: mysql_dag.scrape_books manual__2025-06-30T04:56:04.614067+00:00 [queued]>
[2025-06-30T04:56:06.185+0000] {taskinstance.py:2306} INFO - Starting attempt 1 of 2
[2025-06-30T04:56:06.209+0000] {taskinstance.py:2330} INFO - Executing <Task(PythonOperator): scrape_books> on 2025-06-30 04:56:04.614067+00:00
[2025-06-30T04:56:06.219+0000] {standard_task_runner.py:63} INFO - Started process 284 to run task
[2025-06-30T04:56:06.227+0000] {standard_task_runner.py:90} INFO - Running: ['***', 'tasks', 'run', 'mysql_dag', 'scrape_books', 'manual__2025-06-30T04:56:04.614067+00:00', '--job-id', '42', '--raw', '--subdir', 'DAGS_FOLDER/mysql.py', '--cfg-path', '/tmp/tmpt32j0sqm']
[2025-06-30T04:56:06.233+0000] {standard_task_runner.py:91} INFO - Job 42: Subtask scrape_books
[2025-06-30T04:56:06.262+0000] {logging_mixin.py:188} WARNING - /home/***/.local/lib/python3.10/site-packages/***/settings.py:195 DeprecationWarning: The sql_alchemy_conn option in [core] has been moved to the sql_alchemy_conn option in [database] - the old setting has been used, but please update your config.
[2025-06-30T04:56:06.348+0000] {task_command.py:426} INFO - Running <TaskInstance: mysql_dag.scrape_books manual__2025-06-30T04:56:04.614067+00:00 [running]> on host 76cdd04f4df6
[2025-06-30T04:56:06.539+0000] {taskinstance.py:2648} INFO - Exporting env vars: AIRFLOW_CTX_DAG_OWNER='Karthik' AIRFLOW_CTX_DAG_ID='mysql_dag' AIRFLOW_CTX_TASK_ID='scrape_books' AIRFLOW_CTX_EXECUTION_DATE='2025-06-30T04:56:04.614067+00:00' AIRFLOW_CTX_TRY_NUMBER='1' AIRFLOW_CTX_DAG_RUN_ID='manual__2025-06-30T04:56:04.614067+00:00'
[2025-06-30T04:56:06.540+0000] {taskinstance.py:430} INFO - ::endgroup::
[2025-06-30T04:56:07.998+0000] {logging_mixin.py:188} INFO - CODE ::  200
[2025-06-30T04:56:08.026+0000] {logging_mixin.py:188} INFO - category ::  Mystery
[2025-06-30T04:56:08.027+0000] {logging_mixin.py:188} INFO - cat_pg_link ::  https://books.toscrape.com/catalogue/category/books/mystery_3/index.html
[2025-06-30T04:56:08.279+0000] {logging_mixin.py:188} INFO - CODE ::  200
[2025-06-30T04:56:08.307+0000] {logging_mixin.py:188} INFO - blocks ::  20
[2025-06-30T04:56:08.632+0000] {logging_mixin.py:188} INFO - CODE ::  200
[2025-06-30T04:56:08.900+0000] {logging_mixin.py:188} INFO - CODE ::  200
[2025-06-30T04:56:09.163+0000] {logging_mixin.py:188} INFO - CODE ::  200
[2025-06-30T04:56:09.431+0000] {logging_mixin.py:188} INFO - CODE ::  200
[2025-06-30T04:56:09.698+0000] {logging_mixin.py:188} INFO - CODE ::  200
[2025-06-30T04:56:10.028+0000] {logging_mixin.py:188} INFO - CODE ::  200
[2025-06-30T04:56:10.320+0000] {logging_mixin.py:188} INFO - CODE ::  200
[2025-06-30T04:56:10.581+0000] {logging_mixin.py:188} INFO - CODE ::  200
[2025-06-30T04:56:10.850+0000] {logging_mixin.py:188} INFO - CODE ::  200
[2025-06-30T04:56:11.168+0000] {logging_mixin.py:188} INFO - CODE ::  200
[2025-06-30T04:56:11.544+0000] {logging_mixin.py:188} INFO - CODE ::  200
[2025-06-30T04:56:11.873+0000] {logging_mixin.py:188} INFO - CODE ::  200
[2025-06-30T04:56:12.201+0000] {logging_mixin.py:188} INFO - CODE ::  200
[2025-06-30T04:56:12.471+0000] {logging_mixin.py:188} INFO - CODE ::  200
[2025-06-30T04:56:12.762+0000] {logging_mixin.py:188} INFO - CODE ::  200
[2025-06-30T04:56:13.035+0000] {logging_mixin.py:188} INFO - CODE ::  200
[2025-06-30T04:56:13.303+0000] {logging_mixin.py:188} INFO - CODE ::  200
[2025-06-30T04:56:13.580+0000] {logging_mixin.py:188} INFO - CODE ::  200
[2025-06-30T04:56:13.889+0000] {logging_mixin.py:188} INFO - CODE ::  200
[2025-06-30T04:56:14.264+0000] {logging_mixin.py:188} INFO - CODE ::  200
[2025-06-30T04:56:14.284+0000] {logging_mixin.py:188} INFO - cat_pg_link ::  https://books.toscrape.com/catalogue/category/books/mystery_3/page-2.html
[2025-06-30T04:55:27.825+0000] {logging_mixin.py:188} INFO - CODE ::  200
[2025-06-30T04:55:27.855+0000] {logging_mixin.py:188} INFO - blocks ::  12
[2025-06-30T04:56:15.848+0000] {logging_mixin.py:188} INFO - CODE ::  200
[2025-06-30T04:56:16.237+0000] {logging_mixin.py:188} INFO - CODE ::  200
[2025-06-30T04:56:16.644+0000] {logging_mixin.py:188} INFO - CODE ::  200
[2025-06-30T04:56:16.952+0000] {logging_mixin.py:188} INFO - CODE ::  200
[2025-06-30T04:56:17.246+0000] {logging_mixin.py:188} INFO - CODE ::  200
[2025-06-30T04:56:17.567+0000] {logging_mixin.py:188} INFO - CODE ::  200
[2025-06-30T04:56:17.871+0000] {logging_mixin.py:188} INFO - CODE ::  200
[2025-06-30T04:56:18.180+0000] {logging_mixin.py:188} INFO - CODE ::  200
[2025-06-30T04:56:18.490+0000] {logging_mixin.py:188} INFO - CODE ::  200
[2025-06-30T04:56:18.898+0000] {logging_mixin.py:188} INFO - CODE ::  200
[2025-06-30T04:56:19.305+0000] {logging_mixin.py:188} INFO - CODE ::  200
[2025-06-30T04:56:19.617+0000] {logging_mixin.py:188} INFO - CODE ::  200
[2025-06-30T04:56:19.640+0000] {logging_mixin.py:188} INFO - category ::  Philosophy
[2025-06-30T04:56:19.641+0000] {logging_mixin.py:188} INFO - cat_pg_link ::  https://books.toscrape.com/catalogue/category/books/philosophy_7/index.html
[2025-06-30T04:56:19.917+0000] {logging_mixin.py:188} INFO - CODE ::  200
[2025-06-30T04:56:19.948+0000] {logging_mixin.py:188} INFO - blocks ::  11
[2025-06-30T04:56:20.219+0000] {logging_mixin.py:188} INFO - CODE ::  200
[2025-06-30T04:56:20.536+0000] {logging_mixin.py:188} INFO - CODE ::  200
[2025-06-30T04:56:20.947+0000] {logging_mixin.py:188} INFO - CODE ::  200
[2025-06-30T04:56:21.235+0000] {logging_mixin.py:188} INFO - CODE ::  200
[2025-06-30T04:56:21.560+0000] {logging_mixin.py:188} INFO - CODE ::  200
[2025-06-30T04:56:21.867+0000] {logging_mixin.py:188} INFO - CODE ::  200
[2025-06-30T04:56:22.197+0000] {logging_mixin.py:188} INFO - CODE ::  200
[2025-06-30T04:56:22.487+0000] {logging_mixin.py:188} INFO - CODE ::  200
[2025-06-30T04:56:22.781+0000] {logging_mixin.py:188} INFO - CODE ::  200
[2025-06-30T04:56:23.096+0000] {logging_mixin.py:188} INFO - CODE ::  200
[2025-06-30T04:56:23.503+0000] {logging_mixin.py:188} INFO - CODE ::  200
[2025-06-30T04:56:23.517+0000] {logging_mixin.py:188} INFO - category ::  Fantasy
[2025-06-30T04:56:23.519+0000] {logging_mixin.py:188} INFO - cat_pg_link ::  https://books.toscrape.com/catalogue/category/books/fantasy_19/index.html
[2025-06-30T04:56:23.810+0000] {logging_mixin.py:188} INFO - CODE ::  200
[2025-06-30T04:56:23.872+0000] {logging_mixin.py:188} INFO - blocks ::  20
[2025-06-30T04:56:24.148+0000] {logging_mixin.py:188} INFO - CODE ::  200
[2025-06-30T04:56:24.438+0000] {logging_mixin.py:188} INFO - CODE ::  200
[2025-06-30T04:56:24.735+0000] {logging_mixin.py:188} INFO - CODE ::  200
[2025-06-30T04:56:25.036+0000] {logging_mixin.py:188} INFO - CODE ::  200
[2025-06-30T04:56:25.328+0000] {logging_mixin.py:188} INFO - CODE ::  200
[2025-06-30T04:56:25.656+0000] {logging_mixin.py:188} INFO - CODE ::  200
[2025-06-30T04:56:26.066+0000] {logging_mixin.py:188} INFO - CODE ::  200
[2025-06-30T04:56:26.373+0000] {logging_mixin.py:188} INFO - CODE ::  200
[2025-06-30T04:56:26.668+0000] {logging_mixin.py:188} INFO - CODE ::  200
[2025-06-30T04:56:26.986+0000] {logging_mixin.py:188} INFO - CODE ::  200
[2025-06-30T04:56:27.281+0000] {logging_mixin.py:188} INFO - CODE ::  200
[2025-06-30T04:56:27.570+0000] {logging_mixin.py:188} INFO - CODE ::  200
[2025-06-30T04:56:27.905+0000] {logging_mixin.py:188} INFO - CODE ::  200
[2025-06-30T04:56:28.229+0000] {logging_mixin.py:188} INFO - CODE ::  200
[2025-06-30T04:56:28.624+0000] {logging_mixin.py:188} INFO - CODE ::  200
[2025-06-30T04:56:28.935+0000] {logging_mixin.py:188} INFO - CODE ::  200
[2025-06-30T04:56:29.239+0000] {logging_mixin.py:188} INFO - CODE ::  200
[2025-06-30T04:56:29.648+0000] {logging_mixin.py:188} INFO - CODE ::  200
[2025-06-30T04:56:29.956+0000] {logging_mixin.py:188} INFO - CODE ::  200
[2025-06-30T04:56:30.265+0000] {logging_mixin.py:188} INFO - CODE ::  200
[2025-06-30T04:56:30.296+0000] {logging_mixin.py:188} INFO - cat_pg_link ::  https://books.toscrape.com/catalogue/category/books/fantasy_19/page-2.html
[2025-06-30T04:56:30.568+0000] {logging_mixin.py:188} INFO - CODE ::  200
[2025-06-30T04:56:30.598+0000] {logging_mixin.py:188} INFO - blocks ::  20
[2025-06-30T04:56:30.979+0000] {logging_mixin.py:188} INFO - CODE ::  200
[2025-06-30T04:56:31.261+0000] {logging_mixin.py:188} INFO - CODE ::  200
[2025-06-30T04:56:31.542+0000] {logging_mixin.py:188} INFO - CODE ::  200
[2025-06-30T04:56:31.901+0000] {logging_mixin.py:188} INFO - CODE ::  200
[2025-06-30T04:56:32.208+0000] {logging_mixin.py:188} INFO - CODE ::  200
[2025-06-30T04:56:32.512+0000] {logging_mixin.py:188} INFO - CODE ::  200
[2025-06-30T04:56:32.819+0000] {logging_mixin.py:188} INFO - CODE ::  200
[2025-06-30T04:56:33.101+0000] {logging_mixin.py:188} INFO - CODE ::  200
[2025-06-30T04:56:33.442+0000] {logging_mixin.py:188} INFO - CODE ::  200
[2025-06-30T04:56:33.849+0000] {logging_mixin.py:188} INFO - CODE ::  200
[2025-06-30T04:56:34.257+0000] {logging_mixin.py:188} INFO - CODE ::  200
[2025-06-30T04:56:34.670+0000] {logging_mixin.py:188} INFO - CODE ::  200
[2025-06-30T04:56:35.079+0000] {logging_mixin.py:188} INFO - CODE ::  200
[2025-06-30T04:56:35.485+0000] {logging_mixin.py:188} INFO - CODE ::  200
[2025-06-30T04:56:35.794+0000] {logging_mixin.py:188} INFO - CODE ::  200
[2025-06-30T04:56:36.206+0000] {logging_mixin.py:188} INFO - CODE ::  200
[2025-06-30T04:56:36.613+0000] {logging_mixin.py:188} INFO - CODE ::  200
[2025-06-30T04:56:36.917+0000] {logging_mixin.py:188} INFO - CODE ::  200
[2025-06-30T04:56:37.226+0000] {logging_mixin.py:188} INFO - CODE ::  200
[2025-06-30T04:56:37.515+0000] {logging_mixin.py:188} INFO - CODE ::  200
[2025-06-30T04:56:37.536+0000] {logging_mixin.py:188} INFO - cat_pg_link ::  https://books.toscrape.com/catalogue/category/books/fantasy_19/page-3.html
[2025-06-30T04:56:37.845+0000] {logging_mixin.py:188} INFO - CODE ::  200
[2025-06-30T04:56:37.871+0000] {logging_mixin.py:188} INFO - blocks ::  8
[2025-06-30T04:56:38.239+0000] {logging_mixin.py:188} INFO - CODE ::  200
[2025-06-30T04:56:38.523+0000] {logging_mixin.py:188} INFO - CODE ::  200
[2025-06-30T04:56:38.790+0000] {logging_mixin.py:188} INFO - CODE ::  200
[2025-06-30T04:56:39.293+0000] {logging_mixin.py:188} INFO - CODE ::  200
[2025-06-30T04:56:39.559+0000] {logging_mixin.py:188} INFO - CODE ::  200
[2025-06-30T04:56:39.827+0000] {logging_mixin.py:188} INFO - CODE ::  200
[2025-06-30T04:56:40.097+0000] {logging_mixin.py:188} INFO - CODE ::  200
[2025-06-30T04:56:40.401+0000] {logging_mixin.py:188} INFO - CODE ::  200
[2025-06-30T04:56:40.424+0000] {logging_mixin.py:188} INFO - category ::  Poetry
[2025-06-30T04:56:40.425+0000] {logging_mixin.py:188} INFO - cat_pg_link ::  https://books.toscrape.com/catalogue/category/books/poetry_23/index.html
[2025-06-30T04:56:40.679+0000] {logging_mixin.py:188} INFO - CODE ::  200
[2025-06-30T04:56:40.713+0000] {logging_mixin.py:188} INFO - blocks ::  19
[2025-06-30T04:56:40.959+0000] {logging_mixin.py:188} INFO - CODE ::  200
[2025-06-30T04:56:41.219+0000] {logging_mixin.py:188} INFO - CODE ::  200
[2025-06-30T04:56:41.526+0000] {logging_mixin.py:188} INFO - CODE ::  200
[2025-06-30T04:56:41.812+0000] {logging_mixin.py:188} INFO - CODE ::  200
[2025-06-30T04:56:42.091+0000] {logging_mixin.py:188} INFO - CODE ::  200
[2025-06-30T04:56:42.378+0000] {logging_mixin.py:188} INFO - CODE ::  200
[2025-06-30T04:56:42.723+0000] {logging_mixin.py:188} INFO - CODE ::  200
[2025-06-30T04:56:43.029+0000] {logging_mixin.py:188} INFO - CODE ::  200
[2025-06-30T04:56:43.405+0000] {logging_mixin.py:188} INFO - CODE ::  200
[2025-06-30T04:56:43.782+0000] {logging_mixin.py:188} INFO - CODE ::  200
[2025-06-30T04:56:44.063+0000] {logging_mixin.py:188} INFO - CODE ::  200
[2025-06-30T04:56:44.437+0000] {logging_mixin.py:188} INFO - CODE ::  200
[2025-06-30T04:56:44.719+0000] {logging_mixin.py:188} INFO - CODE ::  200
[2025-06-30T04:56:44.999+0000] {logging_mixin.py:188} INFO - CODE ::  200
[2025-06-30T04:56:45.377+0000] {logging_mixin.py:188} INFO - CODE ::  200
[2025-06-30T04:56:46.468+0000] {logging_mixin.py:188} INFO - CODE ::  200
[2025-06-30T04:56:46.798+0000] {logging_mixin.py:188} INFO - CODE ::  200
[2025-06-30T04:56:47.210+0000] {logging_mixin.py:188} INFO - CODE ::  200
[2025-06-30T04:56:47.617+0000] {logging_mixin.py:188} INFO - CODE ::  200
[2025-06-30T04:56:47.640+0000] {logging_mixin.py:188} INFO - category ::  Psychology
[2025-06-30T04:56:47.641+0000] {logging_mixin.py:188} INFO - cat_pg_link ::  https://books.toscrape.com/catalogue/category/books/psychology_26/index.html
[2025-06-30T04:56:48.034+0000] {logging_mixin.py:188} INFO - CODE ::  200
[2025-06-30T04:56:48.061+0000] {logging_mixin.py:188} INFO - blocks ::  7
[2025-06-30T04:56:48.438+0000] {logging_mixin.py:188} INFO - CODE ::  200
[2025-06-30T04:56:48.849+0000] {logging_mixin.py:188} INFO - CODE ::  200
[2025-06-30T04:56:49.155+0000] {logging_mixin.py:188} INFO - CODE ::  200
[2025-06-30T04:56:49.440+0000] {logging_mixin.py:188} INFO - CODE ::  200
[2025-06-30T04:56:49.766+0000] {logging_mixin.py:188} INFO - CODE ::  200
[2025-06-30T04:56:50.076+0000] {logging_mixin.py:188} INFO - CODE ::  200
[2025-06-30T04:56:50.384+0000] {logging_mixin.py:188} INFO - CODE ::  200
[2025-06-30T04:56:50.406+0000] {logging_mixin.py:188} INFO - category ::  Autobiography
[2025-06-30T04:56:50.407+0000] {logging_mixin.py:188} INFO - cat_pg_link ::  https://books.toscrape.com/catalogue/category/books/autobiography_27/index.html
[2025-06-30T04:56:50.798+0000] {logging_mixin.py:188} INFO - CODE ::  200
[2025-06-30T04:56:50.827+0000] {logging_mixin.py:188} INFO - blocks ::  9
[2025-06-30T04:56:51.206+0000] {logging_mixin.py:188} INFO - CODE ::  200
[2025-06-30T04:56:51.614+0000] {logging_mixin.py:188} INFO - CODE ::  200
[2025-06-30T04:56:51.921+0000] {logging_mixin.py:188} INFO - CODE ::  200
[2025-06-30T04:56:52.224+0000] {logging_mixin.py:188} INFO - CODE ::  200
[2025-06-30T04:56:52.533+0000] {logging_mixin.py:188} INFO - CODE ::  200
[2025-06-30T04:56:52.842+0000] {logging_mixin.py:188} INFO - CODE ::  200
[2025-06-30T04:56:53.150+0000] {logging_mixin.py:188} INFO - CODE ::  200
[2025-06-30T04:56:53.562+0000] {logging_mixin.py:188} INFO - CODE ::  200
[2025-06-30T04:56:53.865+0000] {logging_mixin.py:188} INFO - CODE ::  200
[2025-06-30T04:56:53.890+0000] {logging_mixin.py:188} INFO - category ::  History
[2025-06-30T04:56:53.891+0000] {logging_mixin.py:188} INFO - cat_pg_link ::  https://books.toscrape.com/catalogue/category/books/history_32/index.html
[2025-06-30T04:56:54.184+0000] {logging_mixin.py:188} INFO - CODE ::  200
[2025-06-30T04:56:54.214+0000] {logging_mixin.py:188} INFO - blocks ::  18
[2025-06-30T04:56:54.485+0000] {logging_mixin.py:188} INFO - CODE ::  200
[2025-06-30T04:56:54.797+0000] {logging_mixin.py:188} INFO - CODE ::  200
[2025-06-30T04:56:55.093+0000] {logging_mixin.py:188} INFO - CODE ::  200
[2025-06-30T04:56:55.386+0000] {logging_mixin.py:188} INFO - CODE ::  200
[2025-06-30T04:56:55.684+0000] {logging_mixin.py:188} INFO - CODE ::  200
[2025-06-30T04:56:56.015+0000] {logging_mixin.py:188} INFO - CODE ::  200
[2025-06-30T04:56:56.325+0000] {logging_mixin.py:188} INFO - CODE ::  200
[2025-06-30T04:56:56.615+0000] {logging_mixin.py:188} INFO - CODE ::  200
[2025-06-30T04:56:56.938+0000] {logging_mixin.py:188} INFO - CODE ::  200
[2025-06-30T04:56:57.246+0000] {logging_mixin.py:188} INFO - CODE ::  200
[2025-06-30T04:56:57.551+0000] {logging_mixin.py:188} INFO - CODE ::  200
[2025-06-30T04:56:57.858+0000] {logging_mixin.py:188} INFO - CODE ::  200
[2025-06-30T04:56:58.168+0000] {logging_mixin.py:188} INFO - CODE ::  200
[2025-06-30T04:56:58.564+0000] {logging_mixin.py:188} INFO - CODE ::  200
[2025-06-30T04:56:58.882+0000] {logging_mixin.py:188} INFO - CODE ::  200
[2025-06-30T04:56:59.293+0000] {logging_mixin.py:188} INFO - CODE ::  200
[2025-06-30T04:56:59.599+0000] {logging_mixin.py:188} INFO - CODE ::  200
[2025-06-30T04:56:59.904+0000] {logging_mixin.py:188} INFO - CODE ::  200
[2025-06-30T04:56:59.926+0000] {logging_mixin.py:188} INFO - category ::  Biography
[2025-06-30T04:56:59.928+0000] {logging_mixin.py:188} INFO - cat_pg_link ::  https://books.toscrape.com/catalogue/category/books/biography_36/index.html
[2025-06-30T04:57:00.215+0000] {logging_mixin.py:188} INFO - CODE ::  200
[2025-06-30T04:57:00.231+0000] {logging_mixin.py:188} INFO - blocks ::  5
[2025-06-30T04:57:00.518+0000] {logging_mixin.py:188} INFO - CODE ::  200
[2025-06-30T04:57:00.825+0000] {logging_mixin.py:188} INFO - CODE ::  200
[2025-06-30T04:57:01.114+0000] {logging_mixin.py:188} INFO - CODE ::  200
[2025-06-30T04:57:01.408+0000] {logging_mixin.py:188} INFO - CODE ::  200
[2025-06-30T04:57:01.748+0000] {logging_mixin.py:188} INFO - CODE ::  200
[2025-06-30T04:57:01.762+0000] {logging_mixin.py:188} INFO - category ::  Contemporary
[2025-06-30T04:57:01.764+0000] {logging_mixin.py:188} INFO - cat_pg_link ::  https://books.toscrape.com/catalogue/category/books/contemporary_38/index.html
[2025-06-30T04:57:02.032+0000] {logging_mixin.py:188} INFO - CODE ::  200
[2025-06-30T04:57:02.060+0000] {logging_mixin.py:188} INFO - blocks ::  3
[2025-06-30T04:57:02.332+0000] {logging_mixin.py:188} INFO - CODE ::  200
[2025-06-30T04:57:02.621+0000] {logging_mixin.py:188} INFO - CODE ::  200
[2025-06-30T04:57:02.902+0000] {logging_mixin.py:188} INFO - CODE ::  200
[2025-06-30T04:57:02.923+0000] {logging_mixin.py:188} INFO - category ::  Spirituality
[2025-06-30T04:57:02.925+0000] {logging_mixin.py:188} INFO - cat_pg_link ::  https://books.toscrape.com/catalogue/category/books/spirituality_39/index.html
[2025-06-30T04:57:03.289+0000] {logging_mixin.py:188} INFO - CODE ::  200
[2025-06-30T04:57:03.318+0000] {logging_mixin.py:188} INFO - blocks ::  6
[2025-06-30T04:57:03.693+0000] {logging_mixin.py:188} INFO - CODE ::  200
[2025-06-30T04:57:03.980+0000] {logging_mixin.py:188} INFO - CODE ::  200
[2025-06-30T04:57:04.307+0000] {logging_mixin.py:188} INFO - CODE ::  200
[2025-06-30T04:57:04.616+0000] {logging_mixin.py:188} INFO - CODE ::  200
[2025-06-30T04:57:05.035+0000] {logging_mixin.py:188} INFO - CODE ::  200
[2025-06-30T04:57:05.447+0000] {logging_mixin.py:188} INFO - CODE ::  200
[2025-06-30T04:57:05.490+0000] {logging_mixin.py:188} INFO - title                  object
price                 float64
availability           object
availability_count      int64
star_rating           float64
description            object
upc                    object
product_type           object
number_of_reviews       int64
image_url              object
book_link              object
category_name          object
dtype: object
[2025-06-30T04:57:05.528+0000] {python.py:237} INFO - Done. Returned value was: None
[2025-06-30T04:57:05.530+0000] {taskinstance.py:441} INFO - ::group::Post task execution logs
[2025-06-30T04:57:05.548+0000] {taskinstance.py:1206} INFO - Marking task as SUCCESS. dag_id=mysql_dag, task_id=scrape_books, run_id=manual__2025-06-30T04:56:04.614067+00:00, execution_date=20250630T045604, start_date=20250630T045606, end_date=20250630T045705
[2025-06-30T04:57:05.596+0000] {local_task_job_runner.py:240} INFO - Task exited with return code 0
[2025-06-30T04:57:05.617+0000] {logging_mixin.py:188} WARNING - /home/***/.local/lib/python3.10/site-packages/***/models/baseoperator.py:1297 AirflowProviderDeprecationWarning: Call to deprecated class MySqlOperator. (Please use `***.providers.common.sql.operators.sql.SQLExecuteQueryOperator`.Also, you can provide `hook_params={'schema': <database>}`.)
[2025-06-30T04:57:05.642+0000] {taskinstance.py:3503} INFO - 1 downstream tasks scheduled from follow-on schedule check
[2025-06-30T04:57:05.648+0000] {local_task_job_runner.py:222} INFO - ::endgroup::
