[2025-06-30T06:15:44.978+0000] {local_task_job_runner.py:120} INFO - ::group::Pre task execution logs
[2025-06-30T06:15:45.174+0000] {taskinstance.py:2076} INFO - Dependencies all met for dep_context=non-requeueable deps ti=<TaskInstance: mysql_dag.check_price_diff manual__2025-06-30T06:15:40.991663+00:00 [queued]>
[2025-06-30T06:15:45.188+0000] {taskinstance.py:2076} INFO - Dependencies all met for dep_context=requeueable deps ti=<TaskInstance: mysql_dag.check_price_diff manual__2025-06-30T06:15:40.991663+00:00 [queued]>
[2025-06-30T06:15:45.189+0000] {taskinstance.py:2306} INFO - Starting attempt 1 of 2
[2025-06-30T06:15:45.209+0000] {taskinstance.py:2330} INFO - Executing <Task(PythonOperator): check_price_diff> on 2025-06-30 06:15:40.991663+00:00
[2025-06-30T06:15:45.217+0000] {standard_task_runner.py:63} INFO - Started process 1328 to run task
[2025-06-30T06:15:45.222+0000] {standard_task_runner.py:90} INFO - Running: ['***', 'tasks', 'run', 'mysql_dag', 'check_price_diff', 'manual__2025-06-30T06:15:40.991663+00:00', '--job-id', '86', '--raw', '--subdir', 'DAGS_FOLDER/mysql.py', '--cfg-path', '/tmp/tmpnujy8dk4']
[2025-06-30T06:15:45.228+0000] {standard_task_runner.py:91} INFO - Job 86: Subtask check_price_diff
[2025-06-30T06:15:45.263+0000] {logging_mixin.py:188} WARNING - /home/***/.local/lib/python3.10/site-packages/***/settings.py:195 DeprecationWarning: The sql_alchemy_conn option in [core] has been moved to the sql_alchemy_conn option in [database] - the old setting has been used, but please update your config.
[2025-06-30T06:15:45.331+0000] {task_command.py:426} INFO - Running <TaskInstance: mysql_dag.check_price_diff manual__2025-06-30T06:15:40.991663+00:00 [running]> on host 76cdd04f4df6
[2025-06-30T06:15:45.537+0000] {taskinstance.py:2648} INFO - Exporting env vars: AIRFLOW_CTX_DAG_OWNER='Karthik' AIRFLOW_CTX_DAG_ID='mysql_dag' AIRFLOW_CTX_TASK_ID='check_price_diff' AIRFLOW_CTX_EXECUTION_DATE='2025-06-30T06:15:40.991663+00:00' AIRFLOW_CTX_TRY_NUMBER='1' AIRFLOW_CTX_DAG_RUN_ID='manual__2025-06-30T06:15:40.991663+00:00'
[2025-06-30T06:15:45.540+0000] {taskinstance.py:430} INFO - ::endgroup::
[2025-06-30T06:15:45.681+0000] {logging_mixin.py:188} INFO - (1, 'Sharp Objects', Decimal('29.00'))
[2025-06-30T06:15:45.682+0000] {logging_mixin.py:188} INFO - (2, 'In a Dark, Dark Wood', Decimal('22.00'))
[2025-06-30T06:15:45.684+0000] {logging_mixin.py:188} INFO - (5, 'The Murder of Roger Ackroyd (Hercule Poirot #4)', Decimal('27.00'))
[2025-06-30T06:15:45.686+0000] {logging_mixin.py:188} INFO - (6, 'The Last Mile (Amos Decker #2)', Decimal('15.00'))
[2025-06-30T06:15:45.687+0000] {logging_mixin.py:188} INFO - (8, 'Tastes Like Fear (DI Marnie Rome #3)', Decimal('11.00'))
[2025-06-30T06:15:45.689+0000] {logging_mixin.py:188} INFO - (18, 'What Happened on Beale Street (Secrets of the South Mysteries #2)', Decimal('17.00'))
[2025-06-30T06:15:45.690+0000] {logging_mixin.py:188} INFO - (19, "The Bachelor Girl's Guide to Murder (Herringford and Watts Mysteries #1)", Decimal('11.00'))
[2025-06-30T06:15:45.692+0000] {logging_mixin.py:188} INFO - (23, 'The Silkworm (Cormoran Strike #2)', Decimal('21.00'))
[2025-06-30T06:15:45.693+0000] {logging_mixin.py:188} INFO - (24, 'The Exiled', Decimal('12.00'))
[2025-06-30T06:15:45.694+0000] {logging_mixin.py:188} INFO - (29, 'The Girl You Lost', Decimal('23.00'))
[2025-06-30T06:15:45.697+0000] {python.py:237} INFO - Done. Returned value was: None
[2025-06-30T06:15:45.700+0000] {taskinstance.py:441} INFO - ::group::Post task execution logs
[2025-06-30T06:15:45.719+0000] {taskinstance.py:1206} INFO - Marking task as SUCCESS. dag_id=mysql_dag, task_id=check_price_diff, run_id=manual__2025-06-30T06:15:40.991663+00:00, execution_date=20250630T061540, start_date=20250630T061545, end_date=20250630T061545
[2025-06-30T06:15:45.758+0000] {local_task_job_runner.py:240} INFO - Task exited with return code 0
[2025-06-30T06:15:45.789+0000] {taskinstance.py:3503} INFO - 0 downstream tasks scheduled from follow-on schedule check
[2025-06-30T06:15:45.817+0000] {local_task_job_runner.py:222} INFO - ::endgroup::
